5813
7 16
7 17
7 18
7 19
7 20
7 21
7 22
7 23
7 24
7 25
7 26
7 27
7 28
7 29
7 30
7 31
7 32
7 33
7 34
7 35
7 36
7 37
7 38
7 39
7 40
7 41
7 42
7 43
7 44
7 45
7 46
7 47
7 48
7 49
7 50
7 51
7 52
7 53
7 54
7 55
7 56
7 57
8 16
9 16
10 16
11 16
11 349
11 350
11 351
11 352
11 353
11 354
11 355
11 356
11 357
11 358
11 359
11 360
11 361
11 362
11 363
11 364
11 365
11 366
11 367
11 368
11 369
11 370
11 371
11 372
11 373
11 374
11 375
11 376
11 377
11 378
11 379
11 380
11 381
11 382
11 383
11 384
11 385
11 386
11 387
11 388
12 16
12 349
12 401
12 402
12 403
12 404
12 405
12 406
12 407
12 408
12 409
12 410
12 411
12 412
12 413
12 414
12 415
12 416
12 417
12 418
12 419
12 420
12 421
12 422
12 423
12 424
12 425
12 426
12 427
12 428
12 429
12 430
12 431
12 432
12 433
12 434
12 435
12 436
12 437
12 438
12 439
12 440
12 441
12 442
12 443
12 444
12 445
12 446
12 447
12 448
12 449
12 450
12 451
12 452
12 453
12 454
12 455
12 456
12 457
12 458
12 459
12 460
12 461
12 462
12 463
12 464
12 465
12 466
12 467
12 468
12 469
12 470
12 471
12 472
12 473
12 474
12 475
12 476
12 477
12 478
12 479
12 480
12 481
12 482
12 483
12 484
12 485
12 486
12 487
12 488
12 489
12 490
12 491
12 492
12 493
12 494
12 495
12 496
12 497
12 498
12 499
12 500
12 501
12 502
12 503
12 504
12 505
12 506
12 507
12 508
12 509
12 510
12 511
12 512
12 513
12 514
12 515
12 516
12 517
12 518
12 519
12 520
12 521
12 522
12 523
13 16
13 349
13 401
14 16
14 349
14 401
14 540
14 541
14 542
14 543
14 544
14 545
14 546
14 547
14 548
14 549
14 550
14 551
14 552
14 553
14 554
14 555
14 556
14 557
14 558
14 559
14 560
14 561
14 562
14 563
14 564
14 565
14 566
14 567
14 568
14 569
14 570
14 571
14 572
14 573
14 574
15 16
15 349
15 401
15 540
16 349
16 401
16 540
17 349
17 401
17 540
18 349
18 401
18 540
19 349
19 401
19 540
20 349
20 401
20 540
21 349
21 401
21 540
22 11
22 12
22 13
22 14
22 15
22 16
22 17
22 18
22 349
22 401
22 540
23 11
23 349
23 401
23 540
24 11
24 349
24 401
24 540
25 11
25 30
25 31
25 32
25 33
25 34
25 35
25 36
25 37
25 38
25 39
25 40
25 41
25 42
25 43
25 44
25 45
25 46
25 47
25 48
25 49
25 50
25 51
25 52
25 53
25 54
25 55
25 56
25 57
25 58
25 59
25 60
25 61
25 62
25 63
25 64
25 65
25 66
25 67
25 68
25 69
25 70
25 71
25 72
25 73
25 74
25 75
25 76
25 77
25 78
25 79
25 80
25 81
25 82
25 83
25 84
25 85
25 86
25 87
25 88
25 89
25 90
25 91
25 92
25 93
25 94
25 95
25 96
25 97
25 98
25 99
25 100
25 101
25 102
25 103
25 104
25 105
25 106
25 107
25 108
25 109
25 110
25 111
25 112
25 113
25 114
25 115
25 116
25 117
25 118
25 119
25 120
25 121
25 122
25 123
25 124
25 125
25 126
25 127
25 128
25 129
25 130
25 131
25 132
25 133
25 134
25 135
25 136
25 137
25 138
25 139
25 140
25 141
25 142
25 143
25 144
25 145
25 146
25 147
25 148
25 149
25 150
25 151
25 152
25 153
25 154
25 155
25 156
25 157
25 158
25 159
25 160
25 161
25 162
25 163
25 164
25 165
25 166
25 167
25 168
25 169
25 170
25 171
25 172
25 173
25 174
25 175
25 176
25 177
25 178
25 179
25 180
25 181
25 182
25 183
25 184
25 185
25 186
25 187
25 188
25 189
25 190
25 191
25 192
25 193
25 194
25 195
25 196
25 197
25 198
25 199
25 200
25 201
25 202
25 203
25 204
25 205
25 206
25 207
25 208
25 209
25 210
25 211
25 212
25 213
25 214
25 215
25 216
25 217
25 218
25 219
25 220
25 221
25 222
25 223
25 224
25 225
25 226
25 227
25 228
25 229
25 230
25 231
25 232
25 233
25 234
25 235
25 236
25 237
25 238
25 239
25 240
25 241
25 242
25 243
25 244
25 245
25 246
25 247
25 248
25 249
25 250
25 251
25 252
25 253
25 254
25 255
25 256
25 257
25 258
25 259
25 260
25 261
25 262
25 263
25 264
25 265
25 266
25 267
25 268
25 269
25 270
25 271
25 272
25 273
25 274
25 275
25 276
25 277
25 278
25 279
25 280
25 281
25 282
25 283
25 284
25 285
25 286
25 287
25 288
25 289
25 290
25 291
25 292
25 293
25 294
25 295
25 296
25 297
25 298
25 299
25 300
25 301
25 302
25 303
25 304
25 305
25 306
25 307
25 308
25 309
25 310
25 311
25 312
25 313
25 314
25 315
25 316
25 317
25 318
25 319
25 320
25 321
25 322
25 323
25 324
25 325
25 326
25 327
25 328
25 329
25 330
25 331
25 332
25 333
25 334
25 335
25 336
25 349
25 401
25 540
26 11
26 30
26 349
26 401
26 540
27 11
27 30
27 349
27 401
27 540
28 11
28 30
28 349
28 401
28 540
29 11
29 30
29 349
29 401
29 540
30 11
30 30
30 349
30 401
30 540
31 11
31 30
31 349
31 401
31 540
32 11
32 30
32 349
32 401
32 540
33 11
33 30
33 401
33 540
34 11
34 30
34 401
34 540
35 11
35 30
35 401
35 540
36 11
36 30
36 401
36 540
37 11
37 30
37 401
37 540
38 11
38 30
38 401
39 11
39 30
39 401
40 30
40 401
41 30
41 349
41 350
41 351
41 352
41 353
41 354
41 355
41 356
41 357
41 358
41 359
41 360
41 361
41 362
41 363
41 364
41 365
41 366
41 367
41 368
41 369
41 370
41 371
41 372
41 373
41 374
41 375
41 376
41 377
41 378
41 379
41 380
41 381
41 382
41 383
41 384
41 385
41 386
41 387
41 388
41 401
42 30
42 349
42 401
43 30
43 349
43 401
44 30
44 349
44 401
45 30
45 349
45 401
46 30
46 349
46 401
47 30
47 349
47 401
48 30
48 349
48 401
48 538
48 539
48 540
48 541
48 542
48 543
48 544
49 30
49 349
49 401
49 538
50 30
50 349
50 401
50 538
51 30
51 349
51 401
51 538
52 30
52 349
52 401
52 538
53 30
53 349
53 401
53 538
54 30
54 349
54 401
54 538
55 30
55 349
55 401
55 538
56 30
56 349
56 401
56 538
57 30
57 349
57 401
57 538
58 30
58 349
58 401
58 538
59 30
59 349
59 401
59 538
60 30
60 349
60 401
60 538
61 30
61 349
61 401
61 538
62 30
62 349
62 401
62 538
63 30
63 401
63 538
64 30
64 401
64 538
65 30
65 401
65 538
66 30
66 401
66 538
67 30
67 401
67 538
67 558
67 559
67 560
67 561
67 562
67 563
67 564
67 565
67 566
67 567
67 568
67 569
67 570
67 571
68 30
68 401
68 538
68 558
69 9
69 10
69 11
69 12
69 13
69 14
69 15
69 16
69 17
69 18
69 30
69 401
69 538
69 558
70 9
70 30
70 379
70 380
70 381
70 382
70 383
70 384
70 385
70 401
70 538
70 558
71 9
71 30
71 361
71 362
71 363
71 364
71 365
71 366
71 367
71 368
71 379
71 401
71 538
71 558
72 9
72 30
72 349
72 361
72 379
72 401
72 538
72 558
73 9
73 30
73 349
73 361
73 379
73 401
73 538
73 558
74 9
74 30
74 349
74 361
74 379
74 401
74 538
74 558
75 9
75 30
75 349
75 361
75 379
75 401
75 538
75 558
76 9
76 30
76 349
76 361
76 379
76 401
76 538
76 558
77 9
77 30
77 349
77 361
77 379
77 401
77 538
77 558
78 9
78 30
78 349
78 361
78 379
78 401
78 538
78 558
79 9
79 30
79 349
79 361
79 379
79 401
79 538
79 558
80 9
80 30
80 349
80 361
80 379
80 401
80 538
80 558
81 9
81 30
81 349
81 361
81 379
81 401
81 538
81 558
82 9
82 30
82 349
82 361
82 379
82 401
82 538
82 558
83 9
83 30
83 349
83 361
83 379
83 401
83 538
83 558
84 9
84 30
84 349
84 361
84 379
84 401
84 538
84 558
85 9
85 30
85 349
85 361
85 379
85 401
85 538
85 558
86 9
86 30
86 349
86 361
86 379
86 401
86 538
86 558
87 9
87 30
87 349
87 361
87 379
87 401
87 538
87 558
88 9
88 30
88 349
88 361
88 379
88 401
88 538
88 558
89 9
89 30
89 349
89 361
89 379
89 401
89 538
89 558
90 9
90 30
90 349
90 361
90 379
90 401
90 538
90 558
91 9
91 30
91 349
91 361
91 379
91 401
91 538
91 558
92 30
92 349
92 361
92 379
92 401
92 538
92 558
93 30
93 349
93 361
93 379
93 401
93 538
93 558
94 30
94 349
94 361
94 379
94 401
94 538
94 558
95 30
95 349
95 361
95 379
95 401
95 538
95 558
96 30
96 349
96 361
96 379
96 401
96 538
96 558
97 30
97 349
97 361
97 379
97 401
97 538
97 558
98 30
98 349
98 361
98 379
98 401
98 538
98 558
99 30
99 349
99 361
99 379
99 401
99 538
99 558
100 30
100 349
100 361
100 379
100 401
100 538
100 558
101 30
101 349
101 361
101 379
101 401
101 538
101 558
102 30
102 349
102 361
102 379
102 401
102 538
102 558
103 30
103 361
103 379
103 401
103 538
103 558
104 30
104 361
104 379
104 401
104 538
104 558
105 30
105 379
105 401
105 538
105 558
106 30
106 401
106 538
106 558
107 30
107 401
107 538
107 558
108 30
108 401
108 538
108 558
109 30
109 401
109 538
109 558
110 30
110 401
110 538
110 558
111 30
111 401
111 538
111 558
112 30
112 401
112 538
112 558
113 30
113 401
113 538
113 558
114 30
114 401
114 538
114 558
115 30
115 353
115 354
115 355
115 356
115 357
115 358
115 359
115 360
115 361
115 362
115 363
115 364
115 365
115 366
115 367
115 368
115 369
115 370
115 371
115 372
115 373
115 374
115 375
115 376
115 377
115 378
115 379
115 380
115 381
115 382
115 383
115 384
115 385
115 386
115 387
115 388
115 389
115 390
115 391
115 401
115 538
115 558
116 30
116 353
116 401
116 538
116 558
117 30
117 353
117 401
117 538
117 558
118 11
118 12
118 13
118 14
118 15
118 16
118 17
118 18
118 19
118 20
118 21
118 30
118 353
118 401
118 538
118 558
119 11
119 30
119 353
119 401
119 538
119 558
120 11
120 30
120 353
120 401
120 538
120 558
121 11
121 30
121 353
121 401
121 538
121 558
122 11
122 30
122 353
122 401
122 538
122 558
123 11
123 30
123 353
123 401
123 538
123 558
124 11
124 30
124 353
124 401
124 538
124 558
125 11
125 30
125 353
125 401
125 538
125 558
126 11
126 30
126 353
126 401
126 538
126 558
127 30
127 353
127 401
127 538
127 558
128 30
128 353
128 401
128 538
128 558
129 30
129 353
129 401
129 538
129 558
130 30
130 353
130 401
130 538
130 558
131 30
131 353
131 401
131 538
131 558
132 30
132 353
132 401
132 538
132 558
133 30
133 353
133 401
133 538
133 558
134 30
134 353
134 401
134 538
134 558
135 30
135 353
135 401
135 538
135 558
136 30
136 353
136 401
136 538
136 558
137 30
137 353
137 401
137 538
137 558
138 30
138 353
138 401
138 538
138 558
139 30
139 353
139 401
139 538
139 558
140 30
140 353
140 401
140 538
140 558
141 30
141 353
141 401
141 538
141 558
142 30
142 353
142 401
142 538
142 558
143 30
143 353
143 401
143 538
143 558
144 353
144 401
144 538
144 558
145 353
145 401
145 538
145 558
146 353
146 401
146 538
146 558
147 353
147 401
147 538
147 558
148 353
148 401
148 538
148 558
149 353
149 401
149 538
149 558
150 353
150 401
150 538
150 558
151 188
151 189
151 190
151 353
151 401
151 538
151 558
152 188
152 353
152 401
152 538
152 558
153 188
153 353
153 401
153 538
153 558
154 353
154 401
154 538
154 558
155 155
155 156
155 157
155 158
155 159
155 160
155 161
155 162
155 163
155 353
155 401
155 538
155 558
156 155
156 353
156 401
156 538
156 558
157 155
157 353
157 401
157 538
157 558
158 155
158 353
158 401
158 538
158 558
159 155
159 202
159 203
159 204
159 205
159 206
159 207
159 208
159 209
159 210
159 211
159 212
159 213
159 214
159 215
159 216
159 217
159 218
159 219
159 220
159 221
159 222
159 223
159 224
159 225
159 226
159 227
159 228
159 229
159 230
159 231
159 232
159 233
159 234
159 235
159 236
159 237
159 238
159 239
159 240
159 241
159 242
159 243
159 244
159 245
159 246
159 247
159 248
159 249
159 250
159 251
159 252
159 253
159 254
159 255
159 256
159 257
159 258
159 259
159 260
159 261
159 262
159 263
159 264
159 265
159 266
159 267
159 268
159 269
159 270
159 271
159 272
159 273
159 274
159 275
159 276
159 277
159 278
159 279
159 280
159 281
159 282
159 283
159 284
159 285
159 286
159 287
159 288
159 289
159 290
159 291
159 292
159 293
159 294
159 295
159 296
159 297
159 298
159 299
159 300
159 301
159 302
159 303
159 304
159 305
159 306
159 307
159 308
159 309
159 310
159 311
159 312
159 313
159 314
159 315
159 316
159 317
159 318
159 319
159 320
159 321
159 322
159 323
159 324
159 325
159 353
159 401
159 538
159 558
160 155
160 202
160 353
160 401
160 538
160 558
161 155
161 179
161 180
161 181
161 182
161 202
161 334
161 335
161 336
161 337
161 338
161 339
161 340
161 341
161 342
161 343
161 344
161 353
161 401
161 538
161 558
162 155
162 179
162 202
162 334
162 353
162 401
162 538
162 558
163 155
163 179
163 202
163 334
163 353
163 401
163 538
163 558
164 155
164 179
164 202
164 334
164 353
164 401
164 538
164 558
165 155
165 179
165 202
165 334
165 353
165 401
165 538
165 558
166 33
166 34
166 35
166 36
166 37
166 38
166 39
166 40
166 41
166 42
166 43
166 44
166 45
166 46
166 47
166 48
166 49
166 50
166 51
166 52
166 53
166 54
166 55
166 56
166 57
166 58
166 59
166 60
166 61
166 62
166 63
166 64
166 65
166 66
166 67
166 68
166 69
166 70
166 71
166 72
166 73
166 74
166 75
166 76
166 77
166 78
166 79
166 80
166 81
166 82
166 83
166 84
166 85
166 86
166 87
166 88
166 89
166 90
166 91
166 92
166 93
166 94
166 95
166 96
166 97
166 98
166 99
166 100
166 101
166 102
166 103
166 104
166 105
166 106
166 107
166 108
166 109
166 110
166 111
166 112
166 113
166 114
166 115
166 116
166 117
166 118
166 119
166 120
166 121
166 122
166 123
166 124
166 125
166 126
166 127
166 128
166 129
166 130
166 131
166 132
166 133
166 134
166 135
166 136
166 137
166 138
166 139
166 140
166 141
166 142
166 143
166 144
166 155
166 179
166 202
166 334
166 353
166 401
166 538
166 558
167 33
167 179
167 202
167 353
167 401
167 538
167 558
168 33
168 179
168 202
168 353
168 401
168 538
168 558
169 33
169 179
169 202
169 353
169 401
169 538
169 558
170 33
170 179
170 202
170 353
170 401
170 538
170 558
171 6
171 7
171 8
171 9
171 10
171 11
171 12
171 13
171 14
171 15
171 16
171 17
171 18
171 19
171 20
171 21
171 22
171 23
171 24
171 25
171 33
171 159
171 160
171 161
171 162
171 179
171 202
171 353
171 401
171 538
171 558
172 6
172 33
172 159
172 179
172 202
172 353
172 401
172 538
172 558
173 6
173 33
173 179
173 202
173 353
173 401
173 538
173 558
174 6
174 33
174 179
174 188
174 189
174 190
174 191
174 202
174 353
174 401
174 538
174 558
175 6
175 33
175 179
175 188
175 202
175 353
175 401
175 538
175 558
176 6
176 33
176 179
176 188
176 202
176 353
176 401
176 538
176 558
177 6
177 33
177 179
177 188
177 202
177 353
177 401
177 538
177 558
178 6
178 33
178 179
178 188
178 202
178 353
178 401
178 538
178 558
179 6
179 33
179 188
179 202
179 353
179 401
179 538
179 558
180 6
180 33
180 188
180 202
180 353
180 401
180 538
180 558
181 6
181 33
181 157
181 158
181 159
181 160
181 161
181 162
181 163
181 164
181 165
181 166
181 188
181 202
181 338
181 339
181 340
181 341
181 342
181 343
181 344
181 353
181 401
181 538
181 558
182 33
182 157
182 188
182 202
182 338
182 353
182 401
182 538
182 558
183 33
183 157
183 188
183 202
183 338
183 353
183 401
183 538
183 558
184 33
184 157
184 188
184 202
184 338
184 353
184 401
184 538
184 558
185 33
185 157
185 188
185 202
185 338
185 353
185 401
185 538
185 558
186 33
186 188
186 202
186 338
186 353
186 401
186 538
186 558
187 33
187 188
187 202
187 338
187 353
187 401
187 538
187 558
188 33
188 188
188 202
188 338
188 353
188 401
188 538
188 558
189 33
189 188
189 202
189 353
189 401
189 538
189 558
190 33
190 174
190 175
190 176
190 177
190 178
190 188
190 202
190 353
190 401
190 538
190 558
191 33
191 174
191 188
191 202
191 353
191 401
191 538
191 558
192 33
192 174
192 188
192 202
192 353
192 401
192 538
192 558
193 33
193 174
193 188
193 202
193 401
193 538
193 558
194 33
194 174
194 188
194 202
194 401
194 538
194 558
195 33
195 174
195 188
195 202
195 401
195 538
195 558
196 33
196 174
196 202
196 401
196 538
196 558
197 33
197 157
197 158
197 159
197 160
197 161
197 162
197 163
197 202
197 401
197 538
197 558
198 33
198 157
198 202
198 401
198 538
198 558
199 33
199 157
199 202
199 401
199 538
199 558
200 33
200 157
200 202
200 401
200 538
200 558
201 33
201 157
201 202
201 401
201 538
201 558
202 33
202 157
202 401
202 538
202 558
203 33
203 157
203 401
203 538
203 558
204 33
204 157
204 332
204 333
204 334
204 335
204 336
204 337
204 338
204 339
204 340
204 341
204 363
204 364
204 365
204 366
204 367
204 368
204 369
204 370
204 371
204 372
204 373
204 374
204 375
204 376
204 377
204 378
204 379
204 380
204 381
204 382
204 383
204 384
204 385
204 386
204 387
204 401
204 538
204 558
205 33
205 157
205 332
205 363
205 401
205 538
205 558
206 33
206 157
206 181
206 182
206 183
206 184
206 185
206 186
206 332
206 363
206 401
206 538
206 558
207 33
207 157
207 181
207 332
207 363
207 401
207 538
207 558
208 11
208 12
208 13
208 14
208 15
208 16
208 17
208 18
208 19
208 20
208 33
208 157
208 181
208 332
208 363
208 401
208 538
208 558
209 11
209 33
209 157
209 181
209 332
209 401
209 538
209 558
210 11
210 33
210 157
210 401
210 538
210 558
211 11
211 33
211 157
211 401
211 538
211 558
212 11
212 33
212 157
212 401
212 538
212 558
213 11
213 33
213 157
213 401
213 538
213 558
214 11
214 33
214 157
214 401
214 538
214 558
215 11
215 33
215 157
215 401
215 538
215 558
216 11
216 33
216 157
216 401
216 538
216 558
217 11
217 33
217 157
217 401
217 538
217 558
218 11
218 33
218 157
218 174
218 175
218 176
218 177
218 178
218 179
218 180
218 181
218 182
218 183
218 184
218 185
218 186
218 187
218 188
218 189
218 190
218 191
218 192
218 193
218 194
218 195
218 196
218 197
218 198
218 199
218 200
218 201
218 202
218 203
218 204
218 205
218 206
218 207
218 208
218 209
218 210
218 211
218 212
218 213
218 214
218 215
218 216
218 217
218 218
218 219
218 220
218 221
218 222
218 223
218 224
218 225
218 226
218 227
218 228
218 229
218 230
218 231
218 232
218 233
218 234
218 235
218 236
218 237
218 238
218 239
218 240
218 241
218 242
218 243
218 244
218 245
218 246
218 247
218 248
218 249
218 250
218 251
218 252
218 253
218 254
218 255
218 256
218 257
218 258
218 259
218 260
218 261
218 262
218 263
218 264
218 265
218 266
218 267
218 268
218 269
218 270
218 271
218 272
218 273
218 274
218 275
218 276
218 277
218 278
218 279
218 280
218 281
218 282
218 283
218 284
218 285
218 286
218 287
218 288
218 289
218 290
218 291
218 292
218 293
218 294
218 295
218 296
218 297
218 298
218 299
218 300
218 301
218 302
218 303
218 304
218 305
218 306
218 307
218 308
218 309
218 310
218 311
218 312
218 313
218 314
218 315
218 316
218 317
218 318
218 319
218 320
218 321
218 322
218 323
218 324
218 325
218 326
218 327
218 328
218 329
218 330
218 331
218 332
218 333
218 334
218 335
218 336
218 337
218 338
218 339
218 340
218 341
218 342
218 343
218 344
218 345
218 346
218 347
218 348
218 349
218 350
218 351
218 352
218 353
218 354
218 355
218 356
218 357
218 358
218 359
218 360
218 361
218 362
218 363
218 364
218 365
218 366
218 367
218 368
218 369
218 370
218 371
218 372
218 373
218 374
218 375
218 376
218 377
218 378
218 379
218 380
218 381
218 382
218 383
218 384
218 385
218 386
218 387
218 401
218 538
218 558
219 11
219 33
219 157
219 174
219 401
219 538
219 558
220 11
220 33
220 157
220 174
220 401
220 538
220 558
221 11
221 33
221 157
221 174
221 401
221 538
221 558
222 11
222 33
222 157
222 174
222 401
222 538
222 558
223 11
223 33
223 157
223 174
223 401
223 538
223 558
224 11
224 33
224 157
224 174
224 401
224 538
224 558
225 11
225 33
225 157
225 174
225 401
225 538
225 558
226 11
226 33
226 157
226 174
226 401
226 538
226 558
227 11
227 33
227 157
227 174
227 401
227 538
227 558
228 11
228 33
228 174
228 401
228 538
228 558
229 33
229 174
229 401
229 538
229 558
230 33
230 174
230 401
230 538
230 558
231 33
231 174
231 401
231 538
231 558
232 33
232 174
232 401
232 538
232 558
233 33
233 174
233 401
233 538
233 558
234 33
234 174
234 401
234 538
234 558
235 33
235 174
235 401
235 538
235 558
236 33
236 174
236 401
236 538
236 558
237 33
237 174
237 401
237 538
237 558
238 33
238 174
238 401
238 538
238 558
239 33
239 174
239 401
239 538
239 558
240 33
240 174
240 401
240 538
240 558
241 33
241 174
241 401
241 538
241 558
242 33
242 174
242 401
242 538
242 558
243 33
243 174
243 401
243 538
243 558
244 33
244 174
244 401
244 538
244 558
245 33
245 174
245 401
245 538
245 558
246 33
246 174
246 401
246 538
246 558
247 33
247 174
247 401
247 538
247 558
248 33
248 174
248 401
248 538
248 558
249 33
249 154
249 155
249 156
249 157
249 158
249 159
249 174
249 401
249 538
249 558
250 33
250 174
250 401
250 538
250 558
251 33
251 174
251 401
251 538
251 558
252 33
252 174
252 401
252 538
252 558
253 33
253 174
253 401
253 538
253 558
254 33
254 174
254 401
254 538
254 558
255 33
255 174
255 401
255 538
255 558
256 33
256 174
256 401
256 538
256 558
257 33
257 174
257 401
257 538
257 558
258 33
258 174
258 401
258 538
258 558
259 33
259 174
259 401
259 538
259 558
260 33
260 174
260 401
260 538
260 558
261 33
261 174
261 401
261 538
261 558
262 33
262 174
262 401
262 538
262 558
263 33
263 174
263 401
263 538
263 558
264 33
264 174
264 401
264 538
264 558
265 33
265 155
265 156
265 157
265 158
265 159
265 160
265 174
265 401
265 538
265 558
266 33
266 155
266 174
266 401
266 538
266 558
267 33
267 155
267 174
267 401
267 538
267 558
268 33
268 155
268 174
268 401
268 538
268 558
269 33
269 155
269 174
269 401
269 538
269 558
270 33
270 174
270 401
270 538
270 558
271 33
271 174
271 401
271 538
271 558
272 33
272 174
272 401
272 538
272 558
273 33
273 174
273 401
273 538
273 558
274 33
274 174
274 401
274 538
274 558
275 33
275 174
275 401
275 538
275 558
276 33
276 174
276 401
276 538
276 558
277 13
277 14
277 15
277 16
277 33
277 174
277 401
277 538
277 558
278 13
278 33
278 174
278 401
278 538
278 558
279 13
279 33
279 174
279 401
279 538
279 558
280 13
280 33
280 174
280 401
280 538
280 558
281 13
281 33
281 174
281 401
281 538
281 558
282 13
282 33
282 174
282 401
282 538
282 558
283 13
283 33
283 174
283 401
283 538
283 558
284 13
284 33
284 174
284 401
284 538
284 558
285 13
285 33
285 174
285 538
285 558
286 13
286 33
286 174
286 538
286 558
287 13
287 33
287 174
287 538
287 558
288 13
288 33
288 158
288 159
288 160
288 161
288 162
288 163
288 174
288 538
288 558
289 13
289 33
289 158
289 174
289 538
289 558
290 13
290 33
290 158
290 174
290 538
290 558
291 13
291 33
291 158
291 174
291 417
291 418
291 419
291 420
291 538
291 558
292 13
292 33
292 158
292 174
292 417
292 538
292 558
293 13
293 33
293 158
293 174
293 396
293 417
293 538
293 558
294 13
294 33
294 158
294 174
294 396
294 417
294 432
294 433
294 434
294 435
294 436
294 437
294 438
294 439
294 440
294 441
294 442
294 443
294 444
294 445
294 446
294 447
294 448
294 449
294 450
294 451
294 452
294 453
294 454
294 455
294 456
294 457
294 458
294 459
294 460
294 461
294 462
294 463
294 464
294 538
294 558
295 13
295 33
295 158
295 174
295 396
295 432
295 488
295 489
295 490
295 491
295 492
295 493
295 494
295 495
295 496
295 497
295 498
295 499
295 500
295 501
295 502
295 503
295 504
295 505
295 506
295 507
295 508
295 509
295 510
295 511
295 512
295 513
295 514
295 515
295 516
295 517
295 538
295 558
296 13
296 33
296 158
296 174
296 396
296 432
296 488
296 538
296 558
297 13
297 33
297 158
297 174
297 396
297 432
297 488
297 538
297 558
298 13
298 33
298 158
298 174
298 396
298 432
298 488
298 538
298 558
299 13
299 33
299 158
299 174
299 396
299 432
299 488
299 538
299 558
300 13
300 33
300 158
300 174
300 432
300 488
300 538
300 558
301 13
301 33
301 158
301 174
301 432
301 488
301 538
301 558
302 13
302 33
302 158
302 174
302 432
302 488
302 538
302 558
303 13
303 33
303 158
303 174
303 432
303 488
303 538
303 558
304 13
304 33
304 158
304 174
304 432
304 488
304 538
304 558
305 13
305 33
305 158
305 174
305 432
305 488
305 538
305 558
306 13
306 33
306 158
306 174
306 432
306 488
306 538
306 558
307 13
307 33
307 158
307 174
307 432
307 488
307 538
307 558
308 13
308 33
308 158
308 174
308 401
308 402
308 403
308 404
308 405
308 406
308 417
308 418
308 419
308 432
308 488
308 538
308 558
309 13
309 33
309 158
309 174
309 401
309 417
309 432
309 488
309 538
309 558
310 13
310 33
310 158
310 174
310 401
310 417
310 432
310 488
310 538
310 558
311 13
311 33
311 158
311 174
311 401
311 417
311 432
311 488
311 538
311 558
312 13
312 33
312 158
312 174
312 401
312 417
312 432
312 488
312 538
312 558
313 13
313 33
313 158
313 174
313 401
313 417
313 432
313 488
313 538
313 558
314 13
314 33
314 158
314 174
314 401
314 417
314 432
314 488
314 538
314 558
315 13
315 33
315 158
315 174
315 401
315 417
315 432
315 488
315 538
315 558
316 13
316 33
316 158
316 174
316 417
316 432
316 488
316 538
316 558
317 13
317 33
317 158
317 174
317 432
317 488
317 538
317 558
318 13
318 33
318 158
318 174
318 432
318 488
318 538
318 558
319 13
319 33
319 158
319 174
319 432
319 488
319 538
319 558
320 13
320 33
320 158
320 174
320 432
320 488
320 538
320 558
321 13
321 33
321 158
321 174
321 432
321 488
321 538
321 558
322 13
322 33
322 158
322 174
322 432
322 488
322 538
322 558
323 33
323 158
323 174
323 432
323 488
323 538
323 558
324 33
324 150
324 151
324 152
324 158
324 174
324 432
324 488
324 538
324 558
325 33
325 150
325 174
325 399
325 400
325 401
325 402
325 403
325 404
325 405
325 406
325 407
325 408
325 432
325 538
325 558
326 33
326 150
326 174
326 399
326 432
326 538
326 558
327 33
327 150
327 174
327 432
327 538
327 558
328 33
328 150
328 174
328 538
328 558
329 33
329 150
329 174
329 538
329 558
330 33
330 150
330 174
330 538
330 558
331 33
331 150
331 174
331 538
331 558
332 33
332 150
332 174
332 538
332 558
333 33
333 150
333 174
333 538
333 558
334 33
334 150
334 174
334 538
334 558
335 33
335 150
335 174
335 538
335 558
336 33
336 150
336 174
336 538
336 558
337 33
337 150
337 174
337 538
337 558
338 33
338 150
338 174
338 417
338 418
338 419
338 420
338 421
338 422
338 423
338 424
338 425
338 426
338 427
338 428
338 429
338 430
338 431
338 432
338 433
338 434
338 435
338 436
338 437
338 438
338 439
338 440
338 441
338 442
338 443
338 444
338 445
338 446
338 447
338 448
338 449
338 450
338 451
338 452
338 453
338 454
338 455
338 456
338 457
338 458
338 459
338 460
338 461
338 462
338 463
338 464
338 465
338 466
338 467
338 468
338 469
338 470
338 471
338 472
338 473
338 474
338 475
338 476
338 477
338 478
338 479
338 480
338 481
338 482
338 483
338 484
338 485
338 486
338 487
338 488
338 489
338 490
338 491
338 492
338 493
338 494
338 495
338 496
338 497
338 498
338 499
338 500
338 501
338 502
338 503
338 504
338 505
338 506
338 507
338 508
338 509
338 510
338 511
338 512
338 513
338 514
338 515
338 516
338 517
338 518
338 519
338 520
338 521
338 522
338 523
338 524
338 525
338 538
338 558
339 33
339 150
339 174
339 417
339 538
339 558
340 33
340 150
340 161
340 162
340 163
340 164
340 174
340 417
340 538
340 558
341 33
341 150
341 161
341 174
341 397
341 398
341 399
341 400
341 417
341 538
341 558
342 33
342 150
342 161
342 174
342 397
342 417
342 538
342 558
343 33
343 150
343 161
343 174
343 397
343 417
343 538
343 558
344 33
344 150
344 161
344 174
344 397
344 417
344 538
344 558
345 33
345 150
345 161
345 174
345 397
345 417
345 538
345 558
346 33
346 150
346 161
346 174
346 397
346 417
346 538
346 558
347 33
347 150
347 161
347 174
347 397
347 417
347 538
347 558
348 33
348 150
348 161
348 174
348 397
348 417
348 538
348 558
349 33
349 150
349 161
349 174
349 397
349 417
349 538
349 558
350 33
350 150
350 161
350 174
350 397
350 417
350 538
350 558
351 33
351 150
351 161
351 174
351 397
351 417
351 538
351 558
352 33
352 150
352 161
352 174
352 397
352 417
352 538
352 558
353 33
353 150
353 161
353 174
353 397
353 417
353 538
353 558
354 33
354 150
354 174
354 397
354 417
354 538
354 558
355 33
355 150
355 174
355 397
355 417
355 538
355 558
356 33
356 150
356 174
356 397
356 417
356 538
356 558
357 33
357 150
357 174
357 397
357 417
357 538
357 558
358 33
358 150
358 174
358 397
358 417
358 538
358 558
359 33
359 150
359 174
359 417
359 538
359 558
360 33
360 150
360 174
360 417
360 538
360 558
361 33
361 150
361 174
361 417
361 538
361 558
362 33
362 150
362 174
362 417
362 538
362 558
363 33
363 150
363 174
363 417
363 538
363 558
364 8
364 9
364 10
364 11
364 12
364 13
364 14
364 15
364 16
364 17
364 18
364 19
364 20
364 21
364 22
364 23
364 24
364 25
364 26
364 27
364 28
364 33
364 150
364 174
364 417
364 538
364 558
365 8
365 33
365 150
365 174
365 417
365 538
365 558
366 8
366 33
366 150
366 174
366 417
366 538
366 558
367 8
367 33
367 150
367 162
367 163
367 164
367 174
367 417
367 538
367 558
368 8
368 33
368 150
368 162
368 174
368 417
368 538
368 558
369 8
369 33
369 150
369 162
369 174
369 417
369 538
369 558
370 8
370 33
370 150
370 162
370 174
370 417
370 538
370 558
371 8
371 33
371 150
371 162
371 174
371 417
371 538
371 558
372 8
372 33
372 150
372 174
372 417
372 538
372 558
373 8
373 33
373 150
373 174
373 417
373 538
373 558
374 8
374 33
374 150
374 174
374 417
374 558
375 8
375 33
375 150
375 174
375 417
375 558
376 33
376 150
376 174
376 417
376 558
377 33
377 150
377 174
377 417
377 558
378 33
378 150
378 174
378 417
378 558
379 33
379 150
379 174
379 417
379 558
380 33
380 150
380 174
380 417
380 558
381 33
381 150
381 174
381 417
381 558
382 33
382 150
382 174
382 417
382 558
383 33
383 150
383 163
383 164
383 165
383 166
383 174
383 417
383 558
384 33
384 150
384 163
384 174
384 417
384 558
385 33
385 150
385 163
385 174
385 417
385 558
386 33
386 150
386 163
386 174
386 417
386 558
387 33
387 150
387 163
387 174
387 417
387 558
388 33
388 150
388 163
388 174
388 417
388 558
389 33
389 150
389 163
389 174
389 417
389 558
390 33
390 150
390 163
390 174
390 417
390 533
390 534
390 535
390 536
390 537
390 538
390 539
390 540
390 541
390 542
390 543
390 544
390 545
390 546
390 547
390 548
390 558
391 33
391 150
391 163
391 174
391 417
391 533
391 558
392 33
392 150
392 174
392 417
392 533
392 558
393 33
393 150
393 174
393 417
393 533
393 558
394 33
394 150
394 417
394 533
394 558
395 33
395 150
395 417
395 533
395 558
396 33
396 150
396 417
396 533
396 558
397 33
397 150
397 417
397 533
397 558
398 33
398 150
398 417
398 533
398 558
399 33
399 150
399 417
399 533
399 558
400 10
400 11
400 12
400 13
400 14
400 15
400 16
400 17
400 18
400 19
400 20
400 21
400 22
400 23
400 24
400 25
400 26
400 27
400 33
400 150
400 417
400 533
400 558
401 10
401 33
401 150
401 417
401 533
401 558
402 10
402 33
402 150
402 417
402 533
402 558
403 10
403 33
403 417
403 533
403 558
404 10
404 33
404 417
404 533
404 558
405 10
405 33
405 417
405 558
406 10
406 33
406 183
406 184
406 185
406 186
406 187
406 188
406 189
406 190
406 191
406 192
406 193
406 194
406 195
406 196
406 197
406 198
406 199
406 200
406 201
406 202
406 203
406 204
406 205
406 206
406 207
406 208
406 209
406 210
406 211
406 212
406 213
406 214
406 215
406 216
406 217
406 218
406 219
406 220
406 221
406 222
406 223
406 224
406 225
406 226
406 227
406 228
406 229
406 417
406 554
406 558
407 10
407 33
407 183
407 417
407 554
407 558
408 10
408 33
408 183
408 417
408 554
408 558
409 10
409 33
409 183
409 259
409 260
409 261
409 262
409 263
409 264
409 265
409 266
409 267
409 268
409 269
409 270
409 271
409 272
409 273
409 274
409 275
409 276
409 277
409 278
409 279
409 280
409 281
409 282
409 283
409 284
409 285
409 286
409 287
409 288
409 289
409 290
409 291
409 292
409 293
409 294
409 295
409 296
409 297
409 298
409 299
409 300
409 301
409 302
409 303
409 304
409 305
409 306
409 307
409 308
409 309
409 310
409 311
409 312
409 313
409 314
409 315
409 316
409 317
409 318
409 319
409 320
409 321
409 322
409 323
409 324
409 325
409 326
409 327
409 328
409 329
409 330
409 331
409 332
409 333
409 334
409 335
409 336
409 337
409 338
409 339
409 340
409 341
409 342
409 343
409 344
409 345
409 346
409 347
409 348
409 349
409 350
409 351
409 352
409 353
409 354
409 355
409 356
409 357
409 358
409 359
409 360
409 361
409 362
409 363
409 364
409 365
409 366
409 367
409 368
409 369
409 370
409 371
409 372
409 373
409 374
409 375
409 376
409 377
409 378
409 379
409 380
409 381
409 382
409 383
409 384
409 385
409 386
409 387
409 388
409 389
409 390
409 391
409 392
409 393
409 394
409 395
409 396
409 397
409 398
409 399
409 400
409 417
409 554
409 558
410 10
410 33
410 183
410 259
410 417
410 554
410 558
411 10
411 33
411 183
411 259
411 417
411 533
411 534
411 535
411 536
411 537
411 538
411 539
411 540
411 554
411 558
412 10
412 33
412 154
412 155
412 156
412 157
412 158
412 159
412 160
412 161
412 162
412 163
412 164
412 165
412 166
412 167
412 168
412 169
412 170
412 183
412 259
412 417
412 533
412 554
412 558
413 10
413 33
413 154
413 183
413 259
413 417
413 533
413 554
413 558
414 10
414 33
414 154
414 183
414 259
414 417
414 533
414 554
414 558
415 10
415 33
415 154
415 183
415 259
415 417
415 533
415 554
415 558
416 10
416 33
416 183
416 259
416 417
416 533
416 554
416 558
417 10
417 33
417 183
417 259
417 417
417 533
417 554
417 558
418 10
418 33
418 183
418 259
418 417
418 533
418 554
418 558
419 10
419 33
419 183
419 259
419 417
419 533
419 554
419 558
420 10
420 33
420 183
420 259
420 417
420 533
420 554
420 558
421 10
421 33
421 183
421 259
421 417
421 533
421 554
421 558
422 10
422 33
422 183
422 259
422 417
422 533
422 554
422 558
423 10
423 33
423 183
423 259
423 417
423 533
423 554
423 558
424 10
424 33
424 183
424 259
424 417
424 533
424 554
424 558
425 10
425 33
425 183
425 259
425 417
425 533
425 554
425 558
426 33
426 183
426 259
426 417
426 533
426 554
426 558
427 33
427 183
427 259
427 417
427 533
427 554
427 558
428 33
428 157
428 158
428 159
428 160
428 161
428 162
428 163
428 164
428 165
428 166
428 167
428 168
428 169
428 170
428 171
428 172
428 173
428 174
428 175
428 183
428 259
428 417
428 533
428 554
428 558
429 33
429 157
429 183
429 259
429 417
429 533
429 554
429 558
430 33
430 157
430 183
430 259
430 417
430 533
430 554
430 558
431 33
431 157
431 183
431 259
431 417
431 533
431 554
431 558
432 33
432 157
432 183
432 259
432 417
432 533
432 554
432 558
433 33
433 157
433 183
433 259
433 417
433 533
433 554
433 558
434 33
434 157
434 183
434 259
434 417
434 533
434 554
434 558
435 33
435 157
435 183
435 259
435 417
435 533
435 554
435 558
436 33
436 157
436 183
436 259
436 417
436 533
436 554
436 558
437 33
437 157
437 183
437 259
437 417
437 533
437 554
437 558
438 33
438 157
438 183
438 259
438 417
438 533
438 554
438 558
439 33
439 157
439 183
439 259
439 417
439 533
439 554
439 558
440 33
440 157
440 183
440 259
440 417
440 533
440 554
440 558
441 33
441 157
441 183
441 259
441 417
441 533
441 554
441 558
442 33
442 157
442 183
442 259
442 417
442 533
442 554
442 558
443 33
443 157
443 183
443 259
443 417
443 533
443 554
443 558
444 33
444 157
444 183
444 259
444 417
444 533
444 554
444 558
445 33
445 183
445 259
445 417
445 533
445 554
445 558
446 33
446 183
446 259
446 417
446 533
446 554
446 558
447 33
447 183
447 259
447 417
447 533
447 547
447 554
447 558
448 8
448 9
448 10
448 11
448 12
448 13
448 14
448 15
448 16
448 17
448 18
448 19
448 20
448 33
448 183
448 259
448 417
448 533
448 547
448 554
448 558
449 8
449 33
449 183
449 259
449 417
449 533
449 547
449 554
449 558
450 8
450 33
450 183
450 259
450 417
450 533
450 547
450 554
450 558
451 8
451 33
451 183
451 259
451 417
451 533
451 547
451 554
451 558
452 8
452 33
452 183
452 259
452 417
452 533
452 547
452 554
452 558
453 8
453 33
453 183
453 259
453 417
453 533
453 547
453 554
453 558
454 8
454 33
454 183
454 259
454 417
454 533
454 554
454 558
455 8
455 33
455 183
455 259
455 417
455 533
455 554
455 558
456 8
456 33
456 183
456 259
456 417
456 533
456 554
456 558
457 8
457 33
457 183
457 259
457 417
457 533
457 554
457 558
458 33
458 183
458 259
458 417
458 533
458 554
458 558
459 33
459 183
459 259
459 417
459 533
459 554
459 558
460 33
460 183
460 259
460 417
460 533
460 554
460 558
461 33
461 183
461 259
461 417
461 533
461 554
461 558
462 33
462 183
462 259
462 417
462 533
462 554
462 558
463 33
463 183
463 259
463 417
463 533
463 554
463 558
464 33
464 259
464 417
464 533
464 554
464 558
465 33
465 259
465 417
465 533
465 554
465 558
466 33
466 259
466 417
466 533
466 554
466 558
467 33
467 259
467 417
467 533
467 554
467 558
468 33
468 259
468 417
468 533
468 554
468 558
469 33
469 259
469 417
469 533
469 554
469 558
470 33
470 259
470 417
470 533
470 554
470 558
471 33
471 259
471 417
471 533
471 554
471 558
472 33
472 173
472 174
472 175
472 176
472 177
472 178
472 179
472 180
472 181
472 182
472 183
472 184
472 185
472 186
472 187
472 188
472 189
472 190
472 191
472 192
472 193
472 194
472 195
472 196
472 197
472 198
472 199
472 200
472 201
472 202
472 203
472 204
472 205
472 206
472 207
472 208
472 209
472 210
472 211
472 212
472 213
472 214
472 215
472 216
472 217
472 218
472 219
472 220
472 221
472 222
472 223
472 224
472 225
472 226
472 259
472 417
472 533
472 554
472 558
473 33
473 173
473 259
473 417
473 533
473 554
473 558
474 173
474 259
474 417
474 533
474 554
474 558
475 173
475 259
475 417
475 533
475 554
475 558
476 173
476 259
476 417
476 533
476 554
476 558
477 173
477 259
477 417
477 533
477 554
477 558
478 173
478 259
478 417
478 533
478 554
478 558
479 173
479 259
479 417
479 533
479 554
479 558
480 173
480 259
480 417
480 533
480 554
480 558
481 173
481 259
481 417
481 554
481 558
482 173
482 259
482 417
482 554
482 558
483 173
483 259
483 417
483 554
483 558
484 12
484 13
484 14
484 15
484 16
484 17
484 18
484 19
484 173
484 259
484 417
484 554
484 558
485 12
485 173
485 259
485 417
485 554
485 558
486 12
486 173
486 259
486 417
486 554
486 558
487 12
487 173
487 259
487 417
487 554
487 558
488 12
488 173
488 259
488 417
488 534
488 535
488 536
488 554
488 558
489 12
489 173
489 259
489 417
489 534
489 554
489 558
490 12
490 173
490 259
490 417
490 534
490 554
490 558
491 12
491 173
491 259
491 417
491 534
491 554
491 558
492 12
492 173
492 259
492 417
492 554
492 558
493 12
493 173
493 259
493 417
493 554
493 558
494 12
494 173
494 259
494 417
494 554
494 558
495 12
495 173
495 259
495 417
495 554
495 558
496 12
496 41
496 42
496 43
496 44
496 45
496 46
496 47
496 48
496 49
496 50
496 51
496 52
496 53
496 54
496 55
496 56
496 57
496 58
496 59
496 60
496 61
496 62
496 63
496 64
496 65
496 66
496 67
496 68
496 69
496 70
496 71
496 72
496 73
496 74
496 75
496 76
496 77
496 78
496 79
496 80
496 81
496 82
496 83
496 84
496 85
496 86
496 87
496 88
496 89
496 90
496 91
496 92
496 93
496 94
496 95
496 96
496 97
496 98
496 99
496 100
496 101
496 102
496 103
496 104
496 105
496 106
496 107
496 108
496 109
496 110
496 111
496 112
496 113
496 114
496 115
496 116
496 117
496 118
496 119
496 120
496 121
496 122
496 123
496 124
496 125
496 126
496 127
496 128
496 129
496 130
496 131
496 132
496 133
496 134
496 135
496 136
496 137
496 138
496 139
496 140
496 141
496 142
496 143
496 144
496 145
496 146
496 147
496 148
496 149
496 150
496 151
496 152
496 153
496 154
496 155
496 156
496 157
496 173
496 259
496 417
496 554
496 558
497 12
497 41
497 173
497 259
497 417
497 554
497 558
498 12
498 41
498 173
498 259
498 417
498 554
498 558
499 12
499 41
499 173
499 259
499 417
499 554
499 558
500 12
500 41
500 173
500 259
500 417
500 554
500 558
501 12
501 41
501 173
501 259
501 417
501 554
501 558
502 12
502 41
502 173
502 259
502 417
502 554
502 558
503 12
503 41
503 173
503 259
503 417
503 554
503 558
504 12
504 41
504 173
504 259
504 417
504 538
504 539
504 540
504 554
504 558
505 12
505 41
505 173
505 259
505 417
505 538
505 554
505 558
506 12
506 41
506 173
506 259
506 417
506 538
506 554
506 558
507 12
507 41
507 173
507 259
507 417
507 554
507 558
508 12
508 41
508 173
508 259
508 417
508 554
508 558
509 12
509 41
509 173
509 259
509 417
509 554
509 558
510 12
510 41
510 173
510 259
510 417
510 554
510 558
511 12
511 41
511 173
511 259
511 417
511 554
511 558
512 12
512 41
512 173
512 259
512 417
512 554
512 558
513 12
513 41
513 173
513 259
513 417
513 554
513 558
514 12
514 41
514 173
514 259
514 417
514 554
515 12
515 41
515 173
515 259
515 417
515 554
516 12
516 41
516 173
516 259
516 417
516 554
517 12
517 41
517 173
517 259
517 417
517 554
518 12
518 41
518 173
518 259
518 417
518 554
519 12
519 41
519 173
519 259
519 417
519 554
520 12
520 41
520 259
520 417
521 12
521 41
521 259
521 417
522 12
522 41
522 259
522 417
523 12
523 41
523 259
523 417
524 12
524 41
524 259
524 417
525 12
525 41
525 259
525 417
526 12
526 41
526 259
526 417
527 12
527 41
527 259
527 417
527 543
527 544
527 545
527 546
527 547
527 548
527 549
527 550
527 551
527 552
527 553
527 554
527 555
527 556
527 557
527 558
527 559
527 560
527 561
527 562
527 563
527 564
527 565
527 566
527 567
527 568
527 569
527 570
527 571
527 572
527 573
527 574
527 575
527 576
527 577
527 578
527 579
527 580
527 581
527 582
527 583
527 584
527 585
527 586
528 12
528 41
528 206
528 207
528 208
528 209
528 259
528 417
528 543
529 12
529 41
529 175
529 176
529 177
529 178
529 179
529 224
529 225
529 226
529 227
529 228
529 229
529 230
529 231
529 232
529 259
529 417
529 543
530 12
530 41
530 175
530 224
530 259
530 417
530 543
531 12
531 41
531 175
531 190
531 191
531 192
531 193
531 194
531 224
531 259
531 417
531 543
532 12
532 41
532 175
532 190
532 224
532 259
532 417
532 543
533 12
533 41
533 175
533 190
533 224
533 259
533 417
533 543
534 12
534 41
534 175
534 190
534 224
534 259
534 417
534 543
535 12
535 41
535 175
535 190
535 259
535 417
535 543
536 12
536 41
536 175
536 190
536 259
536 417
536 543
537 12
537 41
537 190
537 259
537 417
537 543
538 12
538 41
538 190
538 207
538 208
538 209
538 210
538 211
538 212
538 213
538 214
538 215
538 216
538 217
538 218
538 219
538 220
538 259
538 417
538 543
539 12
539 41
539 190
539 207
539 259
539 417
539 543
540 12
540 41
540 190
540 207
540 259
540 417
540 543
541 12
541 41
541 207
541 259
541 417
541 543
542 12
542 41
542 259
542 417
542 543
543 12
543 41
543 259
543 417
543 543
544 12
544 41
544 259
544 417
544 543
545 12
545 41
545 259
545 417
545 543
546 12
546 41
546 259
546 417
546 543
547 12
547 41
547 259
547 417
547 543
548 12
548 41
548 234
548 235
548 236
548 237
548 259
548 417
548 543
549 12
549 41
549 234
549 259
549 417
549 543
550 12
550 41
550 234
550 259
550 417
550 543
551 12
551 41
551 234
551 259
551 417
551 543
552 12
552 41
552 180
552 181
552 182
552 183
552 184
552 185
552 186
552 187
552 188
552 234
552 259
552 417
552 543
553 12
553 41
553 180
553 234
553 259
553 417
553 543
554 12
554 41
554 180
554 234
554 259
554 417
554 543
555 12
555 41
555 180
555 234
555 259
555 417
555 543
556 12
556 41
556 180
556 203
556 204
556 205
556 206
556 207
556 208
556 209
556 210
556 211
556 212
556 213
556 234
556 259
556 417
556 543
557 12
557 41
557 180
557 203
557 234
557 259
557 417
557 543
558 12
558 41
558 180
558 203
558 234
558 259
558 417
558 543
559 12
559 41
559 180
559 203
559 234
559 259
559 417
559 543
560 12
560 41
560 180
560 203
560 234
560 259
560 417
560 543
561 12
561 180
561 203
561 234
561 259
561 417
561 543
562 12
562 259
562 417
562 543
563 12
563 259
563 417
563 543
564 12
564 259
564 417
564 543
565 12
565 259
565 417
565 543
566 12
566 259
566 417
566 543
567 12
567 259
567 417
567 543
568 12
568 226
568 227
568 228
568 229
568 230
568 231
568 232
568 259
568 417
568 543
569 12
569 226
569 259
569 417
569 543
570 12
570 46
570 47
570 48
570 49
570 50
570 78
570 79
570 80
570 81
570 136
570 137
570 138
570 139
570 140
570 141
570 142
570 143
570 144
570 145
570 158
570 159
570 160
570 161
570 162
570 163
570 164
570 165
570 166
570 167
570 168
570 169
570 170
570 171
570 172
570 226
570 259
570 417
570 543
571 12
571 46
571 78
571 111
571 136
571 158
571 259
571 417
571 543
572 12
572 78
572 111
572 136
572 158
572 259
572 417
572 543
573 12
573 78
573 94
573 95
573 96
573 97
573 98
573 111
573 136
573 158
573 213
573 214
573 215
573 216
573 217
573 259
573 417
573 543
574 12
574 78
574 94
574 111
574 136
574 158
574 183
574 184
574 185
574 186
574 187
574 188
574 189
574 190
574 191
574 213
574 259
574 417
574 543
575 12
575 111
575 158
575 183
575 213
575 259
575 417
575 543
576 12
576 111
576 158
576 183
576 259
576 417
576 543
577 12
577 111
577 158
577 183
577 259
577 417
577 543
578 12
578 111
578 158
578 183
578 259
578 417
578 543
579 12
579 158
579 259
579 417
579 543
580 12
580 158
580 238
580 239
580 240
580 241
580 259
580 417
581 12
581 44
581 45
581 46
581 158
581 238
581 259
581 417
582 12
582 44
582 238
582 259
582 417
583 238
583 259
583 417
584 55
584 56
584 57
584 58
584 87
584 88
584 89
584 90
584 91
584 92
584 93
584 94
584 95
584 238
585 55
585 87
585 238
586 55
586 87
586 120
586 121
586 122
586 123
586 124
586 238
587 55
587 69
587 70
587 71
587 72
587 73
587 74
587 120
587 168
587 169
587 170
587 171
587 172
587 173
587 174
587 175
587 176
587 177
587 178
587 179
587 180
587 181
587 182
587 183
588 55
588 69
588 120
588 138
588 139
588 140
588 141
588 142
588 143
588 144
588 145
588 146
588 147
588 148
588 149
588 150
588 151
588 152
588 153
588 154
588 155
588 168
589 55
589 69
589 120
589 138
589 168
589 196
589 197
589 198
589 199
589 200
589 201
589 202
589 203
589 204
589 205
589 206
589 207
589 208
589 209
589 210
589 211
589 212
589 213
589 214
589 215
589 216
589 217
589 218
589 219
589 220
589 221
589 222
589 223
589 224
590 32
590 33
590 34
590 35
590 36
590 37
590 38
590 39
590 40
590 55
590 120
590 138
590 168
590 196
591 32
591 138
591 196
