110
1 20
2 3
9 9
11 3
1 1
15 18
6 10
8 1
9 12
1 19
19 13
19 11
2 7
6 5
19 7
10 7
20 16
20 20
13 6
20 18
4 18
13 10
13 19
4 11
1 5
8 17
10 19
11 9
1 14
13 18
2 5
19 17
9 11
14 14
5 16
18 4
3 14
11 19
4 5
5 18
15 16
19 1
3 19
8 9
8 15
17 6
3 11
9 6
18 13
4 14
6 20
11 1
2 13
7 15
14 12
3 1
15 3
9 5
13 20
3 10
1 9
10 4
18 3
8 20
6 12
4 3
10 16
5 3
8 5
15 2
15 15
5 14
7 7
20 1
20 12
20 6
17 5
15 12
12 14
6 3
6 14
17 9
15 11
16 12
20 2
7 1
17 8
11 7
20 3
20 9
4 13
16 17
12 1
17 1
5 7
13 1
13 5
15 5
8 3
12 7
19 15
16 20
6 1
16 8
18 11
18 19
1 16
18 17
18 15
15 7
