2129
74 3
50 16
10 80
99 1
27 97
21 2
3 16
68 98
89 78
95 4
30 40
86 56
72 27
43 72
75 73
46 39
45 48
94 14
44 67
60 61
92 92
97 45
98 20
13 94
78 3
90 39
59 97
52 47
30 57
72 4
40 30
48 7
14 50
59 64
64 26
61 36
16 73
13 78
11 61
32 12
89 84
31 70
79 29
43 42
44 98
36 17
41 38
95 18
57 92
27 17
43 74
45 84
60 80
55 4
50 61
92 29
98 69
32 71
70 21
84 98
98 87
100 46
48 41
88 88
46 17
18 9
91 90
2 7
92 56
42 26
16 4
68 34
95 22
27 32
17 41
2 26
33 31
71 39
45 9
53 100
99 14
3 46
10 59
40 4
21 17
100 33
82 58
52 97
5 68
97 85
52 53
47 5
3 4
80 17
96 100
96 94
89 9
95 96
69 70
18 44
81 3
5 74
36 76
70 78
28 90
60 66
16 81
55 89
68 93
24 27
27 70
63 95
74 45
1 97
38 41
15 93
40 85
78 58
70 38
86 27
8 43
92 72
32 31
42 47
11 70
64 20
82 32
35 100
90 51
41 75
63 81
25 9
18 96
39 86
39 2
51 31
5 8
18 24
71 67
20 61
60 57
5 9
87 20
65 75
11 71
65 69
27 1
55 92
40 95
27 69
59 93
76 32
54 80
45 35
7 72
33 36
11 24
4 75
30 21
89 64
66 84
53 10
72 30
61 100
84 43
13 7
33 50
43 40
8 21
27 59
79 85
11 1
46 20
89 11
70 76
52 48
68 95
21 47
3 59
2 81
43 47
35 2
42 30
20 89
94 25
35 51
51 78
91 79
53 1
97 34
68 51
47 41
48 31
17 25
64 35
78 90
74 84
89 94
17 6
30 80
94 88
17 65
14 67
87 13
14 52
40 94
18 57
60 17
27 68
47 93
91 40
56 89
97 63
40 29
20 16
43 48
63 54
88 38
31 43
75 97
51 96
63 41
51 20
99 61
39 7
57 74
59 8
29 61
19 2
95 69
71 43
88 79
73 29
26 36
8 61
90 71
34 87
46 38
21 95
47 40
35 87
98 8
84 74
58 80
77 11
77 8
19 33
46 62
99 17
67 60
24 88
56 94
37 14
83 78
50 57
6 78
1 7
9 52
95 86
66 80
6 48
20 5
22 32
47 21
62 10
12 73
37 18
44 45
8 22
40 90
6 60
66 64
25 93
62 70
31 92
57 18
15 49
26 45
21 61
31 95
94 63
20 70
58 97
45 88
41 67
68 4
97 92
99 21
32 42
27 33
98 99
8 20
73 75
84 66
59 89
36 96
5 18
7 40
86 70
96 84
100 37
31 85
8 78
34 45
90 69
98 6
70 93
92 2
26 61
83 86
78 7
99 2
22 65
62 1
8 58
14 4
12 53
65 44
11 9
66 5
48 92
23 17
84 57
76 76
46 87
37 91
80 1
36 20
79 45
97 54
10 60
45 62
24 46
45 93
49 98
18 62
31 41
9 50
67 9
80 12
69 66
93 21
21 67
21 49
40 14
28 12
60 55
73 21
94 64
20 20
40 5
10 48
21 43
64 34
25 5
86 62
73 36
42 55
79 58
53 17
9 74
53 24
75 64
88 33
30 97
76 12
99 19
3 52
48 97
44 37
26 4
79 46
46 80
37 42
66 40
36 5
10 8
68 23
1 64
9 49
72 58
77 60
22 40
34 48
77 76
100 15
17 3
79 15
58 58
49 51
70 57
59 14
8 47
3 43
39 20
72 72
36 64
34 2
93 39
54 100
76 61
72 16
20 86
17 51
78 64
46 82
8 70
72 100
64 18
9 6
53 2
54 72
92 8
60 53
11 33
71 23
4 2
30 2
19 50
82 74
13 8
3 49
15 62
67 49
59 3
24 29
51 8
68 75
69 40
33 99
93 2
95 68
72 25
60 41
51 18
87 42
6 19
9 76
16 53
88 10
56 51
68 33
35 86
97 61
32 88
48 89
42 63
76 40
53 84
57 64
14 68
40 93
31 83
24 91
26 80
20 79
97 2
44 69
73 86
51 67
38 45
87 96
28 22
41 97
8 83
1 28
62 11
85 82
67 75
26 44
43 59
44 64
24 83
60 79
29 9
20 31
33 67
5 38
15 76
74 65
81 100
85 33
100 48
50 81
21 39
87 60
36 72
73 67
5 15
51 77
47 86
77 75
48 37
67 99
92 17
90 28
5 35
41 4
27 38
85 68
68 92
54 49
83 95
57 47
58 82
32 20
97 8
41 12
65 6
20 81
91 18
75 67
9 8
80 11
97 25
71 85
55 70
78 69
24 96
48 34
43 36
61 18
60 5
21 23
56 85
69 74
56 91
82 91
92 46
19 36
1 12
2 71
65 83
54 59
3 13
2 59
9 18
21 99
94 8
88 77
46 74
71 20
80 42
31 12
62 29
96 10
63 31
99 96
66 53
39 56
62 84
10 20
63 39
21 75
52 28
95 93
28 71
54 77
25 96
10 74
73 91
40 76
93 32
95 83
14 41
24 45
47 91
8 57
50 72
83 4
17 64
28 55
44 22
89 5
4 9
53 43
82 47
14 1
72 10
22 2
58 3
1 45
35 54
4 59
19 69
23 86
77 10
82 53
99 43
45 64
93 77
72 41
62 100
96 90
6 10
9 81
36 44
34 4
98 96
20 72
13 44
42 49
22 46
91 83
92 67
15 92
62 62
8 1
12 4
64 60
47 26
54 58
16 71
77 28
87 24
15 74
47 16
69 61
86 89
58 29
48 66
23 69
20 52
22 76
83 44
8 77
30 32
73 92
12 77
71 25
22 87
32 53
83 98
34 9
38 29
18 99
72 54
49 66
98 44
29 1
70 68
12 12
82 2
34 38
44 19
44 44
39 88
62 53
90 42
79 41
93 89
64 78
55 40
9 58
73 90
3 53
88 68
41 64
1 37
98 29
70 11
28 24
59 57
76 39
43 97
98 3
40 99
58 44
27 11
43 87
52 6
88 25
11 90
93 46
97 80
86 59
84 54
50 13
15 30
40 71
46 68
2 82
91 48
18 26
51 48
75 31
36 86
29 40
75 27
95 10
22 38
38 96
53 70
85 27
21 57
90 68
62 40
81 22
63 79
90 4
28 7
30 82
48 49
81 64
99 87
93 20
3 37
54 10
52 19
84 72
46 76
47 73
80 79
18 20
53 5
4 35
57 9
12 81
89 32
56 4
11 52
67 80
11 18
48 24
25 21
63 60
66 52
18 91
98 79
47 29
31 96
61 10
86 51
8 39
96 35
62 65
75 92
98 95
7 3
63 51
76 49
71 47
40 42
20 43
98 49
27 86
63 33
2 63
94 17
32 21
9 73
75 56
65 33
21 15
15 96
78 100
13 22
26 2
33 55
77 52
73 53
81 34
88 84
22 27
34 60
84 81
94 58
48 23
95 44
61 21
94 11
65 91
37 8
49 29
18 53
42 19
87 41
44 5
69 97
87 8
24 49
71 49
24 14
94 85
72 71
82 85
55 100
32 96
11 32
78 65
63 93
41 19
34 61
77 99
1 23
58 79
3 67
1 31
37 52
6 7
33 7
67 69
10 57
36 10
67 3
34 80
68 56
70 1
27 25
65 90
98 65
53 56
82 57
41 54
31 48
99 79
41 68
36 55
18 37
52 33
72 33
94 94
63 46
80 35
17 67
63 21
33 58
48 26
78 59
76 92
91 64
84 50
57 89
50 82
56 20
61 39
89 62
26 72
27 22
79 99
56 80
77 57
91 20
49 20
75 7
94 98
53 3
94 76
33 84
39 47
29 47
27 67
49 77
72 97
32 76
27 94
73 7
100 38
31 60
20 88
8 36
34 46
70 45
98 34
90 11
1 88
33 15
56 18
21 93
23 73
70 35
15 86
47 2
50 88
37 29
58 51
56 9
92 89
52 65
79 38
76 20
78 66
100 31
65 14
51 81
72 57
86 11
87 79
93 73
32 2
75 13
90 86
18 87
100 63
98 100
90 1
64 46
5 94
35 94
25 99
20 77
33 87
14 93
22 83
87 53
47 52
6 21
59 45
22 63
34 98
100 79
54 22
18 68
57 7
15 64
96 71
57 11
99 83
83 52
93 38
70 85
83 99
48 51
39 72
77 48
26 8
1 55
18 7
88 48
17 38
99 27
53 96
26 64
95 13
47 32
5 22
17 22
83 45
25 71
49 41
71 55
60 74
68 16
90 24
21 31
8 26
47 94
19 5
80 68
35 90
83 40
91 66
84 26
10 96
57 38
22 4
92 80
28 46
23 72
75 36
63 3
94 50
82 77
19 6
14 29
33 93
74 81
85 99
65 71
16 9
82 8
66 8
14 65
100 39
90 2
24 30
51 13
7 64
38 53
65 12
23 77
5 24
12 43
4 47
97 41
82 56
94 72
43 33
93 27
54 83
24 18
77 94
68 88
44 13
36 26
24 85
36 24
3 25
8 49
50 43
74 48
73 81
91 6
70 49
67 38
96 61
11 23
19 100
6 94
17 80
18 80
62 89
98 53
69 27
96 53
83 36
87 31
66 11
19 28
86 50
41 13
31 91
2 100
77 40
78 6
19 57
22 82
86 47
14 15
88 20
81 84
24 90
92 50
25 27
64 40
39 12
16 58
92 59
13 31
2 47
9 62
6 38
90 57
13 28
30 15
7 82
62 71
47 100
85 84
25 85
66 99
29 14
90 46
2 49
10 65
74 37
100 97
33 10
47 53
10 29
11 56
44 7
76 3
26 27
58 90
9 97
77 43
92 27
50 51
5 45
86 99
27 61
2 99
74 89
18 35
4 5
47 54
7 33
69 82
92 41
32 93
65 79
16 44
6 43
9 56
47 58
65 20
23 20
30 13
86 80
66 36
30 8
60 71
16 67
11 79
72 87
10 67
69 71
15 58
89 19
89 41
70 17
81 33
25 65
92 23
58 35
27 15
19 89
41 11
17 12
93 86
92 54
44 4
22 93
10 51
12 45
51 4
36 63
52 23
57 36
70 43
64 24
81 62
85 15
53 57
31 68
27 43
38 5
43 1
15 61
61 47
36 28
81 65
36 38
70 87
33 63
64 77
20 63
44 35
44 59
96 77
81 77
83 37
42 67
95 97
81 30
76 44
91 61
62 64
85 96
86 43
6 35
95 31
90 36
72 43
47 62
74 63
69 1
15 15
71 80
62 46
43 14
52 44
68 14
27 100
15 37
69 49
63 4
4 28
37 95
64 23
15 18
65 98
4 56
30 6
16 87
52 57
7 9
18 77
65 29
30 28
44 94
41 25
15 10
6 44
89 57
4 86
85 87
5 63
83 39
12 19
1 51
13 87
78 53
12 86
38 30
40 78
41 48
11 40
28 16
73 72
62 80
23 35
41 58
36 34
40 31
86 37
23 22
1 98
78 68
23 51
85 19
62 31
73 77
34 62
87 29
81 15
9 93
10 37
53 40
54 87
68 46
59 17
1 69
28 75
77 82
53 48
36 46
33 72
17 54
51 72
83 21
96 29
88 50
23 55
45 69
85 30
53 69
29 91
25 83
33 74
38 81
86 35
83 48
51 27
64 83
7 14
22 59
14 91
81 28
59 67
87 1
66 28
40 61
58 34
39 8
35 68
63 13
94 74
5 47
37 69
24 100
86 14
42 59
31 98
22 52
48 5
59 75
92 34
98 90
95 41
24 82
5 56
63 8
68 91
40 64
44 60
27 65
87 83
4 15
91 52
84 91
72 65
57 88
23 100
41 32
26 88
57 39
60 89
5 71
34 20
8 30
54 68
78 86
99 54
6 99
1 95
11 26
10 26
10 39
30 29
16 55
61 48
66 90
69 16
13 70
2 73
19 73
46 67
78 92
29 17
9 89
58 43
86 93
62 3
64 70
95 57
50 48
49 81
39 37
1 25
32 14
3 98
67 72
86 92
43 53
42 57
75 21
51 39
84 75
93 58
79 62
28 30
27 77
77 96
98 55
4 19
37 74
71 74
1 38
56 48
79 76
17 93
46 51
59 77
53 51
83 13
76 45
3 22
54 63
32 35
43 93
45 75
13 46
70 80
71 6
31 23
85 28
41 6
89 49
66 47
61 7
56 62
92 11
2 5
39 77
61 32
5 95
1 80
24 81
18 56
77 46
13 40
7 32
10 33
60 36
40 68
19 53
5 37
92 43
9 92
70 65
38 40
9 31
54 51
86 90
24 98
65 16
6 98
50 76
80 48
55 73
29 21
43 9
7 47
13 59
79 57
69 2
63 5
14 98
16 15
54 64
2 65
45 57
80 52
13 55
76 66
99 51
46 35
73 83
55 57
16 84
58 47
62 6
37 75
91 81
22 73
89 99
21 29
22 53
6 31
36 74
43 71
1 40
80 40
18 59
91 98
62 88
18 10
19 90
51 63
34 83
91 60
89 59
15 40
10 17
30 69
85 17
59 38
39 67
52 60
43 27
83 51
54 31
42 78
16 92
35 79
38 71
82 16
59 36
67 67
69 4
42 85
33 56
88 91
55 63
4 36
53 74
29 77
45 10
76 52
98 56
40 74
1 75
62 59
9 27
75 43
44 78
11 87
28 79
75 52
80 89
27 7
23 25
11 14
35 93
51 88
89 61
89 93
14 42
46 77
13 20
2 30
31 7
14 82
31 10
57 71
67 46
76 70
25 61
60 11
34 25
90 33
83 92
30 31
91 94
65 89
5 79
9 24
99 24
64 90
12 30
16 97
31 78
2 2
49 75
24 70
74 88
32 80
34 22
74 17
35 12
38 36
81 44
12 16
54 67
26 20
57 72
5 39
15 77
30 53
1 92
79 18
16 25
66 88
52 26
19 9
7 89
41 61
5 83
94 60
88 99
93 99
13 37
68 42
77 69
17 95
2 27
32 33
32 27
58 59
39 1
81 90
52 31
42 60
53 62
73 42
73 78
10 68
5 99
11 62
69 90
31 4
2 13
52 92
21 9
22 26
34 5
80 46
92 95
58 68
73 45
74 80
2 77
90 17
38 67
46 71
7 52
54 39
79 27
38 7
3 64
28 18
59 70
85 23
72 49
18 16
46 49
4 92
94 36
67 17
3 33
24 9
49 72
49 69
44 23
15 22
33 18
55 38
34 34
81 24
33 90
15 82
31 20
69 7
44 51
14 26
73 51
73 69
38 49
54 66
70 18
35 1
25 12
46 65
26 32
24 34
12 96
4 83
22 7
39 75
10 94
40 66
12 82
2 56
23 24
90 98
74 44
42 38
60 92
90 96
80 22
86 5
37 31
88 26
92 74
7 30
7 29
78 88
78 71
19 14
80 75
67 84
13 24
41 72
2 62
14 100
97 89
15 12
74 23
20 97
87 93
12 21
32 26
24 68
83 11
64 67
62 68
74 74
44 81
6 5
50 68
83 19
25 10
2 93
10 84
88 39
4 17
92 25
79 22
15 83
32 24
6 57
34 68
48 81
9 69
21 89
19 12
89 29
47 1
24 23
63 16
2 87
28 99
8 19
33 61
90 30
35 14
50 2
75 51
35 67
30 65
75 81
25 35
13 18
6 90
81 71
49 64
4 29
21 62
1 90
80 20
47 12
24 1
36 80
9 21
54 29
6 55
4 57
65 68
6 1
47 60
49 79
91 22
51 58
34 69
33 77
7 65
81 25
18 74
94 27
90 55
33 69
27 92
90 91
3 70
41 70
88 97
42 79
25 13
48 28
67 86
94 91
43 3
54 91
6 77
12 98
24 95
66 78
6 13
36 69
91 31
85 22
39 62
33 16
9 67
84 13
7 51
29 93
76 18
27 28
53 34
100 99
86 7
21 13
5 67
31 28
9 88
37 32
28 27
43 91
1 16
13 17
33 28
84 9
1 20
79 74
95 28
16 18
4 33
47 25
87 27
56 75
30 100
9 98
34 82
89 52
12 49
77 16
2 32
98 57
4 87
26 84
41 52
56 69
91 26
76 84
38 61
43 56
8 96
4 20
2 68
1 77
35 82
93 43
8 66
14 12
22 37
40 56
79 80
41 81
2 86
6 68
12 37
4 41
52 71
39 57
53 87
17 100
26 30
6 73
10 90
14 80
62 78
49 94
7 86
5 1
40 58
58 71
54 35
26 26
96 56
35 76
36 59
88 28
29 79
35 65
28 96
12 90
84 3
18 19
2 53
84 14
62 85
87 22
96 24
7 17
12 91
23 94
17 13
11 64
71 90
6 62
10 45
88 21
11 67
12 93
25 19
21 19
84 5
79 49
4 84
92 93
3 81
3 60
53 37
52 90
21 25
7 59
83 93
3 50
94 21
79 51
32 16
40 81
24 6
39 65
4 31
50 70
74 68
34 28
2 9
81 93
23 13
7 27
1 72
76 85
96 23
89 26
56 36
44 95
32 18
38 80
10 53
72 83
40 53
71 82
49 12
11 22
30 23
62 92
5 90
3 55
5 4
62 90
86 23
7 55
93 96
63 74
33 11
86 9
68 7
78 56
23 11
90 53
55 90
68 83
13 13
3 90
13 90
80 37
34 29
36 77
45 25
39 60
58 76
7 12
56 66
90 92
76 63
8 95
59 72
44 70
43 81
44 30
1 14
87 18
58 78
78 72
29 94
30 62
5 80
94 55
9 99
16 89
89 100
5 51
62 75
42 62
9 34
7 87
93 93
89 8
80 73
74 20
94 1
29 34
5 11
24 7
84 25
43 63
44 61
5 13
55 67
8 24
27 82
27 10
1 17
11 46
38 79
70 89
85 92
30 17
77 78
12 51
71 41
6 50
39 82
3 84
72 85
22 96
48 36
48 71
45 33
39 33
41 1
84 12
78 84
44 58
7 63
34 30
6 70
42 51
8 99
37 66
30 5
66 65
82 88
72 38
80 87
78 73
35 57
38 27
33 66
76 72
21 74
79 81
4 91
61 73
22 90
88 23
15 79
66 68
31 19
2 85
34 70
8 68
75 78
80 72
33 59
40 83
22 11
57 30
80 83
30 18
17 86
39 26
63 86
24 54
81 82
13 15
47 79
85 2
8 54
11 83
2 11
34 18
41 82
5 27
17 17
21 92
5 77
93 75
13 48
54 76
33 25
77 79
15 19
39 51
2 61
49 30
4 26
2 79
57 69
1 2
28 19
60 90
7 25
53 77
45 53
10 15
66 70
14 19
39 63
64 66
21 5
39 69
28 64
83 88
25 66
57 57
89 22
36 58
65 86
3 27
16 21
91 55
4 66
48 78
76 82
87 6
29 100
11 93
3 10
77 64
90 59
5 86
6 83
87 40
86 65
74 70
28 26
11 58
6 53
5 3
46 30
52 75
28 80
14 23
29 11
29 25
2 91
31 17
23 8
74 52
46 60
9 95
7 76
64 88
6 92
77 71
6 80
14 57
56 30
95 24
76 80
35 74
79 83
20 27
19 75
38 73
27 5
8 14
75 71
26 15
8 87
25 24
84 93
1 3
48 11
9 85
90 7
21 97
68 47
5 53
6 85
85 94
21 12
31 1
1 29
53 36
24 31
100 58
1 86
14 14
4 62
42 77
61 87
45 28
