2977
7 17
7 19
7 21
7 23
7 25
7 27
7 29
7 31
7 33
7 35
7 37
7 39
7 41
7 43
7 45
7 47
7 49
8 16
8 50
9 51
10 52
11 53
11 349
11 351
11 353
11 355
11 357
11 359
11 361
11 363
11 365
11 367
12 54
12 368
12 401
13 55
13 369
14 56
14 370
14 401
14 541
14 543
14 545
14 547
14 549
14 551
15 57
15 371
15 540
15 552
16 372
16 401
16 553
17 373
17 554
18 374
18 401
18 555
19 375
19 556
20 376
20 401
20 557
21 377
21 558
22 11
22 378
22 401
22 559
23 379
23 560
24 11
24 380
24 401
24 561
25 30
25 32
25 34
25 36
25 38
25 40
25 42
25 44
25 46
25 48
25 50
25 52
25 54
25 56
25 58
25 60
25 62
25 64
25 66
25 68
25 70
25 72
25 74
25 76
25 78
25 80
25 82
25 84
25 86
25 88
25 90
25 92
25 94
25 96
25 98
25 100
25 102
25 104
25 106
25 108
25 110
25 112
25 114
25 116
25 118
25 120
25 122
25 124
25 126
25 128
25 130
25 132
25 134
25 136
25 138
25 140
25 142
25 144
25 146
25 148
25 150
25 152
25 154
25 156
25 158
25 160
25 162
25 164
25 166
25 168
25 170
25 172
25 174
25 176
25 178
25 180
25 182
25 184
25 186
25 188
25 190
25 192
25 194
25 196
25 198
25 200
25 202
25 204
25 206
25 208
25 210
25 212
25 214
25 216
25 218
25 381
25 562
26 11
26 219
26 382
26 401
26 563
27 220
27 383
27 564
28 11
28 221
28 384
28 401
28 565
29 222
29 385
29 566
30 11
30 223
30 386
30 401
30 567
31 224
31 387
31 568
32 11
32 225
32 388
32 401
32 569
33 12
33 226
33 570
34 13
34 227
34 401
34 571
35 14
35 228
35 572
36 15
36 229
36 401
36 573
37 16
37 230
37 574
38 17
38 231
38 401
39 18
39 232
40 233
40 401
41 234
41 349
41 351
41 353
41 355
41 357
41 359
41 361
41 363
41 365
41 367
42 235
42 368
42 401
43 236
43 369
44 237
44 370
44 401
45 238
45 371
46 239
46 372
46 401
47 240
47 373
48 241
48 374
48 401
48 539
49 242
49 375
49 538
50 243
50 376
50 401
51 244
51 377
51 538
52 245
52 378
52 401
53 246
53 379
53 538
54 247
54 380
54 401
55 248
55 381
55 538
56 249
56 382
56 401
57 250
57 383
57 538
58 251
58 384
58 401
59 252
59 385
59 538
60 253
60 386
60 401
61 254
61 387
61 538
62 255
62 388
62 401
63 256
63 538
64 257
64 401
65 258
65 538
66 259
66 401
67 260
67 538
67 559
68 261
68 401
68 558
69 10
69 262
69 538
70 9
70 263
70 380
70 401
70 558
71 264
71 361
71 379
71 538
72 9
72 265
72 349
72 401
72 558
73 266
73 361
73 379
73 538
74 9
74 267
74 349
74 401
74 558
75 268
75 361
75 379
75 538
76 9
76 269
76 349
76 401
76 558
77 270
77 361
77 379
77 538
78 9
78 271
78 349
78 401
78 558
79 272
79 361
79 379
79 538
80 9
80 273
80 349
80 401
80 558
81 274
81 361
81 379
81 538
82 9
82 275
82 349
82 401
82 558
83 10
83 276
83 361
83 379
83 538
84 11
84 277
84 349
84 401
84 558
85 12
85 278
85 361
85 379
85 538
86 13
86 279
86 349
86 401
86 558
87 14
87 280
87 361
87 379
87 538
88 15
88 281
88 349
88 401
88 558
89 16
89 282
89 361
89 379
89 538
90 17
90 283
90 349
90 401
90 558
91 18
91 284
91 361
91 379
91 538
92 285
92 349
92 401
92 558
93 286
93 361
93 379
93 538
94 287
94 349
94 401
94 558
95 288
95 361
95 379
95 538
96 289
96 349
96 401
96 558
97 290
97 361
97 379
97 538
98 291
98 349
98 362
98 401
98 558
99 292
99 363
99 379
99 538
100 293
100 349
100 364
100 380
100 401
100 558
101 294
101 365
101 381
101 538
102 295
102 349
102 366
102 382
102 401
102 558
103 296
103 367
103 383
103 538
104 297
104 368
104 384
104 401
104 558
105 298
105 385
105 538
106 299
106 401
106 558
107 300
107 538
108 301
108 401
108 558
109 302
109 538
110 303
110 401
110 558
111 304
111 538
112 305
112 401
112 558
113 306
113 538
114 307
114 401
114 558
115 308
115 354
115 538
116 309
116 353
116 401
116 558
117 310
117 538
118 11
118 13
118 311
118 353
118 401
118 558
119 14
119 312
119 538
120 15
120 313
120 353
120 401
120 558
121 16
121 314
121 538
122 17
122 315
122 353
122 401
122 558
123 18
123 316
123 538
124 19
124 317
124 353
124 401
124 558
125 20
125 318
125 538
126 21
126 319
126 353
126 401
126 558
127 320
127 538
128 321
128 353
128 401
128 558
129 322
129 538
130 323
130 353
130 401
130 558
131 324
131 538
132 325
132 353
132 401
132 558
133 326
133 538
134 327
134 353
134 401
134 558
135 328
135 538
136 329
136 353
136 401
136 558
137 330
137 538
138 331
138 353
138 401
138 558
139 332
139 538
140 333
140 353
140 401
140 558
141 334
141 538
142 335
142 353
142 401
142 558
143 336
143 538
144 353
144 401
144 558
145 538
146 353
146 401
146 558
147 538
148 353
148 401
148 558
149 538
150 353
150 401
150 558
151 188
151 538
152 189
152 353
152 401
152 558
153 190
153 538
154 353
154 401
154 558
155 156
155 354
155 538
156 155
156 355
156 401
156 558
157 356
157 538
158 155
158 357
158 401
158 558
159 156
159 203
159 205
159 207
159 209
159 211
159 213
159 215
159 217
159 219
159 221
159 223
159 225
159 227
159 229
159 231
159 233
159 235
159 237
159 239
159 241
159 243
159 245
159 247
159 249
159 251
159 253
159 255
159 257
159 259
159 261
159 263
159 265
159 267
159 269
159 271
159 273
159 275
159 277
159 279
159 281
159 283
159 358
159 538
160 157
160 202
160 284
160 359
160 401
160 558
161 158
161 179
161 285
161 335
161 337
161 339
161 360
161 538
162 159
162 286
162 334
162 340
162 361
162 401
162 558
163 160
163 179
163 287
163 341
163 362
163 402
163 538
164 161
164 288
164 342
164 363
164 403
164 558
165 162
165 179
165 289
165 343
165 364
165 404
165 538
166 33
166 163
166 290
166 344
166 365
166 405
166 558
167 179
167 291
167 366
167 406
167 538
168 33
168 292
168 367
168 407
168 558
169 179
169 293
169 368
169 408
169 538
170 33
170 294
170 369
170 409
170 558
171 7
171 9
171 11
171 13
171 15
171 159
171 161
171 179
171 295
171 370
171 410
171 538
172 6
172 16
172 33
172 162
172 296
172 371
172 411
172 558
173 17
173 179
173 297
173 372
173 412
173 538
174 18
174 33
174 188
174 298
174 373
174 413
174 558
175 19
175 179
175 299
175 374
175 414
175 538
176 20
176 33
176 180
176 188
176 300
176 375
176 415
176 558
177 21
177 181
177 301
177 376
177 416
177 538
178 22
178 33
178 182
178 188
178 302
178 377
178 417
178 558
179 23
179 303
179 378
179 418
179 538
180 24
180 33
180 188
180 304
180 379
180 419
180 558
181 25
181 158
181 160
181 162
181 305
181 339
181 380
181 420
181 538
182 33
182 157
182 163
182 188
182 306
182 338
182 381
182 421
182 558
183 164
183 307
183 339
183 382
183 422
183 538
184 33
184 165
184 188
184 308
184 340
184 383
184 423
184 558
185 166
185 309
185 341
185 384
185 424
185 538
186 33
186 188
186 310
186 342
186 385
186 425
186 558
187 311
187 343
187 386
187 426
187 538
188 33
188 188
188 312
188 344
188 387
188 427
188 558
189 313
189 388
189 428
189 538
190 33
190 174
190 188
190 314
190 389
190 429
190 558
191 315
191 390
191 430
191 538
192 33
192 174
192 188
192 316
192 391
192 431
192 558
193 175
193 189
193 317
193 432
193 538
194 33
194 176
194 190
194 318
194 433
194 558
195 177
195 191
195 319
195 434
195 538
196 33
196 178
196 320
196 435
196 558
197 157
197 321
197 436
197 538
198 33
198 322
198 437
198 558
199 157
199 323
199 438
199 538
200 33
200 324
200 439
200 558
201 157
201 325
201 440
201 538
202 33
202 441
202 558
203 157
203 442
203 538
204 33
204 332
204 334
204 336
204 363
204 365
204 367
204 369
204 371
204 373
204 375
204 377
204 379
204 381
204 383
204 443
204 558
205 157
205 337
205 384
205 444
205 538
206 33
206 181
206 183
206 338
206 385
206 445
206 558
207 157
207 184
207 339
207 386
207 446
207 538
208 12
208 33
208 185
208 340
208 387
208 447
208 558
209 11
209 157
209 186
209 341
209 448
209 538
210 33
210 449
210 558
211 11
211 157
211 450
211 538
212 33
212 451
212 558
213 11
213 157
213 452
213 538
214 33
214 453
214 558
215 11
215 157
215 454
215 538
216 33
216 455
216 558
217 11
217 157
217 456
217 538
218 33
218 174
218 176
218 178
218 180
218 182
218 184
218 186
218 188
218 190
218 192
218 194
218 196
218 198
218 200
218 202
218 204
218 206
218 208
218 210
218 212
218 457
218 558
219 11
219 157
219 213
219 458
219 538
220 12
220 33
220 214
220 459
220 558
221 13
221 157
221 215
221 460
221 538
222 14
222 33
222 158
222 216
222 461
222 558
223 15
223 159
223 217
223 462
223 538
224 16
224 33
224 160
224 218
224 463
224 558
225 17
225 161
225 219
225 464
225 538
226 18
226 33
226 162
226 220
226 465
226 558
227 19
227 163
227 221
227 466
227 538
228 20
228 33
228 222
228 467
228 558
229 223
229 468
229 538
230 33
230 224
230 469
230 558
231 225
231 470
231 538
232 33
232 226
232 471
232 558
233 227
233 472
233 538
234 33
234 228
234 473
234 558
235 229
235 474
235 538
236 33
236 230
236 475
236 558
237 231
237 476
237 538
238 33
238 232
238 477
238 558
239 233
239 478
239 538
240 33
240 234
240 479
240 558
241 235
241 480
241 538
242 33
242 236
242 481
242 558
243 237
243 482
243 538
244 33
244 238
244 483
244 558
245 239
245 484
245 538
246 33
246 240
246 485
246 558
247 241
247 486
247 538
248 33
248 242
248 487
248 558
249 154
249 156
249 158
249 159
249 243
249 488
249 538
250 33
250 244
250 489
250 558
251 245
251 490
251 538
252 33
252 246
252 491
252 558
253 247
253 492
253 538
254 33
254 248
254 493
254 558
255 249
255 494
255 538
256 33
256 250
256 495
256 558
257 251
257 496
257 538
258 33
258 252
258 497
258 558
259 253
259 498
259 538
260 33
260 254
260 499
260 558
261 255
261 500
261 538
262 33
262 256
262 501
262 558
263 257
263 502
263 538
264 33
264 258
264 503
264 558
265 156
265 259
265 504
265 538
266 33
266 155
266 157
266 260
266 505
266 558
267 158
267 261
267 506
267 538
268 33
268 159
268 262
268 507
268 558
269 160
269 263
269 508
269 538
270 33
270 264
270 509
270 558
271 265
271 510
271 538
272 33
272 266
272 511
272 558
273 267
273 512
273 538
274 33
274 268
274 513
274 558
275 269
275 514
275 538
276 33
276 270
276 515
276 558
277 13
277 271
277 516
277 538
278 33
278 272
278 517
278 558
279 13
279 273
279 518
279 538
280 33
280 274
280 519
280 558
281 13
281 275
281 520
281 538
282 33
282 276
282 521
282 558
283 13
283 277
283 522
283 538
284 33
284 278
284 523
284 558
285 13
285 279
285 538
286 33
286 280
286 558
287 13
287 281
287 538
288 33
288 159
288 282
288 558
289 13
289 158
289 283
289 538
290 33
290 284
290 558
291 13
291 158
291 285
291 417
291 538
292 33
292 286
292 418
292 558
293 13
293 158
293 287
293 396
293 419
293 538
294 33
294 288
294 420
294 433
294 558
295 13
295 158
295 289
295 396
295 432
295 488
295 538
296 33
296 290
296 433
296 489
296 558
297 13
297 158
297 291
297 396
297 434
297 490
297 538
298 33
298 292
298 435
298 491
298 558
299 13
299 158
299 293
299 396
299 436
299 492
299 538
300 33
300 294
300 437
300 493
300 558
301 13
301 158
301 295
301 438
301 494
301 538
302 33
302 296
302 439
302 495
302 558
303 13
303 158
303 297
303 440
303 496
303 538
304 33
304 298
304 441
304 497
304 558
305 13
305 158
305 299
305 442
305 498
305 538
306 33
306 300
306 443
306 499
306 558
307 13
307 158
307 301
307 444
307 500
307 538
308 33
308 302
308 401
308 417
308 445
308 501
308 558
309 13
309 158
309 303
309 446
309 502
309 538
310 33
310 304
310 401
310 417
310 447
310 503
310 558
311 13
311 158
311 305
311 402
311 448
311 504
311 538
312 33
312 306
312 403
312 417
312 449
312 505
312 558
313 13
313 158
313 307
313 404
313 450
313 506
313 538
314 33
314 308
314 405
314 417
314 451
314 507
314 558
315 13
315 158
315 309
315 406
315 418
315 452
315 508
315 538
316 33
316 310
316 419
316 453
316 509
316 558
317 13
317 158
317 311
317 454
317 510
317 538
318 33
318 312
318 455
318 511
318 558
319 13
319 158
319 313
319 456
319 512
319 538
320 14
320 33
320 159
320 314
320 457
320 513
320 558
321 15
321 160
321 315
321 458
321 514
321 538
322 16
322 33
322 161
322 316
322 459
322 515
322 558
323 162
323 317
323 460
323 516
323 538
324 33
324 150
324 163
324 318
324 461
324 517
324 558
325 319
325 399
325 401
325 403
325 405
325 407
325 462
325 538
326 33
326 150
326 320
326 408
326 463
326 558
327 321
327 464
327 538
328 33
328 150
328 322
328 558
329 323
329 538
330 33
330 150
330 324
330 558
331 325
331 538
332 33
332 150
332 326
332 558
333 327
333 538
334 33
334 150
334 328
334 558
335 329
335 538
336 33
336 150
336 330
336 558
337 331
337 538
338 33
338 150
338 332
338 418
338 558
339 333
339 417
339 538
340 33
340 150
340 161
340 334
340 558
341 335
341 397
341 417
341 538
342 33
342 150
342 161
342 336
342 558
343 337
343 397
343 417
343 538
344 33
344 150
344 161
344 338
344 558
345 339
345 397
345 417
345 538
346 33
346 150
346 161
346 340
346 558
347 341
347 397
347 417
347 538
348 33
348 150
348 161
348 342
348 558
349 343
349 397
349 417
349 538
350 33
350 150
350 161
350 344
350 558
351 162
351 345
351 397
351 417
351 538
352 33
352 150
352 163
352 346
352 558
353 164
353 347
353 397
353 417
353 538
354 33
354 150
354 348
354 558
355 349
355 397
355 417
355 538
356 33
356 150
356 350
356 398
356 558
357 351
357 399
357 417
357 538
358 33
358 150
358 352
358 400
358 558
359 353
359 417
359 538
360 33
360 150
360 354
360 558
361 355
361 417
361 538
362 33
362 150
362 356
362 558
363 34
363 357
363 417
363 538
364 9
364 11
364 13
364 15
364 17
364 35
364 150
364 358
364 558
365 8
365 18
365 36
365 359
365 417
365 538
366 19
366 37
366 150
366 360
366 558
367 20
367 38
367 162
367 361
367 417
367 538
368 21
368 39
368 150
368 362
368 539
368 558
369 22
369 40
369 162
369 363
369 417
369 540
370 23
370 41
370 150
370 163
370 364
370 541
370 558
371 24
371 42
371 164
371 365
371 417
371 542
372 25
372 43
372 150
372 366
372 543
372 558
373 26
373 44
373 367
373 417
373 544
374 27
374 45
374 150
374 368
374 558
375 28
375 46
375 369
375 417
376 47
376 150
376 370
376 558
377 48
377 371
377 417
378 49
378 150
378 372
378 558
379 50
379 373
379 417
380 51
380 150
380 374
380 558
381 52
381 375
381 417
382 53
382 150
382 376
382 558
383 54
383 164
383 377
383 417
384 55
384 150
384 163
384 378
384 558
385 56
385 379
385 417
386 57
386 150
386 163
386 380
386 558
387 58
387 381
387 417
388 59
388 150
388 163
388 382
388 558
389 60
389 164
389 383
389 417
390 61
390 150
390 165
390 384
390 534
390 558
391 62
391 166
391 385
391 417
391 533
391 535
392 63
392 150
392 386
392 536
392 558
393 64
393 387
393 417
393 537
394 65
394 150
394 538
394 558
395 66
395 417
395 539
396 67
396 150
396 540
396 558
397 68
397 417
397 541
398 69
398 150
398 542
398 558
399 70
399 417
399 543
400 10
400 71
400 150
400 544
400 558
401 72
401 151
401 417
401 545
402 10
402 73
402 152
402 546
402 558
403 74
403 417
403 547
404 10
404 75
404 548
404 558
405 76
405 417
406 10
406 77
406 184
406 554
406 558
407 78
407 183
407 417
408 10
408 79
408 554
408 558
409 11
409 80
409 183
409 260
409 417
410 12
410 81
410 259
410 554
410 558
411 13
411 82
411 183
411 417
411 533
412 14
412 83
412 155
412 157
412 159
412 161
412 163
412 165
412 167
412 259
412 554
412 558
413 15
413 84
413 154
413 168
413 183
413 417
413 533
414 16
414 85
414 169
414 259
414 554
414 558
415 17
415 86
415 170
415 183
415 417
415 533
416 18
416 87
416 259
416 554
416 558
417 19
417 88
417 183
417 417
417 533
418 20
418 89
418 184
418 259
418 554
418 558
419 21
419 90
419 185
419 417
419 533
420 22
420 91
420 186
420 259
420 554
420 558
421 23
421 92
421 187
421 417
421 533
422 24
422 93
422 188
422 259
422 554
422 558
423 25
423 94
423 189
423 417
423 533
424 26
424 95
424 190
424 259
424 554
424 558
425 27
425 96
425 191
425 417
425 533
426 97
426 192
426 259
426 554
426 558
427 98
427 193
427 417
427 533
428 99
428 157
428 159
428 194
428 259
428 554
428 558
429 100
429 160
429 195
429 417
429 533
430 101
430 161
430 196
430 259
430 554
430 558
431 102
431 162
431 197
431 417
431 533
432 103
432 163
432 198
432 259
432 554
432 558
433 104
433 164
433 199
433 417
433 533
434 105
434 165
434 200
434 259
434 554
434 558
435 106
435 166
435 201
435 417
435 533
436 107
436 167
436 202
436 259
436 554
436 558
437 108
437 168
437 203
437 417
437 533
438 109
438 169
438 204
438 259
438 554
438 558
439 110
439 170
439 205
439 417
439 533
440 111
440 171
440 206
440 259
440 554
440 558
441 112
441 172
441 207
441 417
441 533
442 113
442 173
442 208
442 259
442 554
442 558
443 114
443 174
443 209
443 260
443 417
443 533
444 115
444 175
444 210
444 261
444 554
444 558
445 116
445 211
445 262
445 417
445 533
446 117
446 212
446 263
446 554
446 558
447 118
447 213
447 264
447 417
447 533
447 547
448 9
448 11
448 119
448 214
448 265
448 554
448 558
449 8
449 12
449 120
449 215
449 266
449 417
449 533
449 547
450 13
450 121
450 216
450 267
450 554
450 558
451 14
451 122
451 217
451 268
451 417
451 533
451 547
452 15
452 123
452 218
452 269
452 554
452 558
453 16
453 124
453 219
453 270
453 417
453 533
453 547
454 17
454 125
454 220
454 271
454 554
454 558
455 18
455 126
455 221
455 272
455 417
455 533
456 19
456 127
456 222
456 273
456 554
456 558
457 20
457 128
457 223
457 274
457 417
457 533
458 129
458 224
458 275
458 554
458 558
459 130
459 225
459 276
459 417
459 533
460 131
460 226
460 277
460 554
460 558
461 132
461 227
461 278
461 417
461 533
462 133
462 228
462 279
462 554
462 558
463 134
463 229
463 280
463 417
463 533
464 135
464 281
464 554
464 558
465 136
465 282
465 417
465 533
466 137
466 283
466 554
466 558
467 138
467 284
467 417
467 533
468 139
468 285
468 554
468 558
469 140
469 286
469 417
469 533
470 141
470 287
470 554
470 558
471 142
471 288
471 417
471 533
472 143
472 173
472 175
472 177
472 179
472 289
472 554
472 558
473 144
473 180
473 290
473 417
473 533
474 181
474 291
474 534
474 554
474 558
475 182
475 292
475 417
475 535
476 183
476 293
476 418
476 536
476 554
476 558
477 184
477 294
477 419
477 537
478 185
478 295
478 420
478 538
478 554
478 558
479 186
479 296
479 421
479 539
480 187
480 297
480 422
480 540
480 554
480 558
481 188
481 298
481 423
482 189
482 299
482 424
482 554
482 558
483 190
483 300
483 425
484 13
484 191
484 301
484 426
484 554
484 558
485 12
485 192
485 302
485 427
486 193
486 303
486 428
486 554
486 558
487 12
487 194
487 304
487 429
488 195
488 305
488 430
488 535
488 554
488 558
489 12
489 196
489 306
489 431
489 534
490 197
490 307
490 432
490 535
490 554
490 558
491 12
491 198
491 308
491 433
491 536
492 199
492 309
492 434
492 554
492 558
493 12
493 200
493 310
493 435
494 201
494 311
494 436
494 554
494 558
495 12
495 202
495 312
495 437
496 41
496 43
496 45
496 47
496 49
496 51
496 53
496 55
496 57
496 59
496 61
496 63
496 65
496 67
496 69
496 71
496 73
496 75
496 77
496 79
496 81
496 83
496 85
496 87
496 89
496 91
496 93
496 203
496 313
496 438
496 554
496 558
497 12
497 94
497 204
497 314
497 439
498 95
498 205
498 315
498 440
498 554
498 558
499 12
499 96
499 206
499 316
499 441
500 97
500 207
500 317
500 442
500 554
500 558
501 12
501 98
501 208
501 318
501 443
501 559
502 99
502 209
502 319
502 444
502 554
502 560
503 12
503 100
503 210
503 320
503 445
503 561
504 101
504 211
504 321
504 446
504 538
504 554
504 562
505 12
505 102
505 212
505 322
505 447
505 539
505 563
506 103
506 213
506 323
506 448
506 540
506 554
506 564
507 12
507 104
507 214
507 324
507 449
507 565
508 105
508 215
508 325
508 450
508 554
508 566
509 12
509 106
509 216
509 326
509 451
509 567
510 107
510 217
510 327
510 452
510 554
510 568
511 12
511 108
511 218
511 328
511 453
511 569
512 109
512 219
512 329
512 454
512 554
512 570
513 12
513 110
513 220
513 330
513 455
513 571
514 111
514 221
514 331
514 456
514 554
515 12
515 112
515 222
515 332
515 457
516 113
516 223
516 333
516 458
516 554
517 12
517 114
517 224
517 334
517 459
518 115
518 225
518 335
518 460
518 554
519 12
519 116
519 226
519 336
519 461
519 554
520 117
520 337
520 462
521 12
521 118
521 338
521 463
522 119
522 339
522 464
523 12
523 120
523 340
523 465
524 121
524 341
524 466
525 12
525 122
525 342
525 467
526 123
526 343
526 468
527 12
527 124
527 344
527 469
527 544
528 125
528 206
528 208
528 209
528 345
528 470
528 543
529 12
529 126
529 176
529 225
529 227
529 346
529 471
530 127
530 175
530 224
530 228
530 347
530 472
530 543
531 12
531 128
531 191
531 229
531 348
531 473
532 129
532 175
532 190
532 230
532 349
532 474
532 543
533 12
533 130
533 176
533 231
533 350
533 475
534 131
534 177
534 190
534 232
534 351
534 476
534 543
535 12
535 132
535 178
535 352
535 477
536 133
536 179
536 190
536 353
536 478
536 543
537 12
537 134
537 191
537 354
537 479
537 544
538 135
538 192
538 207
538 209
538 211
538 213
538 215
538 217
538 355
538 480
538 545
539 12
539 136
539 193
539 218
539 356
539 481
539 546
540 137
540 194
540 219
540 357
540 482
540 547
541 12
541 138
541 220
541 358
541 483
541 548
542 139
542 359
542 484
542 549
543 12
543 140
543 360
543 485
543 550
544 141
544 361
544 486
544 551
545 12
545 142
545 362
545 487
545 552
546 143
546 363
546 488
546 553
547 12
547 144
547 364
547 489
547 554
548 145
548 234
548 365
548 490
548 555
549 12
549 146
549 366
549 491
549 556
550 147
550 234
550 367
550 492
550 557
551 12
551 148
551 368
551 493
551 558
552 149
552 181
552 234
552 369
552 494
552 559
553 12
553 150
553 180
553 370
553 495
553 560
554 151
554 181
554 234
554 371
554 496
554 561
555 12
555 152
555 182
555 372
555 497
555 562
556 153
556 183
556 204
556 206
556 208
556 234
556 373
556 498
556 563
557 12
557 154
557 184
557 203
557 209
557 374
557 499
557 564
558 155
558 185
558 210
558 234
558 375
558 500
558 565
559 12
559 156
559 186
559 211
559 235
559 376
559 501
559 566
560 157
560 187
560 212
560 236
560 377
560 502
560 567
561 12
561 188
561 213
561 237
561 378
561 503
561 568
562 379
562 504
562 569
563 12
563 380
563 505
563 570
564 381
564 506
564 571
565 12
565 382
565 507
565 572
566 383
566 508
566 573
567 12
567 384
567 509
567 574
568 226
568 228
568 230
568 385
568 510
568 575
569 12
569 231
569 386
569 511
569 576
570 47
570 49
570 79
570 137
570 139
570 141
570 159
570 161
570 232
570 387
570 512
570 577
571 12
571 46
571 50
571 78
571 111
571 136
571 142
571 158
571 162
571 388
571 513
571 578
572 79
572 143
572 163
572 389
572 514
572 579
573 12
573 80
573 95
573 97
573 111
573 144
573 164
573 213
573 215
573 390
573 515
573 580
574 81
574 94
574 98
574 145
574 165
574 183
574 185
574 187
574 216
574 391
574 516
574 581
575 12
575 111
575 166
575 188
575 217
575 392
575 517
575 582
576 13
576 167
576 189
576 393
576 518
576 583
577 14
577 111
577 168
577 190
577 394
577 519
577 584
578 15
578 111
578 169
578 191
578 395
578 520
578 585
579 16
579 170
579 396
579 521
579 586
580 17
580 171
580 239
580 397
580 522
581 18
581 45
581 172
581 238
581 398
581 523
582 19
582 44
582 46
582 399
582 524
583 238
583 400
583 525
584 56
584 87
584 89
584 91
584 93
584 239
585 55
585 94
585 240
586 95
586 120
586 241
587 55
587 70
587 72
587 121
587 168
587 170
587 172
587 174
587 176
587 178
587 180
588 56
588 69
588 73
588 122
588 138
588 140
588 142
588 144
588 146
588 148
588 150
588 152
588 181
589 57
589 74
589 123
589 153
589 182
589 196
589 198
589 200
589 202
589 204
589 206
589 208
589 210
589 212
589 214
589 216
589 218
589 220
589 222
590 33
590 35
590 37
590 39
590 58
590 124
590 154
590 183
590 223
591 32
591 40
591 155
591 224
