1565
1 3
1 6
1 8
1 11
1 14
1 17
1 19
1 25
1 29
1 31
1 33
1 36
1 38
1 40
1 42
1 46
1 48
1 51
1 54
1 56
1 64
1 67
1 69
1 72
1 75
1 77
1 79
1 81
1 86
1 88
1 90
1 92
1 94
1 96
2 2
2 4
2 9
2 12
2 16
2 21
2 26
2 28
2 45
2 53
2 57
2 59
2 61
2 63
2 65
2 71
2 74
2 78
2 82
2 87
2 91
2 100
3 1
3 3
3 10
3 13
3 24
3 27
3 30
3 44
3 50
3 55
3 60
3 64
3 70
3 81
3 85
3 90
4 5
4 8
4 16
4 20
4 23
4 26
4 28
4 33
4 35
4 41
4 49
4 62
4 66
4 68
4 74
4 83
4 84
4 87
4 91
4 97
5 1
5 3
5 10
5 13
5 15
5 18
5 31
5 37
5 39
5 45
5 47
5 51
5 53
5 56
5 59
5 63
5 71
5 75
5 77
5 79
5 86
5 90
5 94
5 95
5 100
6 4
6 5
6 11
6 14
6 16
6 19
6 21
6 23
6 27
6 30
6 34
6 36
6 40
6 42
6 44
6 48
6 50
6 54
6 57
6 60
6 62
6 67
6 68
6 70
6 78
6 80
6 83
6 85
6 89
6 92
7 7
7 12
7 20
7 25
7 29
7 32
7 47
7 52
7 55
7 63
7 65
7 72
7 74
7 76
7 82
7 86
7 88
7 100
8 3
8 10
8 14
8 17
8 22
8 26
8 33
8 40
8 49
8 54
8 57
8 61
8 66
8 68
8 71
8 75
8 78
8 83
8 87
8 96
9 13
9 18
9 24
9 30
9 34
9 36
9 39
9 42
9 47
9 50
9 53
9 56
9 58
9 62
9 69
9 80
9 85
9 88
9 91
9 93
9 95
9 97
9 100
10 1
10 6
10 10
10 15
10 21
10 28
10 32
10 37
10 46
10 51
10 57
10 59
10 65
10 68
10 71
10 76
10 79
10 81
10 84
10 90
10 94
10 96
10 98
11 11
11 18
11 22
11 24
11 27
11 29
11 35
11 44
11 49
11 52
11 56
11 58
11 62
11 64
11 67
11 73
11 82
11 86
11 93
11 97
12 14
12 16
12 19
12 21
12 38
12 42
12 51
12 53
12 77
12 81
12 83
12 85
12 91
12 94
13 5
13 13
13 15
13 17
13 20
13 22
13 24
13 26
13 28
13 35
13 38
13 45
13 46
13 48
13 54
13 58
13 62
13 64
13 66
13 68
13 78
13 86
13 90
14 4
14 12
14 14
14 19
14 23
14 29
14 41
14 51
14 53
14 55
14 57
14 59
14 69
14 71
14 73
14 80
14 88
14 92
14 95
14 100
15 3
15 10
15 21
15 25
15 37
15 42
15 47
15 50
15 60
15 74
15 77
15 79
15 98
16 12
16 15
16 18
16 20
16 27
16 29
16 39
16 46
16 64
16 76
16 81
16 84
16 89
16 94
17 4
17 9
17 13
17 16
17 22
17 25
17 34
17 44
17 56
17 61
17 69
17 79
17 86
17 88
17 91
17 95
17 100
18 7
18 10
18 15
18 17
18 19
18 33
18 48
18 66
18 71
18 74
18 78
18 97
19 3
19 5
19 8
19 12
19 14
19 24
19 32
19 44
19 46
19 54
19 58
19 65
19 70
19 75
19 77
19 82
19 86
19 88
19 93
19 100
20 21
20 27
20 31
20 83
20 90
20 96
21 3
21 5
21 9
21 12
21 13
21 17
21 29
21 37
21 39
21 50
21 54
21 59
21 61
21 65
21 71
21 73
21 75
21 79
21 84
21 92
21 95
21 97
21 100
22 4
22 7
22 11
22 18
22 19
22 23
22 26
22 28
22 35
22 40
22 67
22 90
22 93
22 96
22 100
23 8
23 13
23 20
23 24
23 41
23 43
23 52
23 60
23 63
23 71
23 76
23 81
23 87
23 94
23 97
23 99
24 3
24 5
24 7
24 9
24 12
24 14
24 18
24 22
24 23
24 25
24 27
24 31
24 35
24 44
24 54
24 62
24 82
24 90
24 92
24 95
25 10
25 13
25 19
25 24
25 29
25 30
25 36
25 45
25 50
25 52
25 56
25 67
25 70
25 72
25 83
25 86
25 89
26 2
26 8
26 15
26 20
26 25
26 27
26 31
26 46
26 48
26 54
26 65
26 78
26 80
26 88
26 93
26 97
27 3
27 5
27 7
27 11
27 14
27 17
27 21
27 28
27 32
27 36
27 57
27 67
27 74
27 83
27 92
27 94
27 100
28 10
28 12
28 19
28 22
28 24
28 26
28 34
28 37
28 58
28 64
28 69
28 80
28 84
28 90
28 96
28 98
29 3
29 6
29 8
29 11
29 14
29 16
29 23
29 25
29 30
29 35
29 38
29 59
29 62
29 76
29 78
29 87
29 93
29 94
29 100
30 4
30 9
30 12
30 15
30 19
30 21
30 29
30 39
30 60
30 65
30 73
30 81
30 86
30 97
31 1
31 17
31 20
31 23
31 28
31 35
31 40
31 45
31 47
31 61
31 66
31 78
31 83
31 91
31 93
31 95
31 100
32 4
32 10
32 12
32 16
32 18
32 24
32 26
32 31
32 33
32 41
32 49
32 51
32 53
32 72
32 75
32 80
32 90
32 96
33 3
33 5
33 7
33 11
33 13
33 20
33 22
33 25
33 28
33 42
33 57
33 59
33 61
33 63
33 66
33 67
33 69
33 74
33 77
33 82
33 89
33 100
34 1
34 2
34 16
34 18
34 24
34 29
34 31
34 32
34 43
34 55
34 62
34 65
34 68
34 71
34 78
34 80
34 88
34 94
35 6
35 10
35 13
35 54
35 57
35 60
35 67
35 74
35 77
35 91
35 93
35 96
35 98
35 100
36 2
36 7
36 11
36 22
36 24
36 26
36 28
36 31
36 34
36 36
36 38
36 40
36 42
36 44
36 46
36 48
36 58
36 63
36 69
36 76
36 80
36 83
36 85
36 88
37 8
37 29
37 49
37 54
37 66
37 71
37 74
37 82
38 4
38 14
38 22
38 32
38 61
38 70
38 73
38 75
38 78
38 80
39 13
39 27
39 33
39 51
39 57
39 60
39 62
39 63
39 65
39 67
39 69
39 82
39 86
39 91
39 94
39 96
39 100
40 5
40 7
40 12
40 16
40 18
40 31
40 40
40 53
40 56
40 58
40 61
40 64
40 66
40 68
40 72
40 76
40 78
40 80
40 83
40 92
41 1
41 19
41 25
41 27
41 33
41 35
41 48
41 52
41 56
41 59
41 61
41 63
41 67
41 70
41 75
41 80
41 82
41 100
42 5
42 10
42 20
42 29
42 38
42 47
42 49
42 51
42 54
42 57
42 60
42 73
42 77
42 86
42 90
43 2
43 6
43 23
43 31
43 36
43 44
43 46
43 53
43 56
43 62
43 63
43 68
43 78
43 80
43 94
43 100
44 14
44 22
44 30
44 40
44 42
44 51
44 55
44 57
44 59
44 61
44 64
44 69
44 73
44 77
44 81
44 95
45 6
45 21
45 25
45 28
45 33
45 35
45 39
45 53
45 62
45 65
45 70
45 74
45 88
45 90
45 100
46 1
46 7
46 30
46 38
46 49
46 51
46 57
46 60
46 68
46 71
46 75
46 84
46 93
47 8
47 14
47 16
47 21
47 23
47 25
47 28
47 32
47 35
47 37
47 65
47 67
47 76
47 78
47 80
47 83
47 100
48 9
48 10
48 24
48 26
48 34
48 36
48 49
48 56
48 60
48 64
48 70
48 97
49 3
49 13
49 20
49 29
49 31
49 43
49 48
49 69
49 71
49 75
49 78
49 81
49 88
49 94
49 96
50 2
50 14
50 19
50 47
50 54
50 57
50 60
50 63
50 68
50 73
50 77
50 82
51 4
51 18
51 29
51 31
51 33
51 42
51 46
51 52
51 76
51 86
51 93
51 100
52 6
52 11
52 13
52 17
52 28
52 60
52 64
52 65
52 67
52 71
52 75
52 78
52 80
53 4
53 27
53 36
53 40
53 49
53 54
53 56
53 69
53 72
53 74
53 76
53 85
53 87
53 90
53 100
54 3
54 9
54 22
54 35
54 45
54 52
54 58
54 60
54 65
54 68
54 77
54 83
54 91
55 2
55 8
55 16
55 38
55 40
55 44
55 64
55 70
55 73
55 79
55 90
55 100
56 1
56 30
56 35
56 53
56 67
56 69
56 72
56 85
56 89
56 91
56 95
57 22
57 36
57 38
57 49
57 55
57 57
57 62
57 70
57 76
57 81
57 88
58 5
58 23
58 29
58 31
58 33
58 35
58 43
58 59
58 63
58 67
58 71
58 74
58 78
58 90
58 100
59 6
59 14
59 36
59 38
59 42
59 55
59 64
59 69
59 72
59 77
59 86
60 13
60 23
60 61
60 66
60 71
60 75
60 79
60 90
60 100
61 4
61 8
61 24
61 36
61 38
61 49
61 53
61 57
61 63
61 67
61 69
61 87
61 94
62 1
62 6
62 9
62 11
62 25
62 35
62 39
62 59
62 70
62 73
62 75
62 77
62 80
62 83
62 86
62 89
62 91
62 100
63 3
63 5
63 8
63 16
63 34
63 40
63 49
63 57
63 64
63 71
63 79
63 84
63 88
64 12
64 25
64 41
64 67
64 75
64 78
64 86
64 88
64 90
64 92
64 100
65 3
65 6
65 13
65 16
65 26
65 36
65 49
65 56
65 58
65 64
65 66
65 69
65 79
65 84
66 7
66 14
66 27
66 33
66 41
66 45
66 65
66 68
66 70
66 73
66 75
66 77
66 80
66 85
66 90
66 91
66 100
67 3
67 5
67 16
67 32
67 42
67 49
67 56
67 67
67 71
67 86
67 89
68 14
68 17
68 26
68 43
68 47
68 78
68 80
68 83
68 87
68 91
68 100
69 2
69 5
69 7
69 36
69 49
69 56
69 60
69 66
69 70
69 82
70 14
70 17
70 24
70 26
70 31
70 40
70 45
70 47
70 68
70 76
70 78
70 81
70 85
70 87
70 89
70 90
70 100
71 1
71 3
71 6
71 18
71 30
71 41
71 43
71 49
71 55
71 61
71 64
71 67
71 70
71 77
71 82
71 94
72 7
72 14
72 22
72 24
72 38
72 44
72 65
72 72
72 79
72 83
72 85
72 87
72 90
72 93
73 3
73 18
73 36
73 41
73 49
73 51
73 61
73 69
73 72
73 78
73 86
74 4
74 14
74 20
74 22
74 29
74 38
74 40
74 44
74 45
74 52
74 63
74 65
74 70
74 75
74 81
74 83
74 88
74 100
75 18
75 28
75 43
75 49
75 61
75 64
75 67
75 68
75 71
75 74
75 84
75 92
76 4
76 14
76 20
76 45
76 51
76 52
76 63
76 66
76 70
76 72
76 78
76 80
76 85
76 92
77 17
77 36
77 46
77 49
77 62
77 64
77 68
77 71
77 76
77 79
77 81
77 82
77 95
77 97
77 99
78 4
78 14
78 51
78 53
78 65
78 67
78 69
78 71
78 73
78 84
78 86
78 88
78 91
78 94
79 15
79 17
79 21
79 23
79 25
79 27
79 29
79 32
79 34
79 36
79 38
79 40
79 43
79 45
79 47
79 49
79 56
79 62
79 74
79 76
79 78
79 81
79 83
79 89
79 100
80 4
80 6
80 18
80 20
80 48
80 52
80 64
80 66
80 72
80 73
80 75
80 80
80 85
80 87
80 92
81 17
81 42
81 58
81 60
81 62
81 67
81 71
81 82
81 84
81 93
81 100
82 4
82 12
82 14
82 16
82 31
82 47
82 49
82 51
82 53
82 68
82 70
82 75
82 77
82 80
82 88
82 90
82 92
82 97
83 13
83 19
83 37
83 39
83 41
83 44
83 46
83 82
83 85
83 95
84 4
84 5
84 10
84 12
84 25
84 28
84 30
84 32
84 36
84 57
84 71
84 73
84 75
84 83
84 88
84 91
84 93
85 3
85 16
85 20
85 22
85 26
85 56
85 63
85 92
85 94
86 5
86 7
86 9
86 15
86 17
86 23
86 33
86 42
86 49
86 51
86 55
86 65
86 80
86 82
86 86
86 90
86 95
87 3
87 8
87 13
87 20
87 22
87 24
87 27
87 29
87 34
87 40
87 66
87 77
87 89
87 92
87 94
88 5
88 9
88 11
88 18
88 23
88 25
88 28
88 38
88 48
88 57
88 85
88 87
88 91
88 99
89 6
89 8
89 20
89 22
89 26
89 33
89 37
89 39
89 43
89 50
89 52
89 60
89 74
89 77
89 80
89 90
89 93
89 95
89 97
89 100
90 2
90 7
90 12
90 17
90 24
90 28
90 30
90 34
90 47
90 49
90 53
90 57
90 59
90 75
90 92
91 1
91 14
91 19
91 21
91 23
91 26
91 37
91 44
91 50
91 55
91 60
91 62
91 67
91 71
91 83
91 87
91 94
91 97
91 100
92 2
92 7
92 12
92 17
92 25
92 28
92 30
92 32
92 34
92 38
92 41
92 46
92 53
92 57
92 66
92 74
92 81
92 91
92 92
92 95
92 98
93 23
93 31
93 39
93 43
93 56
93 58
93 72
93 75
93 93
93 96
94 1
94 4
94 6
94 8
94 10
94 12
94 14
94 25
94 27
94 36
94 50
94 52
94 54
94 61
94 66
94 73
94 91
94 94
94 100
95 2
95 15
95 22
95 24
95 28
95 34
95 41
95 47
95 49
95 55
95 69
95 74
95 81
95 84
95 87
95 96
96 16
96 18
96 27
96 39
96 44
96 46
96 56
96 59
96 61
96 63
96 65
96 67
96 94
96 100
97 1
97 19
97 21
97 23
97 25
97 28
97 30
97 32
97 34
97 36
97 38
97 75
97 81
97 93
97 95
97 97
98 56
98 86
98 88
98 90
98 92
99 41
99 81
99 100
100 42
100 58
100 82
100 97
100 99
