3805
7 28
7 31
7 39
7 49
8 57
9 16
9 21
9 23
9 26
9 33
9 46
10 19
10 36
10 50
11 17
11 38
11 41
11 350
11 360
11 374
12 44
12 47
12 54
12 384
12 511
13 25
13 30
13 35
13 42
13 49
13 514
14 50
14 383
14 551
14 574
15 51
15 53
15 55
15 57
15 499
15 569
16 362
16 378
17 494
17 543
17 546
17 553
17 567
18 382
18 481
18 542
19 381
19 453
19 555
19 568
20 425
20 570
21 358
21 374
21 378
21 381
21 384
21 457
21 571
22 18
22 367
22 372
22 379
22 387
22 484
22 548
22 564
23 12
23 429
23 565
24 351
24 385
24 459
24 566
25 13
25 323
25 370
25 385
25 442
26 116
26 190
26 239
26 385
26 572
27 18
27 89
27 365
27 383
27 511
27 566
28 107
28 304
28 368
28 385
29 11
29 238
29 377
29 386
29 387
29 489
29 540
29 573
30 63
30 205
30 222
30 355
30 356
30 357
30 544
30 573
31 18
31 72
31 268
31 349
31 353
31 376
31 387
31 475
31 563
31 568
31 571
32 16
32 173
32 187
32 322
32 364
32 388
32 495
32 572
33 17
33 197
34 18
34 144
34 218
34 229
34 490
34 573
35 12
35 301
35 469
35 557
35 567
35 569
36 18
36 62
36 193
36 549
36 550
36 559
36 561
36 565
36 571
37 110
37 118
37 206
37 334
37 510
37 572
37 574
38 11
38 15
38 17
38 142
38 236
38 437
39 13
39 16
39 18
39 66
39 505
40 336
40 409
41 172
41 216
41 261
41 369
41 496
42 150
42 225
42 281
42 359
42 362
42 375
42 417
43 387
44 330
44 469
45 351
45 375
46 79
46 84
46 333
46 363
46 376
46 457
47 132
47 278
47 352
47 369
47 387
47 433
48 169
48 365
48 373
48 460
48 542
49 284
49 379
49 542
50 68
50 175
50 178
50 242
50 503
51 131
51 194
51 333
51 353
51 388
51 541
52 48
52 138
52 166
52 417
52 541
53 65
53 215
53 253
53 366
53 382
53 505
54 367
54 438
54 540
55 332
55 355
55 361
55 371
55 387
55 543
56 93
56 181
56 357
56 377
56 381
56 480
56 544
57 300
57 380
57 387
57 473
58 91
58 253
58 374
58 539
59 70
59 254
59 378
59 382
59 387
59 443
59 544
60 83
60 121
60 293
60 349
60 388
60 539
61 350
61 379
61 425
61 543
62 74
62 270
62 368
62 384
62 386
62 388
62 540
63 37
63 58
63 267
63 504
64 213
64 544
65 250
65 496
65 538
66 189
66 302
66 542
67 445
67 538
67 566
68 229
68 271
68 409
68 562
69 12
69 308
69 497
69 541
69 569
70 12
70 380
70 466
70 544
71 15
71 137
71 177
71 253
71 317
71 364
71 539
71 559
72 148
72 349
72 384
72 465
72 563
73 17
73 111
73 249
73 285
73 367
73 385
73 471
73 539
73 567
74 9
74 349
74 461
75 136
75 155
75 329
75 368
75 384
75 512
75 538
75 569
76 13
76 262
76 288
76 349
76 381
76 483
76 568
77 13
77 367
77 538
78 17
78 51
78 334
78 349
78 367
78 382
78 409
78 565
79 92
79 102
79 127
79 294
79 459
79 540
79 566
80 17
80 81
80 185
80 349
80 361
80 384
80 568
81 17
81 179
81 186
81 200
81 275
81 380
81 489
81 541
81 558
82 160
82 307
82 349
82 362
82 558
83 12
83 227
83 273
83 293
83 385
83 414
83 543
84 10
84 171
84 290
84 349
84 363
84 384
84 543
84 559
85 14
85 336
85 364
85 381
85 464
85 538
85 567
86 16
86 349
86 364
87 11
87 17
87 233
87 307
87 381
87 455
87 541
87 571
88 9
88 349
88 365
88 385
88 471
88 571
89 18
89 195
89 255
89 310
89 385
89 495
89 542
89 558
90 13
90 333
90 349
90 368
90 508
90 538
91 14
91 17
91 18
91 380
91 465
91 540
91 563
92 77
92 236
92 336
92 349
92 362
92 383
93 53
93 316
93 366
93 518
93 544
93 570
94 98
94 109
94 349
94 363
94 385
94 563
95 88
95 95
95 266
95 333
95 381
95 423
95 544
95 560
96 33
96 243
96 334
96 349
96 363
96 407
96 570
97 59
97 211
97 220
97 382
97 540
98 43
98 86
98 96
98 329
98 349
98 363
98 384
98 484
98 538
98 569
99 251
99 361
99 362
99 382
99 541
100 209
100 316
100 349
100 362
100 379
100 463
100 542
100 566
101 55
101 113
101 385
101 509
101 539
102 41
102 101
102 224
102 267
102 271
102 298
102 349
102 362
102 567
103 30
103 146
103 199
103 289
103 364
103 366
103 381
103 382
103 385
103 427
103 542
104 34
104 362
104 366
104 368
104 383
104 562
105 139
105 235
105 260
105 281
105 300
105 385
105 486
105 538
106 310
106 523
106 565
107 103
107 287
107 335
107 541
108 158
108 162
108 290
108 295
108 328
108 472
108 543
108 564
109 130
109 247
109 321
109 539
110 202
110 423
110 570
111 46
111 313
111 543
111 570
112 336
112 435
112 541
113 60
113 258
113 282
113 320
113 468
113 540
113 571
114 99
114 264
114 269
114 539
115 286
115 311
115 368
115 456
115 561
116 167
116 452
116 544
117 39
117 221
117 325
117 364
117 570
118 20
118 47
118 120
118 191
118 513
118 538
118 569
119 42
119 123
119 312
119 381
119 564
120 16
120 38
120 44
120 64
120 280
120 315
120 441
120 543
120 563
121 13
121 19
121 36
121 364
121 541
122 12
122 17
122 19
122 75
122 318
122 380
122 440
122 567
123 11
123 16
123 307
123 358
123 538
124 21
124 125
124 164
124 306
124 308
124 309
124 332
124 475
124 542
124 558
125 19
125 129
125 204
125 240
125 245
125 297
125 311
125 381
125 406
125 571
126 14
126 21
126 302
126 329
126 358
126 495
126 543
126 568
127 152
127 276
127 330
127 355
127 539
128 31
128 198
128 231
128 301
128 335
128 369
128 480
128 569
129 140
129 333
129 373
129 543
129 559
130 294
130 316
130 319
130 366
130 421
130 542
130 560
131 156
131 331
131 539
132 292
132 318
132 364
132 438
132 539
132 571
133 57
133 334
133 386
133 523
133 541
134 284
134 299
134 323
134 564
135 334
135 381
135 448
135 543
135 568
136 304
136 320
136 333
136 542
137 114
137 321
137 326
137 330
137 374
137 436
137 540
137 568
138 377
139 32
139 105
139 112
139 119
139 134
139 154
139 278
139 329
139 362
139 500
139 542
139 569
140 183
140 324
140 415
140 539
140 567
141 50
141 289
141 329
141 360
141 445
141 569
142 188
142 234
142 238
142 256
142 314
142 328
142 329
142 331
142 335
142 354
142 517
142 541
143 208
143 241
143 312
143 333
143 336
143 509
143 543
143 568
144 371
144 540
144 559
145 463
145 564
146 372
146 541
147 370
147 513
147 565
148 441
148 538
149 389
149 462
149 539
149 569
151 190
151 369
151 441
151 538
151 571
152 188
152 189
152 407
152 538
153 190
153 356
153 541
153 571
154 372
154 500
154 543
154 565
155 156
155 353
155 388
155 474
155 544
155 563
156 163
156 430
156 563
157 156
157 371
157 449
157 541
157 570
158 161
158 380
158 490
158 541
158 567
159 159
159 300
160 228
160 296
160 368
160 440
160 543
160 570
161 155
161 160
161 182
161 232
161 241
161 272
161 303
161 335
161 338
161 464
161 542
162 156
162 158
162 161
162 182
162 221
162 268
162 341
162 390
162 439
162 567
163 157
163 182
163 204
163 210
163 306
163 336
163 341
163 374
163 539
164 160
164 163
164 179
164 224
164 342
164 355
164 360
164 361
164 499
164 569
165 161
165 180
165 203
165 297
165 334
165 341
165 391
165 539
166 111
166 163
166 211
166 281
166 339
166 342
166 344
166 431
166 544
166 569
167 181
167 266
167 271
167 321
167 371
167 384
167 540
167 560
168 126
168 179
168 274
168 364
168 409
168 567
169 46
169 318
169 373
169 501
169 539
169 560
170 179
170 242
170 423
170 539
171 11
171 21
171 129
171 159
171 160
171 161
171 252
171 263
171 324
171 384
171 496
171 541
171 566
172 8
172 25
172 162
172 181
172 239
172 321
172 386
172 541
173 23
173 77
173 207
173 386
173 506
173 541
173 569
174 6
174 113
174 180
174 188
174 298
174 300
174 319
174 383
174 539
174 562
175 10
175 12
175 25
175 49
175 190
175 238
175 294
175 297
175 391
175 429
175 541
175 564
176 24
176 182
176 311
176 373
176 386
176 569
177 14
177 20
177 25
177 38
177 181
177 188
177 380
177 456
177 538
177 567
178 16
178 22
178 25
178 179
178 182
178 191
178 202
178 222
178 315
178 376
178 389
178 493
179 18
179 91
179 316
179 481
179 543
179 567
180 19
180 24
180 81
180 189
180 259
180 278
180 290
180 312
180 354
180 386
180 466
181 7
181 23
181 25
181 160
181 162
181 164
181 189
181 292
181 340
181 363
181 538
181 570
182 35
182 158
182 166
182 312
182 338
182 387
182 483
182 543
183 119
183 165
183 191
183 256
183 258
183 264
183 288
183 308
183 341
183 365
183 378
183 386
183 540
183 571
184 84
184 323
184 375
184 387
184 498
184 559
185 88
185 157
185 159
185 164
185 166
185 190
185 262
185 319
185 341
185 368
185 538
186 86
186 190
186 301
186 310
186 315
186 339
186 342
186 357
186 369
186 384
186 447
186 541
186 567
187 245
187 303
187 313
187 322
187 381
187 382
187 384
187 388
187 428
188 121
188 188
188 233
188 295
188 299
188 307
188 342
188 344
188 391
188 506
188 540
188 563
189 190
189 247
189 322
189 564
190 140
190 177
190 208
190 236
190 279
190 286
190 366
190 386
190 391
190 482
190 542
191 45
191 189
191 269
191 276
191 306
191 321
191 359
191 389
191 390
191 543
191 569
192 176
192 309
192 391
192 508
192 544
193 84
193 188
193 190
193 226
193 315
193 318
193 520
193 544
193 564
194 178
194 437
194 540
194 566
195 113
195 174
195 177
195 189
195 191
195 205
195 249
195 322
195 489
195 543
195 566
196 64
196 176
196 178
196 215
196 231
196 251
196 283
196 316
197 38
197 159
197 243
197 248
197 260
197 285
197 311
197 323
197 447
197 542
197 559
198 304
198 318
198 538
199 54
199 157
199 255
199 323
199 478
199 566
200 60
200 160
200 212
200 214
200 230
200 234
200 244
200 253
200 322
200 514
200 538
201 163
201 217
201 219
201 316
201 320
201 323
201 325
201 540
201 560
202 40
202 403
202 453
202 542
202 562
203 159
204 77
204 339
204 365
204 371
204 374
204 381
204 387
204 423
204 461
204 544
204 566
205 163
205 334
205 341
205 367
205 377
205 422
205 452
205 542
206 90
206 183
206 336
206 341
206 368
206 372
206 373
206 383
206 386
206 387
206 519
206 540
206 569
207 69
207 158
207 339
207 341
207 363
207 376
207 379
207 562
208 16
208 133
208 161
208 182
208 185
208 338
208 369
208 384
208 387
208 485
208 543
208 566
209 112
209 181
209 184
209 186
209 332
209 341
209 436
209 558
210 16
210 71
210 157
210 520
210 543
211 17
211 61
211 160
211 571
212 115
212 502
212 538
212 565
213 20
213 109
213 159
213 429
213 544
213 562
214 116
214 513
215 13
215 63
215 158
215 454
215 475
215 542
215 562
216 11
216 460
217 54
217 159
217 432
217 540
217 569
218 13
218 248
218 421
218 455
218 488
219 61
219 158
219 159
219 375
219 489
219 543
219 562
220 12
220 122
220 157
220 161
220 229
220 445
220 501
221 131
221 334
221 539
221 562
222 19
222 160
222 372
222 506
222 540
223 45
223 160
223 266
223 487
223 544
223 563
224 20
224 142
224 160
224 564
225 37
225 163
225 350
225 476
225 539
225 570
226 11
226 15
226 122
226 448
226 458
226 560
227 19
227 161
227 163
227 285
227 474
227 541
227 564
228 13
228 16
228 18
228 20
228 117
228 562
229 240
229 478
229 542
230 72
230 204
230 307
230 498
230 564
231 236
231 457
231 540
232 83
232 187
232 207
232 212
232 323
232 447
232 508
232 538
232 569
233 144
233 439
233 466
233 541
234 179
234 229
234 518
234 543
234 560
235 98
235 196
235 433
235 443
235 539
236 347
236 491
236 571
237 76
237 354
237 420
237 539
238 45
238 496
238 570
239 43
239 193
239 375
239 464
239 511
239 544
239 571
240 34
240 407
240 470
240 510
240 565
241 366
241 413
241 515
241 540
242 99
242 500
242 571
243 326
243 419
243 542
243 565
244 58
244 520
244 539
244 562
245 365
246 51
246 296
246 452
246 473
246 494
246 542
246 559
247 46
247 224
247 354
247 490
247 544
248 417
248 446
248 517
248 559
249 125
249 154
249 156
249 157
249 159
249 348
249 405
249 543
250 50
250 195
250 437
250 517
250 567
251 116
251 347
251 540
252 85
252 415
252 493
252 494
252 543
252 565
253 348
253 410
253 497
253 544
253 559
254 131
254 315
254 450
254 539
254 568
255 379
255 513
256 75
256 221
256 412
256 441
256 486
256 513
256 538
256 566
257 34
257 370
257 564
258 95
258 188
258 489
258 504
258 539
258 569
259 240
259 354
259 465
259 472
260 96
260 257
260 487
260 520
260 541
260 560
261 93
261 176
261 362
261 478
261 479
261 559
262 326
262 442
262 503
262 513
262 541
262 564
263 83
263 538
263 565
264 84
264 297
264 474
264 502
264 523
264 541
265 155
265 160
265 561
266 129
266 159
266 326
266 518
266 540
267 157
267 158
267 201
267 508
267 541
267 569
268 126
268 376
268 425
268 477
268 491
268 515
268 567
269 158
269 160
269 373
269 541
270 109
270 271
270 401
270 409
270 461
270 518
270 565
271 375
271 541
272 129
272 460
272 495
272 521
272 558
273 123
273 237
273 275
273 462
273 507
273 543
273 558
274 42
274 292
274 497
274 516
275 484
275 544
275 560
276 121
276 327
276 482
276 506
276 514
276 560
277 16
277 181
277 345
277 427
277 504
277 511
277 517
277 538
278 15
278 89
278 475
278 481
278 499
278 538
278 566
279 13
279 202
279 250
279 309
279 514
279 523
280 62
280 233
280 434
280 515
280 538
280 571
281 13
281 143
281 199
281 269
281 510
281 522
281 558
282 15
282 468
282 508
282 512
282 517
282 538
282 560
283 13
283 91
283 336
283 431
283 501
283 509
283 523
283 544
284 35
284 257
284 519
284 521
284 523
284 540
284 571
285 16
285 101
285 279
285 558
286 16
286 180
286 364
286 540
286 565
287 38
287 363
287 540
287 565
288 13
288 76
288 160
288 289
288 538
289 13
289 103
289 277
289 313
289 543
289 562
290 163
290 544
290 570
291 13
291 91
291 163
291 309
291 420
291 542
291 567
292 14
292 215
292 296
292 418
292 420
292 544
293 142
293 160
293 189
293 260
293 396
293 419
293 560
294 16
294 133
294 162
294 380
294 417
294 420
294 463
294 542
294 564
295 396
295 450
295 514
296 15
296 64
296 163
296 230
296 293
296 432
296 503
296 543
296 568
297 47
297 159
297 341
297 396
297 451
297 570
298 15
298 55
298 516
298 540
299 13
299 144
299 158
299 344
299 396
299 447
299 495
299 564
300 46
300 162
300 464
300 542
301 13
301 282
301 322
301 513
301 568
302 13
302 124
302 163
302 284
302 441
302 494
302 540
302 559
303 139
303 325
303 440
303 505
304 14
304 160
304 281
304 504
304 539
304 558
305 122
305 386
305 433
305 454
305 495
305 541
305 565
306 16
306 40
306 163
306 456
306 513
306 543
306 562
307 61
307 161
307 321
307 571
308 14
308 111
308 161
308 401
308 404
308 419
308 463
308 500
308 513
308 543
309 123
309 160
309 386
309 443
309 451
309 492
309 570
310 16
310 40
310 219
310 310
310 403
310 405
310 417
310 515
310 538
311 159
311 406
311 457
311 513
311 558
312 13
312 69
312 160
312 303
312 418
312 451
312 539
312 560
313 128
313 162
313 184
313 364
313 404
313 419
313 460
313 512
313 569
314 15
314 116
314 163
314 174
314 263
314 275
314 287
314 361
314 405
314 540
315 13
315 299
315 402
315 406
315 419
315 457
315 512
315 542
315 565
316 13
316 42
316 159
316 358
316 417
316 419
316 497
316 506
316 512
316 562
317 13
317 142
317 161
317 198
317 297
317 441
317 454
317 539
318 15
318 89
318 320
318 456
318 501
318 512
318 544
318 570
319 140
319 162
319 490
319 502
319 508
319 516
320 14
320 16
320 130
320 162
320 292
320 315
320 437
320 458
320 498
320 514
320 539
320 559
321 15
321 128
321 158
321 159
321 269
321 357
321 510
321 515
322 16
322 161
322 163
322 253
322 359
322 451
322 457
322 464
322 488
322 509
322 517
322 541
322 568
323 127
323 209
323 439
323 453
323 512
324 150
324 163
324 272
324 321
324 445
324 455
324 462
324 504
324 515
324 517
324 539
324 567
325 126
325 150
325 399
325 400
325 401
325 404
325 405
325 407
325 458
325 461
325 464
325 558
326 218
326 336
326 402
326 408
326 435
326 448
326 450
326 460
326 538
326 561
327 84
327 150
327 280
327 364
327 447
327 463
327 464
328 91
328 150
328 311
328 543
328 558
329 140
329 150
329 183
329 328
329 569
330 87
330 150
330 538
331 343
331 542
331 560
332 60
332 152
332 544
333 54
333 334
333 560
334 152
334 242
334 293
334 322
334 538
335 125
335 290
335 303
335 571
336 151
336 278
336 366
336 541
336 559
337 103
337 150
337 288
337 539
337 563
338 56
338 294
338 322
338 376
338 509
338 562
339 151
339 236
339 456
339 538
339 558
340 117
340 164
340 318
340 365
340 520
340 564
341 151
341 163
341 339
341 397
341 486
341 541
341 568
342 136
342 164
342 261
342 362
342 399
343 64
343 151
343 163
343 191
343 307
343 337
343 467
343 538
343 560
344 152
344 161
344 313
344 348
344 399
344 539
345 141
345 152
345 163
345 453
345 543
345 570
346 45
346 152
346 213
346 259
346 354
346 397
346 542
346 560
347 33
347 163
347 248
347 345
347 397
347 450
347 541
348 151
348 164
348 368
348 541
348 560
349 82
349 161
349 306
349 383
349 397
349 446
350 152
350 163
350 320
350 331
350 381
350 543
350 563
351 134
351 247
351 398
351 457
351 561
352 150
352 164
352 350
352 397
352 475
352 542
353 35
353 162
353 164
353 340
353 380
353 399
353 542
353 558
354 65
354 151
354 382
354 400
354 448
354 560
355 151
355 267
355 397
355 399
355 540
356 59
356 152
356 362
356 400
356 487
356 564
357 69
357 211
357 243
357 543
357 560
358 144
358 151
358 205
358 210
358 385
358 400
358 438
359 150
359 226
359 285
359 360
359 505
359 543
359 567
360 138
360 304
360 309
360 326
360 494
361 127
361 151
361 324
361 355
361 544
361 564
362 78
362 223
362 255
362 312
362 316
362 352
362 418
362 568
363 150
363 251
363 265
363 543
364 19
364 105
364 232
364 328
364 333
364 337
364 381
364 516
364 570
365 52
365 151
365 362
365 484
365 544
366 8
366 25
366 334
366 542
366 570
367 20
367 79
367 151
367 164
367 178
367 319
367 383
367 446
367 543
368 13
368 28
368 122
368 151
368 493
368 538
368 565
369 9
369 71
369 164
369 386
369 477
369 542
370 21
370 50
370 150
370 163
370 387
370 540
370 544
370 564
371 24
371 67
371 162
371 164
371 347
371 359
371 370
371 483
371 563
372 11
372 151
372 327
372 380
372 423
372 544
372 562
373 10
373 24
373 114
373 151
373 343
373 356
373 368
373 438
373 542
373 544
373 563
374 15
374 16
374 18
374 22
374 44
374 192
374 352
374 375
374 498
375 20
375 24
375 26
375 28
375 58
375 151
375 235
375 295
375 302
375 369
375 468
375 565
376 84
376 241
376 374
376 467
377 151
377 468
377 569
378 61
378 152
378 330
378 346
378 381
378 508
378 570
379 152
379 228
379 360
380 143
380 363
380 384
380 454
380 558
381 152
381 437
382 48
382 131
382 244
382 301
382 338
382 351
382 357
382 377
382 567
383 131
383 152
383 164
383 325
383 342
383 372
383 385
383 423
383 571
384 150
384 355
384 445
384 566
385 75
385 164
385 336
385 365
385 366
385 383
386 35
386 78
386 152
386 216
386 315
386 383
386 426
386 565
387 164
387 270
387 384
387 497
387 563
388 85
388 151
388 163
388 385
388 496
389 127
389 150
389 166
389 370
389 374
389 381
389 382
389 386
389 570
390 42
390 166
390 186
390 349
390 384
390 424
390 541
391 77
391 150
391 164
391 166
391 229
391 271
391 345
391 361
391 362
391 376
391 385
391 387
391 547
391 558
392 74
392 152
392 245
392 380
392 453
392 536
393 41
393 126
393 238
393 273
393 353
393 378
393 387
393 570
394 38
394 152
394 514
394 537
394 565
395 73
395 547
396 112
396 151
396 524
396 570
397 136
397 151
397 539
397 564
398 135
398 422
398 535
398 543
398 568
399 46
399 60
399 99
399 151
399 544
399 548
400 27
400 85
400 150
400 152
400 417
400 537
400 541
400 569
401 18
401 137
401 546
402 125
402 152
402 475
402 536
402 540
402 568
403 19
403 99
403 533
403 547
404 509
404 538
404 546
404 548
404 559
405 10
405 126
405 565
406 53
406 137
406 223
406 472
406 554
406 562
407 11
407 210
407 449
408 81
408 142
408 228
408 476
408 554
408 569
409 22
409 57
409 394
410 11
410 135
410 224
410 359
410 469
410 554
410 568
411 12
411 65
411 443
411 535
412 20
412 133
412 158
412 165
412 196
412 337
412 538
412 554
412 564
413 154
413 155
413 157
413 170
413 213
413 496
414 10
414 26
414 111
414 160
414 164
414 169
414 346
414 538
414 554
414 560
415 156
415 162
415 166
415 168
415 170
415 221
415 290
415 430
416 12
416 15
416 51
416 137
416 225
416 359
416 466
416 536
416 554
416 565
417 21
417 117
417 211
418 71
418 76
418 220
418 297
418 443
418 537
418 554
418 564
419 14
419 27
419 78
419 131
419 536
419 569
420 18
420 125
420 222
420 395
420 465
420 540
420 554
421 15
421 21
421 118
421 433
421 539
421 558
422 110
422 183
422 216
422 273
422 423
422 533
422 554
423 26
423 68
423 143
423 198
423 475
423 558
424 16
424 19
424 21
424 22
424 23
424 27
424 124
424 217
424 308
424 539
424 554
424 570
425 24
425 25
425 27
425 474
425 563
426 129
426 200
426 327
426 417
426 536
426 554
426 566
427 61
427 560
428 117
428 164
428 199
428 303
428 511
428 539
428 554
429 99
429 113
429 157
429 566
430 106
430 128
430 212
430 377
430 437
430 539
430 554
430 560
431 33
431 54
431 162
431 224
431 275
431 535
432 96
432 141
432 172
432 468
432 539
432 554
432 570
433 108
433 127
433 215
433 301
433 540
434 142
434 162
434 167
434 336
434 508
434 554
434 560
435 111
435 114
435 229
435 539
435 571
436 63
436 129
436 172
436 266
436 440
436 554
437 166
437 174
437 219
437 289
437 540
437 565
438 136
438 173
438 199
438 520
438 554
439 36
439 94
439 143
439 389
439 520
439 538
439 568
440 79
440 109
440 161
440 168
440 169
440 172
440 211
440 328
440 536
440 554
441 130
441 157
441 159
441 172
441 425
441 571
442 218
442 341
442 534
442 554
443 77
443 133
443 164
443 172
443 174
443 386
443 484
443 533
443 567
444 90
444 97
444 171
444 175
444 225
444 341
444 525
444 536
444 554
444 570
445 129
445 189
445 195
445 329
445 435
445 536
445 564
446 50
446 219
446 554
446 564
447 88
447 131
447 214
447 337
447 519
447 533
447 547
448 13
448 123
448 221
448 459
448 554
448 567
449 19
449 122
449 140
449 186
449 203
449 212
449 370
449 535
449 547
449 561
450 9
450 187
450 275
450 478
450 554
451 14
451 139
451 218
451 533
451 547
451 564
452 8
452 17
452 104
452 117
452 191
452 324
452 490
452 554
452 566
453 19
453 130
453 143
453 197
453 225
453 540
453 547
454 20
454 110
454 121
454 135
454 210
454 284
454 436
454 537
454 554
454 566
455 17
455 18
455 92
455 219
455 225
455 503
456 10
456 14
456 15
456 19
456 115
456 142
456 271
456 539
456 554
456 569
457 12
457 20
457 140
457 214
457 218
457 223
457 465
458 133
458 199
458 222
458 389
458 504
458 537
458 554
458 560
459 40
459 143
459 184
459 217
459 224
459 227
459 336
459 508
460 84
460 205
460 216
460 228
460 498
460 537
460 554
460 564
461 34
461 139
461 193
461 196
461 208
461 212
461 229
461 356
461 533
462 128
462 207
462 223
462 226
462 294
462 447
462 537
462 554
462 562
463 67
463 86
463 102
463 131
463 135
463 201
463 211
463 220
463 229
463 537
463 558
464 140
464 343
464 480
464 534
464 554
465 136
465 142
465 357
465 494
465 568
466 70
466 304
466 448
466 538
466 554
467 127
467 140
467 554
467 565
468 56
468 58
468 137
468 139
468 142
468 325
468 465
468 533
469 74
469 135
469 504
469 535
469 554
469 561
470 144
470 352
470 476
470 536
471 82
471 116
471 141
471 143
471 418
471 554
471 570
472 95
472 119
472 143
472 221
472 293
472 460
472 540
473 101
473 125
473 142
473 144
473 351
473 554
473 564
474 191
474 329
474 448
474 534
474 537
474 561
475 191
475 332
475 436
475 535
475 538
475 554
476 176
476 361
476 558
477 187
477 288
477 452
477 538
477 539
477 554
477 566
478 212
478 300
478 472
478 568
479 205
479 349
479 539
479 554
480 396
480 483
480 536
480 540
480 569
481 184
481 456
481 554
482 219
482 350
482 518
482 566
483 279
483 554
483 558
484 14
484 224
484 505
485 19
485 184
485 376
485 485
485 554
485 571
486 12
486 209
486 328
486 566
487 18
487 271
487 311
487 504
487 554
487 558
488 190
488 455
488 536
488 559
489 13
489 177
489 197
489 373
489 534
489 554
490 12
490 173
490 459
490 536
490 569
491 175
491 182
491 213
491 301
491 534
491 536
491 554
492 16
492 302
492 459
492 563
493 196
493 222
493 312
493 554
494 18
494 194
494 351
494 468
494 570
495 218
495 276
495 286
495 554
495 567
496 12
496 96
496 118
496 288
496 331
496 512
497 76
497 87
497 155
497 180
497 185
497 187
497 211
497 382
497 554
497 571
498 17
498 130
498 181
498 201
498 463
498 567
499 209
499 338
499 554
500 17
500 105
500 121
500 207
500 220
500 326
500 448
500 560
501 13
501 83
501 126
501 329
501 516
501 554
502 156
502 216
502 295
502 319
502 488
502 569
503 17
503 41
503 141
503 203
503 219
503 554
504 114
504 197
504 218
504 261
504 314
504 499
504 538
504 559
505 12
505 45
505 61
505 72
505 150
505 363
505 428
505 554
506 226
506 328
506 512
506 538
506 540
506 561
506 566
507 12
507 117
507 214
507 222
507 343
507 432
507 554
507 563
507 571
508 14
508 98
508 208
508 525
508 558
509 16
509 120
509 217
509 222
509 315
509 554
509 564
509 570
510 18
510 57
510 102
510 156
510 192
510 218
510 387
510 427
510 465
510 571
511 399
511 495
511 554
511 566
512 15
512 48
512 142
512 212
512 218
512 222
512 273
512 570
513 107
513 199
513 356
513 420
513 434
513 460
513 554
513 559
513 568
513 571
514 17
514 79
514 123
514 219
514 224
514 305
514 495
515 16
515 69
515 116
515 224
515 376
515 456
515 554
516 88
516 124
516 183
516 190
516 296
516 388
516 417
516 521
517 19
517 43
517 97
517 188
517 222
517 280
517 334
517 450
517 500
517 554
518 130
518 179
518 205
518 216
518 223
518 327
518 499
519 19
519 60
519 210
519 220
519 224
519 226
519 439
519 499
519 554
520 53
520 128
520 358
521 17
521 117
521 149
521 300
521 520
522 263
522 326
522 457
522 495
523 15
523 141
523 395
523 483
524 18
524 78
524 137
524 383
524 460
525 150
525 310
525 319
525 321
525 363
525 506
526 12
526 114
526 141
526 322
526 347
526 421
526 438
527 99
527 100
527 267
527 329
527 509
527 576
528 18
528 64
528 139
528 206
528 207
528 209
528 516
529 18
529 110
529 176
529 231
529 375
529 575
530 150
530 359
530 454
530 485
530 583
531 14
531 59
531 90
531 179
531 190
531 227
531 307
531 384
531 518
532 149
532 179
532 230
532 274
532 317
532 347
532 577
533 18
533 148
533 194
533 224
533 231
533 294
533 515
534 112
534 178
534 179
534 190
534 225
534 228
534 232
534 365
534 514
534 571
535 16
535 92
535 108
535 120
535 129
535 132
535 150
535 175
535 418
535 570
536 104
536 127
536 139
536 143
536 176
536 179
536 193
536 340
536 522
537 17
537 94
537 157
537 190
537 299
537 458
537 475
537 551
538 191
538 213
538 217
538 344
538 446
538 467
538 504
539 17
539 134
539 142
539 193
539 207
539 216
539 218
539 387
539 443
539 515
539 579
540 19
540 55
540 190
540 192
540 194
540 209
540 210
540 214
540 219
540 376
540 483
540 506
541 16
541 71
541 125
541 157
541 212
541 220
541 313
541 329
541 354
541 506
541 578
542 17
542 156
542 345
542 492
543 75
543 325
543 365
543 441
543 563
544 18
544 144
544 337
544 496
545 68
545 122
545 303
545 374
545 575
546 16
546 62
546 147
546 332
546 354
546 358
546 456
546 484
546 506
547 123
547 570
548 16
548 52
548 148
548 235
548 350
548 378
548 463
548 470
548 496
548 579
549 19
549 234
549 290
549 334
549 378
549 488
549 502
549 562
550 93
550 156
550 235
550 486
551 16
551 387
551 502
551 583
552 14
552 81
552 85
552 103
552 154
552 181
552 235
552 452
552 547
553 50
553 119
553 148
553 187
553 312
553 392
553 515
553 552
553 581
554 17
554 151
554 157
554 186
554 234
554 236
554 342
554 471
554 518
554 556
555 17
555 187
555 269
555 277
555 285
555 366
555 391
555 430
556 14
556 73
556 141
556 153
556 203
556 205
556 213
556 235
556 521
556 582
557 14
557 131
557 182
557 188
557 207
557 388
557 478
557 568
558 46
558 143
558 146
558 150
558 154
558 183
558 210
558 236
558 335
558 355
558 369
558 494
558 507
558 544
558 580
559 13
559 66
559 136
559 138
559 188
559 208
559 213
559 259
559 347
559 384
559 492
560 145
560 153
560 155
560 157
560 185
560 237
560 266
560 283
560 308
560 316
560 371
560 375
560 480
560 495
560 516
560 543
560 579
561 12
561 180
561 187
561 188
561 211
561 213
561 235
561 237
561 297
561 364
561 476
561 489
561 556
561 570
562 14
562 387
562 436
562 521
563 281
563 330
563 372
563 574
564 17
564 360
564 392
564 520
564 572
565 14
565 349
565 388
565 582
566 16
566 340
566 370
566 469
566 511
566 512
566 570
567 12
567 394
567 435
567 449
567 525
567 554
567 564
568 227
568 327
568 357
568 490
568 522
568 562
568 574
569 15
569 228
569 232
569 376
569 389
569 448
569 521
570 16
570 48
570 80
570 141
570 144
570 172
570 226
570 230
570 232
570 343
570 388
570 519
570 584
571 15
571 46
571 47
571 48
571 50
571 111
571 137
571 139
571 400
571 525
572 80
572 140
572 145
572 164
572 356
572 382
572 398
572 571
572 573
572 584
573 18
573 78
573 94
573 97
573 111
573 136
573 142
573 143
573 144
573 165
573 172
573 216
573 338
573 358
573 397
573 481
573 504
573 516
573 518
573 569
573 578
574 15
574 79
574 81
574 95
574 96
574 98
574 145
574 161
574 169
574 191
574 214
574 216
574 397
574 501
574 509
574 521
574 585
575 111
575 159
575 185
575 189
575 213
575 217
575 352
575 388
575 444
575 558
575 577
576 15
576 111
576 158
576 169
576 183
576 304
576 323
576 363
576 392
576 398
576 513
576 525
576 553
576 584
577 16
577 171
577 186
577 188
577 189
577 190
577 264
577 400
577 502
577 518
577 523
577 548
577 574
578 12
578 111
578 170
578 191
578 315
578 391
578 514
578 517
578 523
578 561
578 568
578 579
578 584
579 14
579 19
579 172
579 384
579 398
579 425
579 546
579 550
579 560
579 566
579 576
579 581
579 582
579 584
579 586
580 19
580 163
580 167
580 170
580 241
580 361
580 374
580 377
580 386
580 394
580 395
580 423
580 473
580 497
580 521
580 525
581 44
581 45
581 168
581 172
581 239
581 298
581 302
581 381
581 397
581 507
581 524
582 16
582 17
582 19
582 46
582 238
582 279
582 292
582 379
582 398
582 424
582 465
582 499
582 522
582 524
583 241
583 367
583 389
583 395
583 396
583 398
583 400
583 461
583 506
583 515
583 520
583 525
584 56
584 94
584 241
585 58
585 91
585 93
585 94
586 57
586 87
586 89
586 95
586 124
586 239
586 241
587 69
587 74
587 120
587 172
587 175
587 178
587 182
588 58
588 71
588 122
588 124
588 151
588 176
588 181
588 182
589 55
589 57
589 73
589 74
589 138
589 142
589 150
589 152
589 153
589 173
589 179
589 182
589 207
589 214
589 216
589 219
589 224
590 32
590 40
590 58
590 124
590 141
590 144
590 154
590 168
590 170
590 177
590 183
590 200
590 203
590 211
590 212
590 215
590 221
591 34
591 36
591 37
591 38
591 40
591 140
591 146
591 148
591 155
591 196
591 198
591 202
591 205
591 209
591 213
591 218
591 222
591 224
