1884
1 1
1 3
1 8
1 11
1 14
1 16
1 17
1 19
1 24
1 25
1 27
1 29
1 32
1 36
1 37
1 39
1 45
1 48
1 51
1 53
1 56
1 64
1 65
1 69
1 72
1 75
1 79
1 81
1 82
1 86
1 88
1 90
1 92
1 95
2 2
2 4
2 6
2 9
2 12
2 21
2 26
2 30
2 34
2 39
2 41
2 43
2 47
2 49
2 59
2 61
2 63
2 66
2 70
2 76
2 78
2 84
2 87
2 91
2 94
3 4
3 10
3 13
3 17
3 25
3 27
3 31
3 50
3 53
3 55
3 57
3 60
3 67
3 69
3 71
3 74
3 81
3 85
3 90
3 100
4 1
4 5
4 9
4 15
4 17
4 19
4 26
4 29
4 32
4 33
4 35
4 41
4 43
4 44
4 47
4 57
4 62
4 64
4 66
4 68
4 73
4 74
4 83
4 87
4 92
4 94
4 99
5 1
5 3
5 8
5 13
5 18
5 24
5 28
5 29
5 38
5 40
5 46
5 51
5 53
5 56
5 58
5 64
5 67
5 70
5 71
5 76
5 79
5 86
5 91
5 98
6 4
6 6
6 9
6 11
6 15
6 19
6 21
6 23
6 27
6 31
6 33
6 35
6 37
6 41
6 43
6 48
6 50
6 54
6 57
6 60
6 62
6 67
6 72
6 74
6 77
6 80
6 83
6 85
6 90
6 92
6 93
6 95
6 97
6 100
7 3
7 12
7 17
7 20
7 22
7 25
7 30
7 32
7 39
7 44
7 47
7 52
7 55
7 57
7 63
7 65
7 69
7 76
7 78
7 82
7 86
7 89
8 8
8 11
8 14
8 21
8 26
8 36
8 49
8 52
8 54
8 58
8 61
8 65
8 67
8 68
8 70
8 72
8 79
8 83
8 87
8 96
8 100
9 3
9 5
9 9
9 17
9 21
9 24
9 27
9 30
9 34
9 37
9 38
9 39
9 42
9 47
9 49
9 51
9 53
9 56
9 62
9 64
9 69
9 74
9 76
9 81
9 85
9 88
9 89
9 91
9 93
9 95
9 97
9 99
10 7
10 10
10 15
10 20
10 29
10 31
10 33
10 35
10 44
10 46
10 51
10 57
10 68
10 72
10 74
10 79
10 84
10 94
10 96
11 6
11 11
11 13
11 16
11 19
11 22
11 24
11 27
11 32
11 43
11 48
11 49
11 52
11 56
11 58
11 60
11 62
11 64
11 67
11 80
11 83
11 87
11 90
11 93
11 97
11 98
12 9
12 14
12 16
12 18
12 21
12 23
12 30
12 37
12 44
12 51
12 53
12 74
12 77
12 86
12 90
12 92
12 100
13 13
13 15
13 17
13 20
13 22
13 26
13 39
13 45
13 47
13 54
13 59
13 63
13 66
13 69
13 78
13 80
13 89
13 94
13 99
14 1
14 9
14 12
14 14
14 19
14 23
14 27
14 29
14 32
14 38
14 41
14 49
14 55
14 57
14 65
14 70
14 72
14 82
14 85
14 89
14 92
14 94
14 98
15 10
15 13
15 20
15 22
15 25
15 42
15 48
15 53
15 56
15 60
15 62
15 68
15 74
15 77
15 79
15 83
15 84
15 88
15 91
16 9
16 12
16 15
16 18
16 27
16 29
16 46
16 64
16 76
16 80
16 85
16 99
17 2
17 7
17 12
17 16
17 25
17 34
17 35
17 37
17 45
17 51
17 57
17 59
17 68
17 73
17 75
17 77
17 79
17 82
17 86
17 90
17 92
18 10
18 15
18 17
18 19
18 21
18 25
18 30
18 32
18 36
18 61
18 64
18 69
18 74
18 84
18 87
18 88
18 94
18 96
19 1
19 5
19 7
19 9
19 11
19 12
19 14
19 16
19 20
19 29
19 45
19 51
19 55
19 58
19 62
19 66
19 69
19 71
19 72
19 75
19 80
19 85
19 90
19 92
19 99
20 2
20 23
20 25
20 27
20 33
20 46
20 48
20 51
20 54
20 68
20 76
20 78
20 94
20 96
20 100
21 5
21 8
21 12
21 14
21 16
21 19
21 23
21 28
21 31
21 46
21 50
21 53
21 58
21 61
21 73
21 79
21 86
21 89
21 90
21 92
21 95
21 97
22 2
22 4
22 7
22 11
22 24
22 26
22 29
22 37
22 42
22 66
22 67
22 68
22 72
22 76
22 83
22 90
22 94
22 96
22 98
23 6
23 8
23 13
23 18
23 20
23 22
23 25
23 34
23 40
23 48
23 52
23 58
23 69
23 71
23 74
23 76
23 80
23 84
23 87
23 93
23 100
24 2
24 6
24 9
24 12
24 14
24 18
24 23
24 26
24 29
24 31
24 35
24 54
24 62
24 65
24 73
24 83
24 90
24 92
24 95
24 97
25 5
25 8
25 11
25 13
25 19
25 21
25 24
25 26
25 38
25 48
25 53
25 64
25 67
25 73
25 86
25 89
26 4
26 8
26 11
26 15
26 25
26 27
26 30
26 34
26 54
26 56
26 65
26 74
26 80
26 82
26 87
26 88
26 93
26 97
27 3
27 5
27 7
27 10
27 13
27 15
27 18
27 21
27 24
27 28
27 31
27 38
27 43
27 48
27 50
27 52
27 63
27 65
27 67
27 69
27 71
27 77
27 83
27 90
27 92
27 94
27 95
27 99
28 1
28 8
28 9
28 12
28 16
28 19
28 22
28 24
28 26
28 30
28 33
28 38
28 51
28 57
28 64
28 69
28 80
28 93
28 96
28 99
29 7
29 11
29 16
29 20
29 25
29 31
29 32
29 34
29 35
29 40
29 42
29 45
29 47
29 61
29 66
29 70
29 76
29 78
29 83
29 85
29 89
29 94
29 100
30 2
30 4
30 6
30 12
30 13
30 15
30 18
30 19
30 21
30 23
30 28
30 31
30 50
30 58
30 62
30 65
30 81
30 82
30 96
30 98
31 1
31 4
31 7
31 11
31 17
31 20
31 34
31 46
31 56
31 59
31 60
31 68
31 80
31 85
31 91
31 94
31 100
32 3
32 14
32 16
32 18
32 21
32 23
32 24
32 26
32 30
32 38
32 42
32 47
32 50
32 71
32 73
32 74
32 76
32 78
32 79
32 87
32 99
33 2
33 5
33 7
33 11
33 15
33 23
33 25
33 27
33 28
33 31
33 36
33 39
33 45
33 58
33 59
33 61
33 63
33 66
33 67
33 69
33 77
33 89
33 91
33 93
33 95
33 96
33 99
34 3
34 6
34 9
34 12
34 17
34 18
34 21
34 24
34 30
34 33
34 35
34 44
34 49
34 54
34 62
34 65
34 68
34 71
34 72
34 79
34 82
34 84
35 1
35 2
35 8
35 9
35 11
35 52
35 55
35 57
35 59
35 67
35 74
35 78
35 81
35 89
35 90
36 3
36 6
36 10
36 20
36 26
36 28
36 30
36 31
36 37
36 46
36 47
36 54
36 58
36 60
36 70
36 74
36 77
36 80
36 86
36 95
36 100
37 1
37 14
37 17
37 24
37 36
37 38
37 45
37 49
37 52
37 66
37 69
37 72
37 76
37 80
37 85
37 91
37 93
37 96
37 98
38 4
38 5
38 12
38 30
38 32
38 34
38 52
38 61
38 62
38 67
38 71
38 73
38 76
38 79
38 83
38 91
39 8
39 12
39 16
39 27
39 34
39 39
39 40
39 42
39 51
39 57
39 60
39 63
39 65
39 69
39 78
39 82
39 86
39 88
39 94
39 96
39 98
40 4
40 9
40 11
40 31
40 38
40 43
40 53
40 56
40 58
40 61
40 64
40 66
40 68
40 71
40 76
40 80
40 83
40 85
40 92
40 96
41 5
41 7
41 20
41 26
41 33
41 41
41 48
41 52
41 55
41 59
41 61
41 63
41 67
41 70
41 72
41 74
41 80
41 82
41 85
42 1
42 4
42 24
42 25
42 27
42 28
42 36
42 38
42 47
42 51
42 57
42 60
42 67
42 75
42 77
42 79
42 83
42 90
42 91
42 92
43 1
43 8
43 19
43 22
43 30
43 35
43 44
43 48
43 49
43 53
43 55
43 56
43 62
43 63
43 65
43 69
43 71
43 81
43 84
43 85
43 88
43 99
44 13
44 23
44 30
44 37
44 51
44 57
44 59
44 61
44 68
44 70
44 73
44 75
44 77
44 78
44 81
44 87
44 95
45 8
45 16
45 25
45 28
45 33
45 35
45 39
45 45
45 53
45 57
45 61
45 65
45 67
45 72
45 76
45 80
45 84
45 89
45 91
46 1
46 7
46 13
46 17
46 19
46 20
46 30
46 38
46 47
46 49
46 60
46 62
46 68
46 71
46 96
47 14
47 16
47 22
47 25
47 31
47 35
47 41
47 48
47 56
47 70
47 75
47 78
47 80
47 86
47 93
47 94
48 3
48 8
48 10
48 21
48 24
48 26
48 32
48 33
48 34
48 36
48 38
48 47
48 54
48 58
48 60
48 66
48 67
48 71
48 75
48 77
48 89
48 98
49 12
49 20
49 23
49 27
49 29
49 33
49 43
49 46
49 51
49 56
49 61
49 69
49 78
49 80
49 95
49 98
50 2
50 19
50 40
50 47
50 59
50 64
50 65
50 70
50 73
50 75
50 89
50 93
51 4
51 6
51 16
51 18
51 26
51 32
51 38
51 44
51 52
51 56
51 62
51 67
51 72
51 76
51 81
51 85
52 2
52 3
52 17
52 20
52 27
52 30
52 40
52 49
52 51
52 54
52 61
52 65
52 68
52 75
52 78
52 86
52 88
52 90
52 93
52 96
53 1
53 4
53 6
53 14
53 18
53 27
53 36
53 45
53 57
53 69
53 72
53 74
53 76
53 79
53 82
53 92
54 13
54 28
54 33
54 35
54 37
54 41
54 51
54 58
54 61
54 71
54 77
54 81
54 88
54 91
55 3
55 18
55 37
55 43
55 49
55 60
55 64
55 67
55 70
55 73
55 75
55 83
55 90
55 94
55 97
56 8
56 13
56 30
56 35
56 39
56 41
56 55
56 58
56 62
56 66
56 69
56 84
56 87
56 91
56 93
57 14
57 16
57 36
57 38
57 54
57 57
57 63
57 70
57 73
57 76
57 88
57 99
58 9
58 11
58 28
58 30
58 31
58 34
58 53
58 55
58 60
58 63
58 67
58 71
58 78
58 80
58 83
58 87
58 90
58 93
59 14
59 36
59 38
59 40
59 63
59 65
59 69
59 70
59 72
59 74
59 76
59 84
59 85
59 86
60 4
60 7
60 11
60 26
60 32
60 35
60 39
60 57
60 67
60 71
60 76
60 77
60 79
60 81
60 88
60 90
60 97
61 4
61 7
61 13
61 36
61 42
61 52
61 73
61 85
61 87
61 94
61 97
62 1
62 2
62 6
62 9
62 13
62 23
62 34
62 39
62 41
62 48
62 63
62 68
62 70
62 75
62 77
62 80
62 83
62 85
62 88
62 89
62 91
62 98
62 100
63 5
63 8
63 11
63 16
63 21
63 34
63 40
63 54
63 58
63 70
63 74
63 77
63 79
63 86
63 92
63 97
64 1
64 18
64 21
64 26
64 32
64 35
64 40
64 46
64 63
64 66
64 70
64 73
64 74
64 77
64 82
64 88
64 90
64 93
65 1
65 6
65 12
65 16
65 22
65 44
65 47
65 54
65 62
65 66
65 69
65 80
65 82
65 86
65 91
65 100
66 3
66 14
66 17
66 28
66 33
66 35
66 43
66 45
66 51
66 57
66 65
66 68
66 70
66 75
66 88
66 89
67 3
67 7
67 9
67 21
67 24
67 34
67 41
67 43
67 48
67 67
67 69
67 72
67 80
67 84
67 86
67 91
67 93
68 4
68 10
68 16
68 30
68 39
68 47
68 49
68 55
68 61
68 66
68 68
68 77
68 78
68 83
68 94
68 95
69 2
69 5
69 13
69 16
69 19
69 22
69 35
69 41
69 69
69 71
69 73
69 78
69 81
69 82
69 86
69 90
69 92
70 3
70 7
70 17
70 28
70 38
70 42
70 45
70 47
70 52
70 57
70 59
70 65
70 72
70 85
70 89
71 1
71 4
71 6
71 13
71 21
71 22
71 26
71 33
71 39
71 41
71 44
71 49
71 53
71 55
71 67
71 70
71 80
71 82
71 88
71 93
72 2
72 17
72 18
72 38
72 40
72 47
72 52
72 59
72 63
72 65
72 73
72 78
72 81
72 83
72 85
72 87
72 90
73 3
73 9
73 18
73 21
73 32
73 44
73 51
73 61
73 62
73 69
73 73
73 76
73 84
73 86
73 91
74 2
74 7
74 14
74 20
74 23
74 29
74 41
74 45
74 47
74 52
74 57
74 63
74 65
74 70
74 74
74 81
74 83
74 88
74 93
75 10
75 18
75 36
75 43
75 47
75 58
75 64
75 67
75 68
75 71
75 84
75 87
76 2
76 20
76 21
76 24
76 32
76 37
76 41
76 44
76 52
76 63
76 66
76 70
76 72
76 74
76 76
76 78
76 80
76 82
76 85
76 92
77 6
77 14
77 16
77 39
77 42
77 46
77 48
77 51
77 59
77 64
77 67
77 69
77 71
77 76
77 79
77 81
77 96
77 98
78 1
78 7
78 56
78 63
78 66
78 71
78 73
78 84
78 86
78 88
78 90
78 92
78 97
79 4
79 15
79 17
79 23
79 26
79 29
79 38
79 40
79 47
79 49
79 52
79 54
79 63
79 74
79 76
79 81
79 83
79 85
79 91
79 93
79 98
80 10
80 21
80 31
80 36
80 42
80 44
80 46
80 48
80 50
80 52
80 66
80 72
80 73
80 75
80 78
80 84
80 87
80 91
80 94
81 4
81 9
81 15
81 24
81 27
81 33
81 35
81 39
81 42
81 59
81 69
81 71
81 74
81 77
81 82
81 85
81 89
81 93
81 97
82 12
82 14
82 16
82 18
82 22
82 33
82 46
82 48
82 61
82 63
82 64
82 70
82 80
82 83
82 88
82 91
83 4
83 13
83 19
83 21
83 36
83 38
83 45
83 51
83 53
83 67
83 73
83 92
83 95
83 98
84 5
84 7
84 12
84 25
84 27
84 28
84 34
84 43
84 52
84 57
84 58
84 60
84 70
84 88
84 91
84 93
85 2
85 17
85 20
85 23
85 24
85 29
85 31
85 32
85 33
85 40
85 45
85 59
85 72
85 73
85 75
85 83
85 86
85 91
85 94
85 96
86 5
86 7
86 9
86 15
86 17
86 21
86 27
86 31
86 42
86 47
86 50
86 58
86 66
86 68
86 70
86 84
86 89
86 92
86 96
86 100
87 6
87 8
87 15
87 18
87 22
87 24
87 27
87 29
87 40
87 42
87 44
87 49
87 58
87 63
87 70
87 77
87 79
87 81
87 87
87 90
87 93
87 98
88 4
88 10
88 18
88 20
88 23
88 26
88 28
88 33
88 38
88 51
88 54
88 59
88 84
88 91
88 95
88 99
89 6
89 8
89 10
89 12
89 14
89 22
89 25
89 33
89 36
89 39
89 42
89 44
89 49
89 52
89 56
89 60
89 62
89 65
89 68
89 83
89 91
89 93
89 97
89 100
90 3
90 7
90 14
90 17
90 19
90 24
90 25
90 28
90 29
90 47
90 50
90 51
90 53
90 56
90 57
90 59
90 75
90 87
90 89
90 92
90 95
90 97
91 3
91 6
91 13
91 16
91 19
91 22
91 26
91 30
91 32
91 34
91 39
91 44
91 47
91 55
91 60
91 62
91 66
91 67
91 71
91 73
91 79
91 86
91 90
91 94
91 98
92 1
92 2
92 9
92 11
92 16
92 19
92 25
92 27
92 28
92 37
92 40
92 43
92 46
92 53
92 56
92 64
92 74
92 76
92 78
92 84
92 92
92 95
92 97
93 4
93 6
93 15
93 22
93 24
93 30
93 34
93 40
93 42
93 51
93 58
93 62
93 64
93 72
93 75
93 81
93 83
93 93
93 96
93 99
94 1
94 9
94 11
94 21
94 26
94 31
94 41
94 53
94 55
94 63
94 66
94 68
94 76
94 87
94 91
94 94
94 98
94 100
95 3
95 13
95 22
95 25
95 29
95 32
95 36
95 41
95 44
95 47
95 57
95 60
95 66
95 72
95 74
95 76
95 92
95 96
95 100
96 21
96 24
96 26
96 34
96 38
96 46
96 54
96 56
96 61
96 68
96 73
96 77
96 90
96 91
96 94
96 97
97 6
97 28
97 39
97 53
97 55
97 67
97 89
97 94
98 15
98 30
98 32
98 37
98 49
98 55
98 78
98 87
98 98
99 1
99 11
99 20
99 25
99 42
99 51
99 54
99 77
99 82
99 83
99 89
99 94
100 7
100 23
100 26
100 29
100 33
100 56
100 58
100 67
100 88
100 95
100 97
100 100
