2977
578 111
571 111
528 209
528 206
519 554
453 547
447 547
406 554
299 396
293 396
249 159
249 154
102 349
72 349
297 396
295 396
249 157
517 554
515 554
100 349
408 554
98 349
576 111
513 554
511 554
96 349
94 349
74 349
451 547
449 547
92 349
410 554
412 554
574 111
90 349
88 349
414 554
416 554
418 554
420 554
422 554
424 554
426 554
428 554
430 554
432 554
434 554
436 554
438 554
440 554
442 554
444 554
446 554
448 554
450 554
452 554
454 554
456 554
458 554
460 554
462 554
464 554
466 554
468 554
470 554
472 554
474 554
476 554
478 554
480 554
482 554
484 554
486 554
488 554
76 349
78 349
80 349
82 349
86 349
84 349
490 554
492 554
494 554
496 554
498 554
500 554
502 554
509 554
507 554
505 554
527 586
528 585
529 584
530 583
531 582
532 581
533 580
534 579
535 578
536 577
537 576
538 575
539 574
540 573
541 572
542 571
543 570
544 569
545 568
546 567
547 566
548 565
549 564
550 563
551 562
552 561
553 560
554 559
555 558
556 557
557 556
558 555
559 554
560 553
561 552
562 551
563 550
564 549
565 548
566 547
567 546
568 545
569 544
570 543
572 543
574 586
576 586
578 586
506 540
505 539
504 538
428 175
429 174
430 173
431 172
432 171
433 170
434 169
435 168
436 167
437 166
438 165
439 164
440 163
441 162
442 161
443 160
444 159
444 157
581 44
582 45
325 399
326 400
326 402
326 404
326 406
325 408
208 20
209 19
210 18
211 17
212 16
213 15
214 14
215 13
216 12
217 11
219 20
221 11
223 20
225 20
227 11
153 188
152 189
151 190
584 95
585 94
586 93
584 91
586 89
584 87
580 241
581 240
582 239
583 238
585 241
556 203
557 204
558 205
559 206
560 207
561 208
561 210
556 212
195 188
194 189
193 190
192 191
190 188
188 191
186 188
184 188
182 188
180 191
178 188
176 188
174 191
105 379
104 380
103 381
102 382
101 383
100 384
99 385
97 385
95 379
93 385
91 379
89 379
87 385
85 379
83 379
81 379
79 379
77 385
75 385
73 379
71 385
324 152
325 151
326 150
328 150
330 150
332 150
334 152
336 150
338 152
340 152
342 152
344 150
346 152
348 152
350 152
352 152
354 150
356 152
358 152
360 150
362 152
364 150
366 150
368 150
370 152
372 152
374 150
376 150
378 152
380 150
382 152
384 150
386 150
388 152
390 152
392 150
394 152
396 152
398 150
400 152
402 152
48 538
49 539
50 540
51 541
52 542
53 543
54 544
56 538
58 538
60 544
62 538
64 544
66 544
68 544
70 544
72 538
74 544
76 544
78 538
80 538
82 544
84 538
86 544
88 538
90 538
92 538
94 538
96 538
98 538
100 538
102 538
104 544
106 544
108 538
110 544
112 538
114 544
116 544
118 538
120 538
122 544
124 544
126 544
128 544
130 544
132 544
134 544
136 538
138 544
140 544
142 544
144 544
146 544
148 538
150 544
152 538
154 538
156 538
158 544
160 538
162 544
164 544
166 544
168 538
170 544
172 538
174 538
176 538
178 544
180 544
182 544
184 544
186 538
188 544
190 544
192 538
194 544
196 538
198 544
200 544
202 544
204 544
206 538
208 544
210 544
212 544
214 544
216 538
218 544
220 538
222 544
224 544
226 538
228 538
230 538
232 544
234 544
236 544
238 544
240 544
242 538
244 538
246 544
248 544
250 544
252 538
254 538
256 538
258 538
260 538
262 544
264 538
266 544
268 538
270 544
272 538
274 544
276 544
278 538
280 544
282 538
284 544
286 538
288 544
290 544
292 538
294 538
296 544
298 544
300 544
302 538
304 544
306 544
308 544
310 544
312 544
314 538
316 538
318 544
320 538
322 538
324 544
326 538
328 544
330 538
332 544
334 544
336 544
338 544
340 538
342 538
344 544
346 544
348 538
350 544
352 544
354 544
356 538
358 538
360 538
362 538
364 538
366 538
368 544
370 544
372 544
39 18
38 17
37 16
36 15
35 14
34 13
33 12
32 11
30 18
28 11
26 18
24 18
22 18
570 81
571 80
572 79
573 78
484 12
485 13
486 14
487 15
488 16
489 17
490 18
491 19
493 19
495 12
497 19
499 12
501 12
503 19
505 19
507 19
509 19
511 19
513 12
515 12
517 12
519 19
521 19
523 12
525 19
527 12
529 12
531 12
533 12
535 19
537 19
539 19
541 12
543 19
545 19
547 19
549 19
551 19
553 19
555 19
557 12
559 19
561 19
563 12
565 12
567 19
569 12
571 19
573 19
575 12
577 12
579 12
581 12
324 517
323 516
322 515
321 514
320 513
319 512
318 511
317 510
316 509
315 508
314 507
313 506
312 505
311 504
310 503
309 502
308 501
307 500
306 499
305 498
304 497
303 496
302 495
301 494
300 493
299 492
298 491
297 490
296 489
295 488
324 163
323 162
322 161
321 160
320 159
319 158
317 163
315 158
313 158
311 163
309 158
307 158
305 163
303 163
301 158
299 163
297 163
295 158
293 158
291 163
289 158
172 159
171 160
172 162
584 58
585 57
586 56
587 55
589 58
541 207
540 208
539 209
538 210
541 212
538 214
541 216
538 218
541 220
32 349
31 350
30 351
29 352
28 353
27 354
26 355
25 356
24 357
23 358
22 359
21 360
20 361
19 362
18 363
17 364
16 365
15 366
14 367
13 368
12 369
11 370
11 372
11 374
11 376
11 378
11 380
32 382
32 384
32 386
32 388
341 400
342 399
343 398
344 397
346 397
348 397
350 397
352 397
354 397
356 397
358 397
315 401
314 402
313 403
312 404
311 405
310 406
308 406
277 16
278 15
279 14
280 13
282 16
284 16
286 16
288 16
290 13
292 16
294 13
296 16
298 13
300 16
302 16
304 13
306 16
308 16
310 13
312 13
314 13
316 13
318 13
320 13
322 16
161 344
162 343
163 342
164 341
165 340
166 339
161 337
161 335
589 196
590 197
591 198
589 200
589 202
591 204
589 206
589 208
589 210
591 212
589 214
591 216
591 218
589 220
589 222
589 224
573 217
574 216
575 215
575 213
181 344
182 343
183 342
184 341
185 340
186 339
187 338
496 157
497 156
498 155
499 154
500 153
501 152
502 151
503 150
504 149
505 148
506 147
507 146
508 145
509 144
510 143
511 142
512 141
513 140
514 139
515 138
516 137
517 136
518 135
519 134
520 133
521 132
522 131
523 130
524 129
525 128
526 127
527 126
528 125
529 124
530 123
531 122
532 121
533 120
534 119
535 118
536 117
537 116
538 115
539 114
540 113
541 112
542 111
543 110
544 109
545 108
546 107
547 106
548 105
549 104
550 103
551 102
552 101
553 100
554 99
555 98
556 97
557 96
558 95
559 94
560 93
560 91
496 89
496 87
496 85
560 83
496 81
496 79
560 77
560 75
496 73
560 71
496 69
560 67
560 65
560 63
560 61
560 59
560 57
496 55
496 53
496 51
560 49
560 47
496 45
560 43
560 41
181 6
180 7
179 8
178 9
177 10
176 11
175 12
174 13
173 14
172 15
171 16
181 18
181 20
171 22
171 24
62 388
61 387
60 386
59 385
58 384
57 383
56 382
55 381
54 380
53 379
52 378
51 377
50 376
49 375
48 374
47 373
46 372
45 371
44 370
43 369
42 368
41 367
62 365
62 363
62 361
62 359
62 357
62 355
41 353
41 351
41 349
12 523
13 522
14 521
15 520
16 519
17 518
18 517
19 516
20 515
21 514
22 513
23 512
24 511
25 510
26 509
27 508
28 507
29 506
30 505
31 504
32 503
33 502
34 501
35 500
36 499
37 498
38 497
39 496
40 495
41 494
42 493
43 492
44 491
45 490
46 489
47 488
48 487
49 486
50 485
51 484
52 483
53 482
54 481
55 480
56 479
57 478
58 477
59 476
60 475
61 474
62 473
63 472
64 471
65 470
66 469
67 468
68 467
69 466
70 465
71 464
72 463
73 462
74 461
75 460
76 459
77 458
78 457
79 456
80 455
81 454
82 453
83 452
84 451
85 450
86 449
87 448
88 447
89 446
90 445
91 444
92 443
93 442
94 441
95 440
96 439
97 438
98 437
99 436
100 435
101 434
102 433
103 432
104 431
105 430
106 429
107 428
108 427
109 426
110 425
111 424
112 423
113 422
114 421
115 420
116 419
117 418
118 417
119 416
120 415
121 414
122 413
123 412
124 411
125 410
126 409
127 408
128 407
129 406
130 405
131 404
132 403
133 402
134 401
136 401
138 401
140 401
142 401
144 523
146 401
148 523
150 523
152 523
154 523
156 401
158 401
160 401
162 523
164 401
166 523
168 523
170 523
172 523
174 523
176 523
178 401
180 523
182 523
184 401
186 401
188 401
190 523
192 401
194 523
196 401
198 523
200 401
202 523
204 401
206 523
208 523
210 523
212 401
214 401
216 401
218 401
220 523
222 401
224 401
226 401
228 401
230 401
232 523
234 523
236 401
238 523
240 523
242 401
244 523
246 523
248 401
250 401
252 523
254 523
256 401
258 523
260 523
262 523
264 401
266 523
268 523
270 401
272 401
274 523
276 523
278 401
280 401
282 523
284 401
587 168
588 169
589 170
590 171
590 173
590 175
587 177
590 179
587 181
590 183
406 183
407 184
408 185
409 186
410 187
411 188
412 189
413 190
414 191
415 192
416 193
417 194
418 195
419 196
420 197
421 198
422 199
423 200
424 201
425 202
426 203
427 204
428 205
429 206
430 207
431 208
432 209
433 210
434 211
435 212
436 213
437 214
438 215
439 216
440 217
441 218
442 219
443 220
444 221
445 222
446 223
447 224
448 225
449 226
450 227
451 228
452 229
454 183
456 183
458 229
460 229
462 183
338 525
339 524
340 523
341 522
342 521
343 520
344 519
345 518
346 517
347 516
348 515
349 514
350 513
351 512
352 511
353 510
354 509
355 508
356 507
357 506
358 505
359 504
360 503
361 502
362 501
363 500
364 499
365 498
366 497
367 496
368 495
369 494
370 493
371 492
372 491
373 490
374 489
375 488
376 487
377 486
378 485
379 484
380 483
381 482
382 481
383 480
384 479
385 478
386 477
387 476
388 475
389 474
390 473
391 472
392 471
393 470
394 469
395 468
396 467
397 466
398 465
399 464
400 463
401 462
402 461
403 460
404 459
405 458
406 457
407 456
408 455
409 454
410 453
411 452
412 451
413 450
414 449
415 448
416 447
417 446
418 445
419 444
420 443
421 442
422 441
423 440
424 439
425 438
426 437
427 436
428 435
429 434
430 433
431 432
432 431
433 430
434 429
435 428
436 427
437 426
438 425
439 424
440 423
441 422
442 421
443 420
444 419
445 418
446 417
448 417
450 417
452 525
454 417
456 417
458 525
460 417
462 417
464 417
466 417
468 417
470 525
472 525
474 525
476 525
478 525
480 417
482 417
484 525
486 525
488 525
490 417
492 417
494 417
496 417
498 525
500 417
502 525
504 417
506 417
508 417
510 417
512 525
514 525
516 525
518 417
520 525
522 525
524 525
526 417
528 417
530 525
532 525
534 525
536 417
538 417
540 525
542 417
544 417
546 417
548 417
550 525
552 525
554 525
556 525
558 525
560 525
562 525
564 417
566 525
568 417
570 525
572 525
574 417
576 525
578 417
580 525
582 417
126 11
125 12
124 13
123 14
122 15
121 16
120 17
119 18
118 19
118 21
161 182
162 181
163 180
164 179
166 182
168 182
170 182
172 182
174 179
176 182
178 179
7 57
8 56
9 55
10 54
11 53
12 52
13 51
14 50
15 49
7 47
7 45
15 43
15 41
7 39
15 37
7 35
7 33
15 31
15 29
15 27
7 25
7 23
7 21
7 19
15 17
291 417
292 418
293 419
294 420
67 558
68 559
69 560
70 561
71 562
72 563
73 564
74 565
75 566
76 567
77 568
78 569
79 570
80 571
82 571
84 558
86 571
88 558
90 571
92 558
94 571
96 571
98 571
100 558
102 571
104 558
106 571
108 558
110 558
112 558
114 571
116 558
118 558
120 558
122 571
124 558
126 558
128 571
130 571
132 558
134 571
136 558
138 558
140 571
142 571
144 558
146 571
148 558
150 571
152 558
154 571
156 571
158 558
160 571
162 571
164 558
166 571
168 558
170 571
172 558
174 558
176 558
178 558
180 558
182 558
184 558
186 571
188 571
190 558
192 558
194 571
196 571
198 558
200 571
202 571
204 558
206 571
208 571
210 571
212 558
214 571
216 571
218 571
220 571
222 571
224 558
226 558
228 571
230 571
232 558
234 558
236 558
238 558
240 571
242 571
244 571
246 571
248 558
250 571
252 558
254 558
256 558
258 571
260 558
262 571
264 558
266 571
268 571
270 571
272 558
274 571
276 558
278 558
280 571
282 558
284 558
286 571
288 571
290 558
292 571
294 558
296 571
298 558
300 571
302 558
304 571
306 571
308 558
310 571
312 571
314 571
316 571
318 558
320 571
322 571
324 558
326 571
328 558
330 571
332 571
334 571
336 571
338 571
340 558
342 571
344 558
346 571
348 571
350 571
352 571
354 558
356 571
358 558
360 558
362 558
364 571
366 558
368 571
370 558
372 558
374 558
376 558
378 558
380 558
382 558
384 558
386 558
388 558
390 558
392 558
394 571
396 571
398 571
400 558
402 558
404 571
406 558
408 558
410 571
412 558
414 571
416 571
418 571
420 558
422 558
424 558
426 571
428 571
430 571
432 558
434 558
436 571
438 571
440 571
442 558
444 558
446 558
448 571
450 558
452 558
454 558
456 571
458 558
460 571
462 571
464 558
466 571
468 571
470 571
472 558
474 571
476 558
478 558
480 571
482 558
484 571
486 571
488 558
490 558
492 558
494 558
496 558
498 558
500 571
502 558
504 558
506 558
508 571
510 558
512 558
552 188
553 187
554 186
555 185
556 184
557 183
558 182
559 181
560 180
448 20
449 19
450 18
451 17
452 16
453 15
454 14
455 13
456 12
457 11
457 9
91 18
90 17
89 16
88 15
87 14
86 13
85 12
84 11
83 10
82 9
80 18
78 9
76 9
74 18
72 18
70 9
574 94
573 95
573 97
159 325
160 324
161 323
162 322
163 321
164 320
165 319
166 318
167 317
168 316
169 315
170 314
171 313
172 312
173 311
174 310
175 309
176 308
177 307
178 306
179 305
180 304
181 303
182 302
183 301
184 300
185 299
186 298
187 297
188 296
189 295
190 294
191 293
192 292
193 291
194 290
195 289
196 288
197 287
198 286
199 285
200 284
201 283
201 281
201 279
159 277
159 275
201 273
201 271
201 269
159 267
159 265
201 263
201 261
159 259
159 257
201 255
159 253
159 251
201 249
159 247
159 245
201 243
201 241
201 239
159 237
159 235
201 233
201 231
201 229
201 227
159 225
159 223
201 221
159 219
159 217
201 215
201 213
201 211
159 209
159 207
201 205
159 203
393 387
392 386
391 385
390 384
389 383
388 382
387 381
386 380
385 379
384 378
383 377
382 376
381 375
380 374
379 373
378 372
377 371
376 370
375 369
374 368
373 367
372 366
371 365
370 364
369 363
368 362
367 361
366 360
365 359
364 358
363 357
362 356
361 355
360 354
359 353
358 352
357 351
356 350
355 349
354 348
353 347
352 346
351 345
350 344
349 343
348 342
347 341
346 340
345 339
344 338
343 337
342 336
341 335
340 334
339 333
338 332
337 331
336 330
335 329
334 328
333 327
332 326
331 325
330 324
329 323
328 322
327 321
326 320
325 319
324 318
323 317
322 316
321 315
320 314
319 313
318 312
317 311
316 310
315 309
314 308
313 307
312 306
311 305
310 304
309 303
308 302
307 301
306 300
305 299
304 298
303 297
302 296
301 295
300 294
299 293
298 292
297 291
296 290
295 289
294 288
293 287
292 286
291 285
290 284
289 283
288 282
287 281
286 280
285 279
284 278
283 277
282 276
281 275
280 274
279 273
278 272
277 271
276 270
275 269
274 268
273 267
272 266
271 265
270 264
269 263
268 262
267 261
266 260
265 259
264 258
263 257
262 256
261 255
260 254
259 253
258 252
257 251
256 250
255 249
254 248
253 247
252 246
251 245
250 244
249 243
248 242
247 241
246 240
245 239
244 238
243 237
242 236
241 235
240 234
239 233
238 232
237 231
236 230
235 229
234 228
233 227
232 226
231 225
230 224
229 223
228 222
227 221
226 220
225 219
224 218
223 217
222 216
221 215
220 214
219 213
218 212
393 210
393 208
393 206
393 204
218 202
218 200
218 198
393 196
393 194
218 192
393 190
218 188
218 186
393 184
218 182
393 180
218 178
393 176
393 174
181 157
182 158
183 159
184 160
185 161
181 163
185 165
491 534
490 535
489 536
155 163
156 162
157 161
158 160
159 159
160 158
161 157
162 156
163 155
165 163
519 173
518 174
517 175
516 176
515 177
514 178
513 179
512 180
511 181
510 182
509 183
508 184
507 185
506 186
505 187
504 188
503 189
502 190
501 191
500 192
499 193
498 194
497 195
496 196
495 197
494 198
493 199
492 200
491 201
490 202
489 203
488 204
487 205
486 206
485 207
484 208
483 209
482 210
481 211
480 212
479 213
478 214
477 215
476 216
475 217
474 218
473 219
472 220
519 222
519 224
519 226
390 533
391 534
392 535
393 536
394 537
395 538
396 539
397 540
398 541
399 542
400 543
401 544
402 545
403 546
404 547
570 145
571 144
572 143
573 142
574 141
570 139
570 137
115 391
116 390
117 389
118 388
119 387
120 386
121 385
122 384
123 383
124 382
125 381
126 380
127 379
128 378
129 377
130 376
131 375
132 374
133 373
134 372
135 371
136 370
137 369
138 368
139 367
140 366
141 365
142 364
143 363
144 362
145 361
146 360
147 359
148 358
149 357
150 356
151 355
152 354
153 353
155 391
157 353
159 391
161 391
163 353
165 391
167 391
169 391
171 353
173 391
175 353
177 391
179 353
181 391
183 391
185 353
187 353
189 391
191 353
590 120
589 121
588 122
587 123
586 124
587 69
588 70
589 71
589 73
571 46
570 47
571 49
265 160
266 159
267 158
268 157
269 156
591 32
590 33
590 35
590 37
590 39
415 154
414 155
413 156
412 157
412 159
412 161
415 163
415 165
415 167
415 169
316 417
315 418
314 419
312 417
310 419
308 417
548 234
549 235
550 236
551 237
553 234
555 237
557 237
559 237
561 237
206 181
207 182
208 183
209 184
206 186
204 332
205 333
206 334
207 335
208 336
209 337
209 339
204 341
190 174
191 175
192 176
193 177
194 178
196 178
581 158
580 159
579 160
578 161
577 162
576 163
575 164
574 165
573 166
572 167
571 168
570 169
570 171
529 175
530 176
531 177
532 178
533 179
535 179
294 432
295 433
296 434
297 435
298 436
299 437
300 438
301 439
302 440
303 441
304 442
305 443
306 444
307 445
308 446
309 447
310 448
311 449
312 450
313 451
314 452
315 453
316 454
317 455
318 456
319 457
320 458
321 459
322 460
323 461
324 462
325 463
326 464
591 155
590 154
589 153
588 152
588 150
591 148
588 146
588 144
591 142
588 140
588 138
540 190
539 191
538 192
537 193
536 194
534 190
532 194
578 191
577 190
576 189
575 188
574 187
574 185
574 183
104 361
103 362
102 363
101 364
100 365
99 366
98 367
97 368
95 361
93 361
91 361
89 361
87 361
85 361
83 361
81 361
79 361
77 361
75 361
73 368
71 361
375 8
374 9
373 10
372 11
371 12
370 13
369 14
368 15
367 16
366 17
365 18
364 19
364 21
364 23
375 25
364 27
473 33
472 34
471 35
470 36
469 37
468 38
467 39
466 40
465 41
464 42
463 43
462 44
461 45
460 46
459 47
458 48
457 49
456 50
455 51
454 52
453 53
452 54
451 55
450 56
449 57
448 58
447 59
446 60
445 61
444 62
443 63
442 64
441 65
440 66
439 67
438 68
437 69
436 70
435 71
434 72
433 73
432 74
431 75
430 76
429 77
428 78
427 79
426 80
425 81
424 82
423 83
422 84
421 85
420 86
419 87
418 88
417 89
416 90
415 91
414 92
413 93
412 94
411 95
410 96
409 97
408 98
407 99
406 100
405 101
404 102
403 103
402 104
401 105
400 106
399 107
398 108
397 109
396 110
395 111
394 112
393 113
392 114
391 115
390 116
389 117
388 118
387 119
386 120
385 121
384 122
383 123
382 124
381 125
380 126
379 127
378 128
377 129
376 130
375 131
374 132
373 133
372 134
371 135
370 136
369 137
368 138
367 139
366 140
365 141
364 142
363 143
362 144
360 33
358 33
356 144
354 144
352 33
350 144
348 33
346 33
344 144
342 33
340 33
338 33
336 144
334 33
332 144
330 33
328 144
326 33
324 33
322 144
320 33
318 33
316 144
314 144
312 33
310 144
308 33
306 144
304 33
302 33
300 144
298 144
296 33
294 33
292 144
290 144
288 33
286 144
284 33
282 144
280 144
278 33
276 144
274 144
272 33
270 144
268 144
266 144
264 33
262 144
260 33
258 144
256 33
254 144
252 144
250 144
248 33
246 144
244 144
242 144
240 144
238 33
236 33
234 144
232 144
230 144
228 33
226 33
224 33
222 33
220 144
218 33
216 144
214 144
212 144
210 144
208 33
206 144
204 144
202 33
200 144
198 144
196 33
194 33
192 33
190 144
188 33
186 144
184 144
182 33
180 33
178 144
176 144
174 33
172 33
170 144
168 144
166 33
353 164
352 163
351 162
350 161
348 161
346 164
344 161
342 161
340 161
204 363
205 364
206 365
207 366
208 367
208 369
208 371
208 373
208 375
204 377
208 379
204 381
208 383
208 385
208 387
14 574
15 573
16 572
17 571
18 570
19 569
20 568
21 567
22 566
23 565
24 564
25 563
26 562
27 561
28 560
29 559
30 558
31 557
32 556
33 555
34 554
35 553
36 552
37 551
14 549
14 547
37 545
37 543
14 541
583 400
582 399
581 398
580 397
579 396
578 395
577 394
576 393
575 392
574 391
573 390
572 389
571 388
570 387
569 386
568 385
567 384
566 383
565 382
564 381
563 380
562 379
561 378
560 377
559 376
558 375
557 374
556 373
555 372
554 371
553 370
552 369
551 368
550 367
549 366
548 365
547 364
546 363
545 362
544 361
543 360
542 359
541 358
540 357
539 356
538 355
537 354
536 353
535 352
534 351
533 350
532 349
531 348
530 347
529 346
528 345
527 344
526 343
525 342
524 341
523 340
522 339
521 338
520 337
519 336
518 335
517 334
516 333
515 332
514 331
513 330
512 329
511 328
510 327
509 326
508 325
507 324
506 323
505 322
504 321
503 320
502 319
501 318
500 317
499 316
498 315
497 314
496 313
495 312
494 311
493 310
492 309
491 308
490 307
489 306
488 305
487 304
486 303
485 302
484 301
483 300
482 299
481 298
480 297
479 296
478 295
477 294
476 293
475 292
474 291
473 290
472 289
471 288
470 287
469 286
468 285
467 284
466 283
465 282
464 281
463 280
462 279
461 278
460 277
459 276
458 275
457 274
456 273
455 272
454 271
453 270
452 269
451 268
450 267
449 266
448 265
447 264
446 263
445 262
444 261
443 260
442 259
440 400
438 259
436 400
434 259
432 259
430 400
428 400
426 259
424 259
422 400
420 259
418 259
416 259
414 259
412 400
410 400
25 336
26 335
27 334
28 333
29 332
30 331
31 330
32 329
33 328
34 327
35 326
36 325
37 324
38 323
39 322
40 321
41 320
42 319
43 318
44 317
45 316
46 315
47 314
48 313
49 312
50 311
51 310
52 309
53 308
54 307
55 306
56 305
57 304
58 303
59 302
60 301
61 300
62 299
63 298
64 297
65 296
66 295
67 294
68 293
69 292
70 291
71 290
72 289
73 288
74 287
75 286
76 285
77 284
78 283
79 282
80 281
81 280
82 279
83 278
84 277
85 276
86 275
87 274
88 273
89 272
90 271
91 270
92 269
93 268
94 267
95 266
96 265
97 264
98 263
99 262
100 261
101 260
102 259
103 258
104 257
105 256
106 255
107 254
108 253
109 252
110 251
111 250
112 249
113 248
114 247
115 246
116 245
117 244
118 243
119 242
120 241
121 240
122 239
123 238
124 237
125 236
126 235
127 234
128 233
129 232
130 231
131 230
132 229
133 228
134 227
135 226
136 225
137 224
138 223
139 222
140 221
141 220
142 219
143 218
143 216
25 214
143 212
143 210
143 208
143 206
25 204
25 202
143 200
143 198
25 196
143 194
25 192
25 190
143 188
143 186
25 184
143 182
25 180
25 178
143 176
25 174
25 172
25 170
143 168
143 166
143 164
25 162
143 160
143 158
143 156
25 154
25 152
143 150
143 148
143 146
143 144
143 142
25 140
25 138
25 136
25 134
143 132
25 130
143 128
143 126
143 124
143 122
25 120
25 118
143 116
25 114
25 112
25 110
25 108
25 106
143 104
143 102
143 100
143 98
143 96
25 94
25 92
25 90
25 88
143 86
25 84
143 82
143 80
143 78
143 76
143 74
143 72
143 70
143 68
143 66
143 64
143 62
143 60
143 58
143 56
25 54
143 52
143 50
143 48
143 46
143 44
25 42
143 40
143 38
25 36
143 34
25 32
25 30
480 533
479 534
478 535
477 536
476 537
475 538
474 539
473 540
471 533
469 533
467 533
465 533
463 540
461 540
459 533
457 540
455 540
453 540
451 533
449 533
447 540
445 540
443 533
441 533
439 540
437 533
435 540
433 540
431 533
429 540
427 540
425 540
423 540
421 533
419 540
417 540
415 533
413 540
411 540
568 232
569 231
570 230
568 228
568 226
391 166
390 165
389 164
388 163
386 166
384 166
197 157
198 158
199 159
200 160
201 161
202 162
203 163
205 163
207 157
209 157
211 163
213 163
215 157
217 163
219 163
221 163
223 163
225 163
227 163
425 10
424 11
423 12
422 13
421 14
420 15
419 16
418 17
417 18
416 19
415 20
414 21
413 22
412 23
411 24
410 25
409 26
408 27
406 10
404 27
402 10
400 10
529 224
530 225
531 226
532 227
533 228
534 229
534 231
371 162
370 163
369 164
367 164
583 443
513 565
463 212
373 539
166 202
561 187
413 170
409 347
327 455
179 25
228 14
192 388
582 15
571 172
69 15
560 213
374 28
34 540
164 334
579 551
531 191
455 8
70 384
399 548
182 166
266 155
14 16
536 177
188 339
166 159
531 232
590 56
288 159
574 80
383 164
573 136
588 74
586 239
488 535
573 98
590 40
528 208
573 111
582 46
570 50
503 554
249 156
