1582
100 97
100 58
96 56
95 22
94 94
94 1
93 93
93 75
92 95
92 74
92 25
91 94
91 60
91 55
91 26
90 92
90 59
90 53
90 17
90 7
89 100
89 93
89 52
89 22
89 8
88 91
88 28
88 23
87 40
87 27
87 22
87 8
86 9
86 7
86 5
85 94
84 93
84 91
84 25
84 12
83 19
81 93
81 82
81 71
80 87
80 75
80 73
80 72
80 48
79 83
79 81
79 76
79 74
79 49
79 15
78 88
78 86
78 84
78 73
77 79
77 71
77 64
76 85
76 80
76 72
76 70
76 66
76 63
75 71
75 64
74 70
74 63
74 52
74 20
73 86
73 69
73 51
72 85
72 83
72 38
71 82
71 41
70 89
70 45
69 82
68 83
68 47
67 67
66 70
66 68
66 65
65 69
64 90
64 88
63 79
63 16
63 8
62 75
61 87
60 90
60 79
60 71
59 72
59 38
59 36
59 14
58 90
58 78
58 71
57 57
57 38
56 91
56 69
56 30
55 90
55 70
54 91
53 74
53 36
52 75
51 4
48 36
48 24
47 16
46 71
46 60
46 49
46 30
45 53
45 33
45 28
44 51
43 56
42 77
42 60
42 57
42 51
42 38
41 82
41 70
41 61
40 83
40 68
40 66
40 64
40 61
40 58
40 53
39 82
39 69
39 65
39 63
39 60
39 57
39 51
38 73
38 61
37 66
36 80
36 58
36 28
35 74
35 67
35 57
33 69
33 67
33 66
33 63
33 61
33 59
33 25
33 11
33 7
32 26
32 18
32 16
31 91
31 17
31 1
30 21
30 15
29 100
29 94
29 25
29 11
28 96
28 64
28 26
28 24
28 12
27 94
27 28
27 7
27 5
26 15
26 8
25 24
25 13
24 95
24 54
24 31
24 23
24 14
24 9
23 20
23 8
22 96
22 11
22 4
21 97
21 95
21 12
21 5
20 27
19 75
19 14
19 12
18 19
17 86
15 79
15 77
14 29
14 23
14 19
14 14
14 12
13 22
13 20
13 17
13 15
13 13
12 53
12 51
12 21
12 16
11 93
11 67
11 58
11 56
11 52
11 22
10 96
10 94
10 84
10 68
10 57
10 15
9 97
9 95
9 93
9 88
9 85
9 69
9 34
8 96
8 87
8 83
8 54
8 49
8 14
7 86
7 82
7 76
7 63
7 47
7 32
7 25
7 12
6 92
6 85
6 83
6 80
6 62
6 57
6 48
6 21
6 19
5 86
5 79
5 56
5 51
5 18
5 13
5 3
4 87
4 66
4 62
4 41
4 26
4 5
3 90
3 81
3 60
3 55
3 50
3 27
3 13
3 10
2 91
2 87
2 61
2 26
2 9
1 92
1 90
1 88
1 86
1 69
1 64
1 29
1 25
1 14
1 3
6 50
34 68
57 70
8 33
41 59
41 52
34 62
37 74
20 96
60 88
6 14
70 81
72 80
6 34
35 60
36 64
56 72
58 73
60 74
55 75
53 72
52 71
73 21
80 94
83 94
84 95
86 96
80 97
79 95
78 93
77 97
79 98
87 99
87 94
89 95
69 90
33 19
8 77
9 75
10 74
11 73
12 72
10 70
13 77
7 89
6 90
65 89
66 91
68 91
67 88
68 87
69 86
70 85
72 87
7 52
83 13
82 14
81 15
12 23
10 24
8 24
65 16
7 65
8 66
10 65
11 64
80 92
78 90
24 29
77 81
74 81
62 9
64 10
61 11
60 12
65 13
66 14
67 8
59 70
24 7
22 6
25 5
26 4
23 3
28 3
25 2
29 1
25 28
26 27
24 26
27 25
22 27
75 51
15 28
13 27
13 25
23 13
24 12
25 10
27 11
27 14
29 14
30 12
15 13
17 13
16 15
82 92
82 90
65 66
16 78
17 80
18 77
19 81
20 82
20 78
90 9
88 10
91 11
92 12
87 13
86 14
52 37
54 38
51 39
50 40
49 37
47 41
46 42
45 43
44 44
43 45
42 46
27 65
26 63
25 66
94 21
68 7
67 69
68 68
69 66
70 70
68 71
72 68
73 66
74 65
72 63
88 59
74 68
49 23
47 22
50 21
51 20
52 19
53 23
54 18
55 24
56 25
57 17
58 16
59 26
60 27
61 28
58 30
62 31
7 78
9 79
10 80
12 79
93 24
64 78
62 77
20 4
20 2
18 5
18 3
34 17
89 61
47 48
48 47
37 79
38 81
37 83
39 84
36 85
41 86
35 87
34 88
33 83
32 89
41 89
42 87
43 90
38 91
33 91
44 84
45 83
46 82
47 89
48 90
44 91
49 92
43 78
41 79
39 78
83 17
80 18
64 30
66 28
56 39
58 40
59 41
55 42
54 43
53 44
60 45
52 46
51 47
50 48
62 43
64 45
45 48
41 49
4 49
2 48
1 47
3 46
58 68
50 73
48 72
67 81
65 80
60 35
56 58
58 59
59 60
60 61
61 62
62 63
63 64
64 60
66 63
57 62
56 63
55 59
54 64
60 65
58 66
61 69
53 57
52 56
66 59
67 61
68 58
69 64
71 57
63 58
62 57
61 56
64 55
66 56
68 54
71 53
72 52
73 56
58 54
56 55
59 52
54 53
54 66
63 68
64 71
65 72
66 73
63 74
69 76
66 78
70 78
44 77
44 80
47 80
47 78
1 1
87 92
85 92
55 92
58 92
59 93
60 94
54 95
53 92
52 90
50 93
48 94
44 93
40 92
51 88
51 83
52 87
3 25
2 24
5 23
7 23
91 18
92 16
93 15
94 18
95 19
96 14
97 13
98 20
92 20
99 12
100 21
30 18
29 16
27 18
29 19
31 20
32 21
34 22
34 24
8 56
8 58
8 35
7 37
5 38
4 39
3 40
2 38
1 37
1 43
3 44
2 59
4 58
81 76
82 74
82 72
83 70
84 69
84 73
81 68
85 67
80 66
86 76
87 77
88 67
90 74
91 71
58 76
60 76
47 70
49 70
50 69
44 70
12 92
82 77
83 78
80 79
82 81
86 82
88 83
89 84
85 84
89 80
89 77
90 76
92 82
72 40
73 42
74 39
75 38
76 43
77 37
60 39
61 40
52 61
51 58
52 63
51 54
52 52
22 29
16 27
17 29
19 29
15 30
66 17
91 84
94 85
60 33
58 35
21 25
32 12
32 10
32 14
33 15
35 12
35 10
89 29
87 30
89 31
86 32
85 33
84 34
89 33
85 29
84 27
83 35
72 70
71 39
5 63
3 64
2 84
4 84
79 47
62 94
41 63
42 62
4 36
90 27
89 25
91 28
92 27
93 29
91 30
94 31
95 32
91 32
96 33
97 34
98 31
99 35
100 30
96 29
95 28
94 26
90 35
93 34
95 25
72 22
12 14
11 12
10 11
9 10
8 9
7 8
5 10
3 8
1 7
6 6
6 4
13 7
14 6
9 5
15 10
16 4
7 2
1 5
18 7
17 9
18 10
19 8
21 8
41 67
7 20
8 21
52 66
53 67
51 68
56 67
9 91
10 90
11 91
13 89
23 25
93 96
70 40
18 15
20 16
21 14
17 17
22 18
24 16
3 4
3 2
5 1
78 65
79 63
77 62
75 61
79 56
78 53
80 52
80 50
77 51
40 56
90 85
91 86
82 86
87 87
94 88
89 90
80 85
95 86
96 82
95 80
97 88
92 91
98 89
98 85
99 90
100 91
97 92
96 93
100 95
84 89
82 88
87 90
80 14
78 13
77 12
76 11
75 10
81 9
82 8
83 7
74 6
40 80
5 47
6 46
5 44
7 42
6 40
8 39
9 38
10 37
9 42
85 15
85 17
89 97
90 98
92 97
93 99
94 100
61 80
59 81
58 82
61 83
62 81
63 84
57 84
61 85
58 87
56 89
54 86
55 85
52 82
49 81
49 78
56 77
53 76
51 78
50 77
63 86
65 86
66 85
65 83
33 57
34 56
6 77
91 6
92 8
93 9
94 10
93 4
87 6
88 4
89 3
90 2
91 1
93 2
62 41
63 42
2 82
1 80
28 93
61 34
62 88
62 90
25 19
26 20
27 21
28 22
29 23
31 23
15 18
16 20
15 22
23 22
2 79
8 68
7 69
6 67
6 70
6 72
6 74
5 71
42 69
44 68
32 92
33 93
35 93
75 73
74 74
73 75
77 76
76 78
74 78
71 77
72 72
50 75
49 74
38 94
16 76
14 75
17 74
18 73
19 72
20 71
16 71
21 70
22 69
18 68
23 67
23 65
17 67
15 69
13 66
21 62
20 63
19 66
67 46
66 45
65 44
64 43
22 24
10 21
11 20
12 19
11 17
9 16
6 16
3 17
4 15
1 16
46 77
47 76
47 74
44 73
43 72
42 71
41 75
40 76
38 75
39 71
37 71
36 69
37 77
35 76
34 78
34 80
35 81
5 91
4 92
5 93
6 95
2 94
1 95
70 92
95 2
66 47
68 49
57 36
55 35
18 87
16 88
14 88
13 86
12 85
16 84
20 88
11 83
12 81
90 62
88 63
87 61
88 65
86 65
85 59
84 58
87 57
88 56
90 56
83 55
82 54
81 62
83 64
85 52
75 87
21 89
71 23
70 24
68 24
95 96
22 21
9 53
96 26
73 84
75 84
15 24
17 25
20 24
18 22
2 56
1 55
2 54
4 53
2 51
6 53
6 55
28 10
28 8
30 9
30 5
2 65
1 67
4 68
49 56
49 61
47 59
50 63
50 65
46 57
45 56
46 51
48 66
47 67
46 68
44 54
42 53
44 58
44 60
45 61
92 61
20 61
19 60
16 59
15 58
15 63
13 64
13 60
2 34
3 33
4 32
1 31
3 30
6 31
94 62
95 60
96 59
97 58
92 57
98 62
95 63
99 64
100 65
93 66
91 64
94 36
92 36
91 37
88 36
88 39
89 40
88 41
86 42
90 43
91 44
87 45
86 46
91 39
90 47
93 43
93 41
91 48
92 46
93 49
94 50
95 47
94 45
96 51
97 44
98 43
99 52
92 53
97 55
100 42
95 41
95 38
90 51
89 49
88 48
87 50
84 50
84 45
83 40
86 39
80 45
81 44
72 7
70 6
19 98
18 99
17 100
17 95
19 94
100 75
96 74
94 73
93 72
94 68
96 69
96 24
97 23
36 30
37 31
38 32
39 33
76 45
26 96
25 97
22 98
28 98
26 99
21 100
33 5
34 4
21 75
21 73
22 72
23 71
23 75
24 77
25 78
22 79
26 72
27 79
28 71
29 70
30 74
29 76
31 69
29 78
24 83
21 83
23 84
19 86
25 86
26 84
27 81
28 80
27 67
29 65
89 20
88 18
70 49
70 47
72 46
20 31
14 32
21 33
22 34
23 35
14 36
13 33
11 35
17 38
16 40
14 41
12 40
12 29
10 28
11 27
9 30
7 30
8 27
4 29
6 27
24 36
14 43
13 44
10 45
13 47
9 46
9 48
9 51
11 50
11 48
9 59
10 60
11 62
9 62
7 61
2 77
1 76
1 74
2 73
4 73
5 76
1 72
3 71
32 4
31 3
33 2
35 1
21 91
19 92
16 90
14 92
15 94
15 97
12 95
15 99
21 93
22 94
23 92
23 90
24 91
25 89
26 93
26 88
27 91
29 87
30 86
31 85
13 99
12 98
9 99
7 100
6 97
3 97
54 27
52 28
51 29
45 65
44 64
1 18
1 20
4 20
2 12
1 11
72 89
74 89
58 13
57 12
56 11
55 10
54 9
53 8
59 7
52 6
53 4
55 5
60 3
61 8
62 6
50 8
52 1
40 38
39 39
38 37
38 35
35 7
36 8
36 3
37 1
37 10
38 12
37 14
40 14
41 10
42 9
43 8
39 7
44 7
42 6
40 5
45 3
42 2
44 12
46 1
47 14
48 10
47 9
49 3
68 16
54 31
54 33
87 25
86 24
85 23
85 21
86 20
60 96
61 97
50 98
63 99
64 100
66 100
67 94
69 94
63 93
96 97
77 35
73 34
72 33
71 32
70 31
69 30
68 29
69 27
71 25
73 23
75 21
66 30
64 32
36 41
40 43
36 45
39 47
36 49
81 42
79 40
79 38
79 36
26 31
27 32
28 33
29 30
26 34
29 35
27 38
29 37
30 39
31 40
32 41
33 36
34 42
30 44
31 34
34 33
30 29
31 28
31 46
31 48
34 50
32 52
33 54
37 51
98 98
100 99
48 100
46 96
44 95
44 98
42 97
41 96
37 96
37 98
33 100
32 97
32 95
30 97
62 3
62 1
64 1
65 4
65 6
67 5
67 3
69 5
69 2
34 71
33 72
32 73
32 75
33 76
31 77
32 79
32 81
31 83
78 67
77 68
74 47
76 49
71 43
72 44
73 45
71 1
72 2
73 3
74 4
76 4
78 1
80 1
82 4
83 5
85 4
69 8
69 10
70 16
71 18
73 18
75 18
77 16
32 31
32 29
34 31
34 29
79 34
82 33
82 31
82 29
82 27
79 25
83 24
79 22
82 20
46 17
45 18
44 19
43 20
42 21
41 22
39 16
38 23
37 24
36 25
37 27
43 24
42 25
44 26
41 27
46 25
40 28
44 29
44 31
41 33
44 34
43 36
46 35
47 26
48 27
49 28
49 30
48 31
47 32
47 34
72 91
76 92
72 94
25 53
26 55
27 52
28 56
29 57
30 51
31 58
24 59
23 60
22 55
21 54
20 53
23 52
30 62
19 55
19 57
17 57
16 55
17 53
15 52
14 51
18 51
20 51
21 50
29 48
25 47
24 46
23 45
21 48
21 46
19 46
28 43
21 44
18 42
17 41
18 39
23 37
98 37
62 35
61 77
94 91
22 87
12 38
63 92
98 1
5 59
31 98
53 34
84 9
41 55
43 64
1 28
86 100
49 13
82 46
4 83
87 51
3 69
53 69
50 2
5 28
24 67
80 84
5 11
2 62
92 92
78 72
34 65
38 67
88 99
75 67
14 57
95 55
55 37
43 81
46 62
92 67
61 73
11 86
14 80
91 22
32 24
64 67
21 19
77 20
79 17
77 49
13 55
39 62
74 44
89 24
82 51
10 81
76 82
76 46
78 69
73 72
92 56
39 27
